num_runs: 10
dataset_name: PubMed
epochs: 50
hidden_channels: 128
lr: 0.01
lr_quant: 0.001
weight_decay: 0.0002
device: cuda
log_dir: experimental_logs
num_bits_list: [2, 4, 8]
bit_width_lambda: -1e-08
====================================================================================================
[1/10]: Relaxed Model, Accuracy: 64.30%
Expected bit operations: 40533467818.66667
====================================================================================================
Winning Bit Width: [8, 8, 8, 4, 8, 8, 8, 8, 8, 8, 8, 8, 2, 4, 8, 8, 8, 8, 8, 4, 8, 8, 2, 8]
[1/10]: Full precision Accuracy: 78.10%
[1/10]: Quantized Accuracy: 78.60%
[2/10]: Relaxed Model, Accuracy: 77.00%
Expected bit operations: 43294903808.0
====================================================================================================
Winning Bit Width: [8, 8, 8, 8, 8, 8, 8, 8, 8, 8, 8, 8, 8, 8, 8, 8, 8, 8, 8, 8, 8, 8, 8, 8]
[2/10]: Full precision Accuracy: 77.90%
[2/10]: Quantized Accuracy: 78.50%
[3/10]: Relaxed Model, Accuracy: 67.10%
Expected bit operations: 41597243818.66667
====================================================================================================
Winning Bit Width: [8, 8, 8, 8, 8, 4, 8, 8, 8, 8, 8, 8, 2, 8, 8, 8, 8, 8, 8, 4, 8, 8, 2, 8]
[3/10]: Full precision Accuracy: 78.00%
[3/10]: Quantized Accuracy: 78.40%
[4/10]: Relaxed Model, Accuracy: 70.50%
Expected bit operations: 43007434496.0
====================================================================================================
Winning Bit Width: [8, 8, 8, 8, 8, 8, 8, 8, 8, 8, 8, 8, 2, 8, 8, 8, 8, 8, 8, 4, 8, 8, 2, 4]
[4/10]: Full precision Accuracy: 78.60%
[4/10]: Quantized Accuracy: 73.90%
[5/10]: Relaxed Model, Accuracy: 76.20%
Expected bit operations: 41612386474.666664
====================================================================================================
Winning Bit Width: [8, 8, 8, 8, 8, 8, 8, 8, 8, 8, 8, 4, 8, 8, 8, 8, 8, 8, 8, 8, 8, 8, 8, 8]
[5/10]: Full precision Accuracy: 78.10%
[5/10]: Quantized Accuracy: 79.00%
[6/10]: Relaxed Model, Accuracy: 70.00%
Expected bit operations: 41597243818.66667
====================================================================================================
Winning Bit Width: [8, 8, 8, 8, 8, 4, 8, 8, 8, 8, 8, 8, 2, 8, 8, 8, 8, 8, 8, 4, 8, 8, 8, 8]
[6/10]: Full precision Accuracy: 77.70%
[6/10]: Quantized Accuracy: 78.70%
[7/10]: Relaxed Model, Accuracy: 74.40%
Expected bit operations: 40548610474.66667
====================================================================================================
Winning Bit Width: [8, 8, 8, 4, 8, 8, 8, 8, 8, 8, 8, 8, 2, 4, 8, 8, 8, 8, 8, 8, 8, 8, 2, 8]
[7/10]: Full precision Accuracy: 77.80%
[7/10]: Quantized Accuracy: 79.20%
[8/10]: Relaxed Model, Accuracy: 66.50%
Expected bit operations: 38866093141.33333
====================================================================================================
Winning Bit Width: [8, 8, 8, 4, 8, 4, 8, 8, 8, 8, 8, 8, 2, 4, 8, 8, 8, 8, 8, 8, 8, 8, 2, 8]
[8/10]: Full precision Accuracy: 78.40%
[8/10]: Quantized Accuracy: 77.90%
[9/10]: Relaxed Model, Accuracy: 73.50%
Expected bit operations: 39929869141.333336
====================================================================================================
Winning Bit Width: [8, 8, 8, 4, 8, 8, 8, 8, 4, 8, 8, 8, 2, 8, 8, 8, 8, 8, 8, 8, 8, 8, 2, 8]
[9/10]: Full precision Accuracy: 78.30%
[9/10]: Quantized Accuracy: 79.10%
[10/10]: Relaxed Model, Accuracy: 78.10%
Expected bit operations: 43294903808.0
====================================================================================================
Winning Bit Width: [8, 8, 8, 8, 8, 8, 8, 8, 8, 8, 8, 8, 2, 8, 8, 8, 8, 8, 8, 8, 8, 8, 2, 8]
[10/10]: Full precision Accuracy: 78.70%
[10/10]: Quantized Accuracy: 78.20%
================================================================================
Full precision BOPs: 130919607360.00
Full precision accuracy: 78.16 ± 0.32
Average wining bit configuration: [[8, 8, 8, 8, 8, 8, 8, 8, 8, 8, 8, 8, 2, None, 8], [None], [None, 8, 8, None, 8, 8, None, 8, 8, None, 8, 8, 2, None, 8]]
Standard deviation of wining bit configuration: [[0.0, 0.0, 0.0, 2.066, 0.0, 1.932, 0.0, 0.0, 1.265, 0.0, 0.0, 1.265, 2.53, 0, 1.932], [0], [0, 0.0, 0.0, 0, 0.0, 0.0, 0, 0.0, 2.066, 0, 0.0, 0.0, 2.898, 0, 1.265]]
Bit width: 7.34 ± 0.33
Quantized BOPs: 41428215680.00 ± 1412013966.43
Quantized accuracy: 78.15 ± 1.47
