num_runs: 10
dataset_name: PubMed
epochs: 50
hidden_channels: 128
lr: 0.01
lr_quant: 0.001
weight_decay: 0.0002
device: cuda
log_dir: experimental_logs
num_bits_list: [2, 4, 8]
bit_width_lambda: 1.0
====================================================================================================
[1/10]: Relaxed Model, Accuracy: 70.30%
Expected bit operations: 14302330538.666668
====================================================================================================
Winning Bit Width: [2, 8, 4, 2, 2, 2, 2, 2, 2, 2, 2, 2, 2, 2, 8, 8, 8, 2, 8, 2, 8, 2, 2, 2]
[1/10]: Full precision Accuracy: 78.50%
[1/10]: Quantized Accuracy: 72.60%
[2/10]: Relaxed Model, Accuracy: 70.00%
Expected bit operations: 15992419200.0
====================================================================================================
Winning Bit Width: [2, 8, 4, 2, 4, 2, 2, 4, 2, 2, 2, 2, 8, 2, 8, 8, 8, 4, 8, 2, 8, 2, 2, 2]
[2/10]: Full precision Accuracy: 77.80%
[2/10]: Quantized Accuracy: 73.20%
[3/10]: Relaxed Model, Accuracy: 67.80%
Expected bit operations: 15143589205.333334
====================================================================================================
Winning Bit Width: [2, 8, 4, 2, 4, 2, 2, 2, 2, 2, 2, 2, 2, 2, 8, 8, 8, 2, 8, 2, 8, 2, 2, 2]
[3/10]: Full precision Accuracy: 77.90%
[3/10]: Quantized Accuracy: 71.20%
[4/10]: Relaxed Model, Accuracy: 71.50%
Expected bit operations: 15143589205.333334
====================================================================================================
Winning Bit Width: [2, 8, 4, 2, 4, 2, 2, 2, 2, 2, 2, 2, 2, 2, 8, 4, 8, 4, 8, 4, 8, 2, 8, 2]
[4/10]: Full precision Accuracy: 77.70%
[4/10]: Quantized Accuracy: 72.60%
[5/10]: Relaxed Model, Accuracy: 71.60%
Expected bit operations: 16833677866.666666
====================================================================================================
Winning Bit Width: [2, 8, 4, 2, 4, 2, 2, 4, 2, 2, 4, 2, 8, 2, 8, 8, 8, 4, 8, 2, 8, 2, 2, 2]
[5/10]: Full precision Accuracy: 78.10%
[5/10]: Quantized Accuracy: 72.90%
[6/10]: Relaxed Model, Accuracy: 68.50%
Expected bit operations: 15143589205.333334
====================================================================================================
Winning Bit Width: [2, 8, 4, 2, 4, 2, 2, 2, 2, 2, 2, 2, 2, 2, 8, 8, 8, 2, 8, 2, 8, 2, 2, 2]
[6/10]: Full precision Accuracy: 78.00%
[6/10]: Quantized Accuracy: 71.70%
[7/10]: Relaxed Model, Accuracy: 66.80%
Expected bit operations: 15128446549.333332
====================================================================================================
Winning Bit Width: [4, 8, 4, 2, 2, 2, 2, 2, 2, 2, 2, 2, 2, 2, 8, 4, 8, 2, 8, 2, 8, 2, 2, 2]
[7/10]: Full precision Accuracy: 77.90%
[7/10]: Quantized Accuracy: 75.90%
[8/10]: Relaxed Model, Accuracy: 72.80%
Expected bit operations: 15143589205.333334
====================================================================================================
Winning Bit Width: [2, 8, 4, 2, 4, 2, 2, 2, 2, 2, 2, 2, 2, 2, 8, 4, 8, 4, 8, 4, 8, 2, 8, 2]
[8/10]: Full precision Accuracy: 77.70%
[8/10]: Quantized Accuracy: 72.90%
[9/10]: Relaxed Model, Accuracy: 71.50%
Expected bit operations: 15977276544.0
====================================================================================================
Winning Bit Width: [2, 8, 4, 2, 4, 2, 2, 4, 2, 2, 2, 2, 8, 2, 8, 4, 8, 4, 8, 2, 8, 2, 2, 2]
[9/10]: Full precision Accuracy: 77.80%
[9/10]: Quantized Accuracy: 73.60%
[10/10]: Relaxed Model, Accuracy: 73.50%
Expected bit operations: 16848820522.666666
====================================================================================================
Winning Bit Width: [2, 8, 4, 2, 4, 2, 2, 4, 2, 2, 4, 2, 8, 2, 8, 8, 8, 4, 8, 4, 8, 4, 8, 2]
[10/10]: Full precision Accuracy: 78.00%
[10/10]: Quantized Accuracy: 74.00%
================================================================================
Full precision BOPs: 130919607360.00
Full precision accuracy: 77.94 ± 0.22
Average wining bit configuration: [[2, 8, 4, 2, 4, 2, 2, 2, 2, 2, 2, 2, 2, None, 2], [None], [None, 8, 8, None, 8, 4, None, 8, 2, None, 8, 2, 2, None, 2]]
Standard deviation of wining bit configuration: [[0.632, 0.0, 0.0, 0.0, 0.843, 0.0, 0.0, 1.033, 0.0, 0.0, 0.843, 0.0, 3.098, 0, 0.0], [0], [0, 0.0, 2.066, 0, 0.0, 1.033, 0, 0.0, 0.966, 0, 0.0, 0.632, 2.898, 0, 0.0]]
Bit width: 3.90 ± 0.31
Quantized BOPs: 15565732804.27 ± 781386826.76
Quantized accuracy: 73.06 ± 1.23
