num_runs: 10
dataset_name: PubMed
epochs: 50
hidden_channels: 128
lr: 0.01
lr_quant: 0.001
weight_decay: 0.0002
device: cuda
log_dir: ablation_study
num_bits_list: [2, 4, 8]
bit_width_lambda: 0.07
====================================================================================================
[1/10]: Relaxed Model, Accuracy: 72.70%
Expected bit operations: 6885670613.333333
====================================================================================================
Winning Bit Width: [4, 8, 4, 2, 4, 8, 8, 4, 8]
[1/10]: Full precision Accuracy: 78.50%
[1/10]: Quantized Accuracy: 77.60%
[2/10]: Relaxed Model, Accuracy: 73.40%
Expected bit operations: 6885670613.333333
====================================================================================================
Winning Bit Width: [4, 8, 4, 2, 4, 8, 8, 2, 8]
[2/10]: Full precision Accuracy: 78.80%
[2/10]: Quantized Accuracy: 76.90%
[3/10]: Relaxed Model, Accuracy: 75.40%
Expected bit operations: 6885670613.333333
====================================================================================================
Winning Bit Width: [4, 8, 4, 2, 4, 8, 8, 2, 8]
[3/10]: Full precision Accuracy: 77.90%
[3/10]: Quantized Accuracy: 77.00%
[4/10]: Relaxed Model, Accuracy: 75.10%
Expected bit operations: 6885670613.333333
====================================================================================================
Winning Bit Width: [4, 8, 4, 2, 4, 8, 8, 2, 8]
[4/10]: Full precision Accuracy: 77.20%
[4/10]: Quantized Accuracy: 76.90%
[5/10]: Relaxed Model, Accuracy: 75.10%
Expected bit operations: 6885670613.333333
====================================================================================================
Winning Bit Width: [4, 8, 4, 2, 4, 8, 8, 4, 8]
[5/10]: Full precision Accuracy: 78.20%
[5/10]: Quantized Accuracy: 77.60%
[6/10]: Relaxed Model, Accuracy: 73.60%
Expected bit operations: 6885670613.333333
====================================================================================================
Winning Bit Width: [4, 8, 4, 2, 4, 8, 8, 2, 8]
[6/10]: Full precision Accuracy: 78.40%
[6/10]: Quantized Accuracy: 77.70%
[7/10]: Relaxed Model, Accuracy: 74.40%
Expected bit operations: 6885670613.333333
====================================================================================================
Winning Bit Width: [4, 8, 4, 2, 4, 8, 8, 2, 8]
[7/10]: Full precision Accuracy: 77.70%
[7/10]: Quantized Accuracy: 77.00%
[8/10]: Relaxed Model, Accuracy: 75.30%
Expected bit operations: 6885670613.333333
====================================================================================================
Winning Bit Width: [4, 8, 4, 2, 4, 8, 8, 2, 8]
[8/10]: Full precision Accuracy: 78.70%
[8/10]: Quantized Accuracy: 77.10%
[9/10]: Relaxed Model, Accuracy: 75.20%
Expected bit operations: 6885670613.333333
====================================================================================================
Winning Bit Width: [4, 8, 4, 2, 4, 8, 8, 2, 8]
[9/10]: Full precision Accuracy: 78.30%
[9/10]: Quantized Accuracy: 76.90%
[10/10]: Relaxed Model, Accuracy: 75.20%
Expected bit operations: 6885670613.333333
====================================================================================================
Winning Bit Width: [4, 8, 4, 2, 4, 8, 8, 4, 8]
[10/10]: Full precision Accuracy: 78.50%
[10/10]: Quantized Accuracy: 77.80%
================================================================================
Full precision BOPs: 41699687680.00
Full precision accuracy: 78.22 ± 0.47
Average wining bit configuration: [[4, 8, 4, 2, None, 4], [None], [None, 8, 8, 2, None, 8]]
Standard deviation of wining bit configuration: [[0.0, 0.0, 0.0, 0.0, 0, 0.0], [0], [0, 0.0, 0.0, 0.966, 0, 0.0]]
Bit width: 5.40 ± 0.10
Quantized BOPs: 6885670613.33 ± 0.00
Quantized accuracy: 77.25 ± 0.36
