num_runs: 10
dataset_name: PubMed
epochs: 50
hidden_channels: 128
lr: 0.01
lr_quant: 0.001
weight_decay: 0.0002
device: cuda
log_dir: ablation_study
num_bits_list: [2, 4, 8]
bit_width_lambda: -0.1
====================================================================================================
[1/10]: Relaxed Model, Accuracy: 75.20%
Expected bit operations: 10341480832.0
====================================================================================================
Winning Bit Width: [8, 8, 8, 8, 8, 8, 8, 8, 8]
[1/10]: Full precision Accuracy: 76.90%
[1/10]: Quantized Accuracy: 78.20%
[2/10]: Relaxed Model, Accuracy: 75.80%
Expected bit operations: 10341480832.0
====================================================================================================
Winning Bit Width: [8, 8, 8, 8, 8, 8, 8, 8, 8]
[2/10]: Full precision Accuracy: 78.50%
[2/10]: Quantized Accuracy: 77.60%
[3/10]: Relaxed Model, Accuracy: 75.60%
Expected bit operations: 10341480832.0
====================================================================================================
Winning Bit Width: [8, 8, 8, 8, 8, 8, 8, 8, 8]
[3/10]: Full precision Accuracy: 78.50%
[3/10]: Quantized Accuracy: 78.70%
[4/10]: Relaxed Model, Accuracy: 74.70%
Expected bit operations: 10341480832.0
====================================================================================================
Winning Bit Width: [8, 8, 8, 8, 8, 8, 8, 8, 8]
[4/10]: Full precision Accuracy: 78.50%
[4/10]: Quantized Accuracy: 78.90%
[5/10]: Relaxed Model, Accuracy: 76.10%
Expected bit operations: 10341480832.0
====================================================================================================
Winning Bit Width: [8, 8, 8, 8, 8, 8, 8, 8, 8]
[5/10]: Full precision Accuracy: 78.50%
[5/10]: Quantized Accuracy: 78.60%
[6/10]: Relaxed Model, Accuracy: 75.60%
Expected bit operations: 10341480832.0
====================================================================================================
Winning Bit Width: [8, 8, 8, 8, 8, 8, 8, 8, 8]
[6/10]: Full precision Accuracy: 77.30%
[6/10]: Quantized Accuracy: 78.40%
[7/10]: Relaxed Model, Accuracy: 75.60%
Expected bit operations: 10341480832.0
====================================================================================================
Winning Bit Width: [8, 8, 8, 2, 8, 8, 8, 8, 8]
[7/10]: Full precision Accuracy: 77.70%
[7/10]: Quantized Accuracy: 78.40%
[8/10]: Relaxed Model, Accuracy: 74.90%
Expected bit operations: 10341480832.0
====================================================================================================
Winning Bit Width: [8, 8, 8, 8, 8, 8, 8, 8, 8]
[8/10]: Full precision Accuracy: 77.30%
[8/10]: Quantized Accuracy: 78.80%
[9/10]: Relaxed Model, Accuracy: 74.80%
Expected bit operations: 10341480832.0
====================================================================================================
Winning Bit Width: [8, 8, 8, 8, 8, 8, 8, 8, 8]
[9/10]: Full precision Accuracy: 77.20%
[9/10]: Quantized Accuracy: 78.60%
[10/10]: Relaxed Model, Accuracy: 78.20%
Expected bit operations: 10341480832.0
====================================================================================================
Winning Bit Width: [8, 8, 8, 8, 8, 8, 8, 8, 8]
[10/10]: Full precision Accuracy: 77.20%
[10/10]: Quantized Accuracy: 77.50%
================================================================================
Full precision BOPs: 41699687680.00
Full precision accuracy: 77.76 ± 0.63
Average wining bit configuration: [[8, 8, 8, 8, None, 8], [None], [None, 8, 8, 8, None, 8]]
Standard deviation of wining bit configuration: [[0.0, 0.0, 0.0, 1.897, 0, 0.0], [0], [0, 0.0, 0.0, 0.0, 0, 0.0]]
Bit width: 7.93 ± 0.20
Quantized BOPs: 10341480832.00 ± 0.00
Quantized accuracy: 78.37 ± 0.45
