num_runs: 10
dataset_name: PubMed
epochs: 50
hidden_channels: 128
lr: 0.01
lr_quant: 0.001
weight_decay: 0.0002
device: cuda
log_dir: ablation_study
num_bits_list: [2, 4, 8]
bit_width_lambda: 0.005
====================================================================================================
[1/10]: Relaxed Model, Accuracy: 75.70%
Expected bit operations: 10341480832.0
====================================================================================================
Winning Bit Width: [8, 8, 8, 2, 8, 8, 8, 8, 8]
[1/10]: Full precision Accuracy: 77.40%
[1/10]: Quantized Accuracy: 78.70%
[2/10]: Relaxed Model, Accuracy: 75.60%
Expected bit operations: 10341480832.0
====================================================================================================
Winning Bit Width: [8, 8, 8, 2, 8, 8, 8, 4, 8]
[2/10]: Full precision Accuracy: 77.70%
[2/10]: Quantized Accuracy: 78.70%
[3/10]: Relaxed Model, Accuracy: 75.20%
Expected bit operations: 10341480832.0
====================================================================================================
Winning Bit Width: [8, 8, 8, 2, 8, 8, 8, 4, 8]
[3/10]: Full precision Accuracy: 77.20%
[3/10]: Quantized Accuracy: 77.80%
[4/10]: Relaxed Model, Accuracy: 76.20%
Expected bit operations: 10341480832.0
====================================================================================================
Winning Bit Width: [8, 8, 8, 4, 8, 8, 8, 2, 8]
[4/10]: Full precision Accuracy: 77.70%
[4/10]: Quantized Accuracy: 78.70%
[5/10]: Relaxed Model, Accuracy: 76.50%
Expected bit operations: 10341480832.0
====================================================================================================
Winning Bit Width: [8, 8, 8, 2, 8, 8, 8, 2, 8]
[5/10]: Full precision Accuracy: 77.40%
[5/10]: Quantized Accuracy: 75.80%
[6/10]: Relaxed Model, Accuracy: 75.10%
Expected bit operations: 10341480832.0
====================================================================================================
Winning Bit Width: [8, 8, 8, 2, 8, 8, 8, 8, 8]
[6/10]: Full precision Accuracy: 78.20%
[6/10]: Quantized Accuracy: 78.50%
[7/10]: Relaxed Model, Accuracy: 77.60%
Expected bit operations: 10341480832.0
====================================================================================================
Winning Bit Width: [8, 8, 8, 4, 8, 8, 8, 2, 8]
[7/10]: Full precision Accuracy: 77.10%
[7/10]: Quantized Accuracy: 78.50%
[8/10]: Relaxed Model, Accuracy: 77.10%
Expected bit operations: 10341480832.0
====================================================================================================
Winning Bit Width: [8, 8, 8, 4, 8, 8, 8, 8, 8]
[8/10]: Full precision Accuracy: 77.80%
[8/10]: Quantized Accuracy: 77.80%
[9/10]: Relaxed Model, Accuracy: 75.50%
Expected bit operations: 10341480832.0
====================================================================================================
Winning Bit Width: [8, 8, 8, 4, 8, 8, 8, 2, 8]
[9/10]: Full precision Accuracy: 78.60%
[9/10]: Quantized Accuracy: 78.50%
[10/10]: Relaxed Model, Accuracy: 72.40%
Expected bit operations: 10341480832.0
====================================================================================================
Winning Bit Width: [8, 8, 8, 2, 8, 8, 8, 2, 8]
[10/10]: Full precision Accuracy: 78.50%
[10/10]: Quantized Accuracy: 78.30%
================================================================================
Full precision BOPs: 41699687680.00
Full precision accuracy: 77.76 ± 0.50
Average wining bit configuration: [[8, 8, 8, 2, None, 8], [None], [None, 8, 8, 4, None, 8]]
Standard deviation of wining bit configuration: [[0.0, 0.0, 0.0, 1.033, 0, 0.0], [0], [0, 0.0, 0.0, 2.741, 0, 0.0]]
Bit width: 7.00 ± 0.29
Quantized BOPs: 10341480832.00 ± 0.00
Quantized accuracy: 78.13 ± 0.84
