num_runs: 10
dataset_name: PubMed
epochs: 50
hidden_channels: 128
lr: 0.01
lr_quant: 0.001
weight_decay: 0.0002
device: cuda
log_dir: ablation_study
num_bits_list: [2, 4, 8]
bit_width_lambda: 0.0
====================================================================================================
[1/10]: Relaxed Model, Accuracy: 77.10%
Expected bit operations: 10341480832.0
====================================================================================================
Winning Bit Width: [8, 8, 8, 4, 8, 8, 8, 8, 8]
[1/10]: Full precision Accuracy: 78.40%
[1/10]: Quantized Accuracy: 78.30%
[2/10]: Relaxed Model, Accuracy: 76.00%
Expected bit operations: 10341480832.0
====================================================================================================
Winning Bit Width: [8, 8, 8, 2, 8, 8, 8, 4, 8]
[2/10]: Full precision Accuracy: 78.00%
[2/10]: Quantized Accuracy: 79.20%
[3/10]: Relaxed Model, Accuracy: 76.20%
Expected bit operations: 10341480832.0
====================================================================================================
Winning Bit Width: [8, 8, 8, 8, 8, 8, 8, 8, 8]
[3/10]: Full precision Accuracy: 78.40%
[3/10]: Quantized Accuracy: 78.30%
[4/10]: Relaxed Model, Accuracy: 76.10%
Expected bit operations: 10341480832.0
====================================================================================================
Winning Bit Width: [8, 8, 8, 8, 8, 8, 8, 4, 8]
[4/10]: Full precision Accuracy: 78.70%
[4/10]: Quantized Accuracy: 78.40%
[5/10]: Relaxed Model, Accuracy: 72.10%
Expected bit operations: 10341480832.0
====================================================================================================
Winning Bit Width: [8, 8, 8, 2, 8, 8, 8, 2, 8]
[5/10]: Full precision Accuracy: 78.40%
[5/10]: Quantized Accuracy: 78.30%
[6/10]: Relaxed Model, Accuracy: 76.10%
Expected bit operations: 10341480832.0
====================================================================================================
Winning Bit Width: [8, 8, 8, 2, 8, 8, 8, 8, 8]
[6/10]: Full precision Accuracy: 78.60%
[6/10]: Quantized Accuracy: 79.00%
[7/10]: Relaxed Model, Accuracy: 76.40%
Expected bit operations: 10341480832.0
====================================================================================================
Winning Bit Width: [8, 8, 8, 2, 8, 8, 8, 2, 8]
[7/10]: Full precision Accuracy: 78.30%
[7/10]: Quantized Accuracy: 79.20%
[8/10]: Relaxed Model, Accuracy: 76.00%
Expected bit operations: 10341480832.0
====================================================================================================
Winning Bit Width: [8, 8, 8, 8, 8, 8, 8, 2, 8]
[8/10]: Full precision Accuracy: 78.90%
[8/10]: Quantized Accuracy: 78.20%
[9/10]: Relaxed Model, Accuracy: 76.10%
Expected bit operations: 10341480832.0
====================================================================================================
Winning Bit Width: [8, 8, 8, 8, 8, 8, 8, 8, 8]
[9/10]: Full precision Accuracy: 78.60%
[9/10]: Quantized Accuracy: 78.40%
[10/10]: Relaxed Model, Accuracy: 76.10%
Expected bit operations: 10341480832.0
====================================================================================================
Winning Bit Width: [8, 8, 8, 8, 8, 8, 8, 8, 8]
[10/10]: Full precision Accuracy: 78.80%
[10/10]: Quantized Accuracy: 77.80%
================================================================================
Full precision BOPs: 41699687680.00
Full precision accuracy: 78.51 ± 0.25
Average wining bit configuration: [[8, 8, 8, 8, None, 8], [None], [None, 8, 8, 8, None, 8]]
Standard deviation of wining bit configuration: [[0.0, 0.0, 0.0, 3.011, 0, 0.0], [0], [0, 0.0, 0.0, 2.836, 0, 0.0]]
Bit width: 7.40 ± 0.50
Quantized BOPs: 10341480832.00 ± 0.00
Quantized accuracy: 78.51 ± 0.44
