num_runs: 10
dataset_name: PubMed
epochs: 50
hidden_channels: 128
lr: 0.01
lr_quant: 0.001
weight_decay: 0.0002
device: cuda
log_dir: ablation_study
num_bits_list: [2, 4, 8]
bit_width_lambda: 0.04
====================================================================================================
[1/10]: Relaxed Model, Accuracy: 74.40%
Expected bit operations: 6885670613.333333
====================================================================================================
Winning Bit Width: [4, 8, 4, 2, 4, 8, 8, 2, 8]
[1/10]: Full precision Accuracy: 78.20%
[1/10]: Quantized Accuracy: 76.90%
[2/10]: Relaxed Model, Accuracy: 73.50%
Expected bit operations: 6885670613.333333
====================================================================================================
Winning Bit Width: [4, 8, 4, 2, 4, 8, 8, 2, 8]
[2/10]: Full precision Accuracy: 78.60%
[2/10]: Quantized Accuracy: 76.90%
[3/10]: Relaxed Model, Accuracy: 77.20%
Expected bit operations: 6885670613.333333
====================================================================================================
Winning Bit Width: [4, 8, 4, 2, 4, 8, 8, 8, 8]
[3/10]: Full precision Accuracy: 78.60%
[3/10]: Quantized Accuracy: 78.40%
[4/10]: Relaxed Model, Accuracy: 76.60%
Expected bit operations: 8568187946.666667
====================================================================================================
Winning Bit Width: [8, 8, 4, 2, 4, 8, 8, 8, 8]
[4/10]: Full precision Accuracy: 78.10%
[4/10]: Quantized Accuracy: 77.00%
[5/10]: Relaxed Model, Accuracy: 76.20%
Expected bit operations: 6885670613.333333
====================================================================================================
Winning Bit Width: [4, 8, 4, 2, 4, 8, 8, 2, 8]
[5/10]: Full precision Accuracy: 78.20%
[5/10]: Quantized Accuracy: 76.60%
[6/10]: Relaxed Model, Accuracy: 73.20%
Expected bit operations: 6885670613.333333
====================================================================================================
Winning Bit Width: [4, 8, 4, 2, 4, 8, 8, 2, 8]
[6/10]: Full precision Accuracy: 78.30%
[6/10]: Quantized Accuracy: 76.40%
[7/10]: Relaxed Model, Accuracy: 74.50%
Expected bit operations: 6885670613.333333
====================================================================================================
Winning Bit Width: [4, 8, 4, 2, 4, 8, 8, 2, 8]
[7/10]: Full precision Accuracy: 78.30%
[7/10]: Quantized Accuracy: 76.90%
[8/10]: Relaxed Model, Accuracy: 74.60%
Expected bit operations: 6885670613.333333
====================================================================================================
Winning Bit Width: [4, 8, 4, 2, 4, 8, 8, 2, 8]
[8/10]: Full precision Accuracy: 78.50%
[8/10]: Quantized Accuracy: 76.50%
[9/10]: Relaxed Model, Accuracy: 77.10%
Expected bit operations: 6885670613.333333
====================================================================================================
Winning Bit Width: [4, 8, 4, 8, 4, 8, 8, 2, 8]
[9/10]: Full precision Accuracy: 77.20%
[9/10]: Quantized Accuracy: 78.50%
[10/10]: Relaxed Model, Accuracy: 76.30%
Expected bit operations: 6885670613.333333
====================================================================================================
Winning Bit Width: [4, 8, 4, 2, 4, 8, 8, 2, 8]
[10/10]: Full precision Accuracy: 78.70%
[10/10]: Quantized Accuracy: 76.60%
================================================================================
Full precision BOPs: 41699687680.00
Full precision accuracy: 78.27 ± 0.41
Average wining bit configuration: [[4, 8, 4, 2, None, 4], [None], [None, 8, 8, 2, None, 8]]
Standard deviation of wining bit configuration: [[1.265, 0.0, 0.0, 1.897, 0, 0.0], [0], [0, 0.0, 0.0, 2.53, 0, 0.0]]
Bit width: 5.58 ± 0.39
Quantized BOPs: 7053922346.67 ± 504755200.00
Quantized accuracy: 77.07 ± 0.72
