num_runs: 10
dataset_name: PubMed
epochs: 50
hidden_channels: 128
lr: 0.01
lr_quant: 0.001
weight_decay: 0.0002
device: cuda
log_dir: ablation_study
num_bits_list: [2, 4, 8]
bit_width_lambda: -0.025
====================================================================================================
[1/10]: Relaxed Model, Accuracy: 76.60%
Expected bit operations: 10341480832.0
====================================================================================================
Winning Bit Width: [8, 8, 8, 8, 8, 8, 8, 8, 8]
[1/10]: Full precision Accuracy: 78.70%
[1/10]: Quantized Accuracy: 78.10%
[2/10]: Relaxed Model, Accuracy: 77.20%
Expected bit operations: 10341480832.0
====================================================================================================
Winning Bit Width: [8, 8, 8, 8, 8, 8, 8, 8, 8]
[2/10]: Full precision Accuracy: 78.40%
[2/10]: Quantized Accuracy: 78.80%
[3/10]: Relaxed Model, Accuracy: 76.00%
Expected bit operations: 10341480832.0
====================================================================================================
Winning Bit Width: [8, 8, 8, 8, 8, 8, 8, 2, 8]
[3/10]: Full precision Accuracy: 78.50%
[3/10]: Quantized Accuracy: 78.50%
[4/10]: Relaxed Model, Accuracy: 76.60%
Expected bit operations: 10341480832.0
====================================================================================================
Winning Bit Width: [8, 8, 8, 8, 8, 8, 8, 2, 8]
[4/10]: Full precision Accuracy: 77.60%
[4/10]: Quantized Accuracy: 78.70%
[5/10]: Relaxed Model, Accuracy: 76.30%
Expected bit operations: 10341480832.0
====================================================================================================
Winning Bit Width: [8, 8, 8, 8, 8, 8, 8, 8, 8]
[5/10]: Full precision Accuracy: 78.90%
[5/10]: Quantized Accuracy: 78.60%
[6/10]: Relaxed Model, Accuracy: 75.60%
Expected bit operations: 10341480832.0
====================================================================================================
Winning Bit Width: [8, 8, 8, 8, 8, 8, 8, 8, 8]
[6/10]: Full precision Accuracy: 78.40%
[6/10]: Quantized Accuracy: 78.40%
[7/10]: Relaxed Model, Accuracy: 75.80%
Expected bit operations: 10341480832.0
====================================================================================================
Winning Bit Width: [8, 8, 8, 8, 8, 8, 8, 8, 8]
[7/10]: Full precision Accuracy: 79.10%
[7/10]: Quantized Accuracy: 78.50%
[8/10]: Relaxed Model, Accuracy: 73.60%
Expected bit operations: 10341480832.0
====================================================================================================
Winning Bit Width: [8, 8, 8, 8, 8, 8, 8, 8, 8]
[8/10]: Full precision Accuracy: 77.30%
[8/10]: Quantized Accuracy: 77.90%
[9/10]: Relaxed Model, Accuracy: 73.30%
Expected bit operations: 10341480832.0
====================================================================================================
Winning Bit Width: [8, 8, 8, 2, 8, 8, 8, 8, 8]
[9/10]: Full precision Accuracy: 77.30%
[9/10]: Quantized Accuracy: 78.80%
[10/10]: Relaxed Model, Accuracy: 76.50%
Expected bit operations: 10341480832.0
====================================================================================================
Winning Bit Width: [8, 8, 8, 8, 8, 8, 8, 8, 8]
[10/10]: Full precision Accuracy: 77.40%
[10/10]: Quantized Accuracy: 78.10%
================================================================================
Full precision BOPs: 41699687680.00
Full precision accuracy: 78.16 ± 0.66
Average wining bit configuration: [[8, 8, 8, 8, None, 8], [None], [None, 8, 8, 8, None, 8]]
Standard deviation of wining bit configuration: [[0.0, 0.0, 0.0, 1.897, 0, 0.0], [0], [0, 0.0, 0.0, 2.53, 0, 0.0]]
Bit width: 7.80 ± 0.31
Quantized BOPs: 10341480832.00 ± 0.00
Quantized accuracy: 78.44 ± 0.30
