dataset_name: PROTEINS
num_folds: 10
epochs: 200
hidden_channels: 64
num_layers: 5
batch_size: 128
lr: 0.01
weight_decay: 0
step_size: 25
gamma: 0.5
device: cuda
plot_statistics: False
log_dir: logs
====================================================================================================
Fold 1/10 - Accuracy: 69.39%
____________________________________________________________________________________________________
Fold 2/10 - Accuracy: 76.53%
____________________________________________________________________________________________________
Fold 3/10 - Accuracy: 66.33%
____________________________________________________________________________________________________
Fold 4/10 - Accuracy: 73.47%
____________________________________________________________________________________________________
Fold 5/10 - Accuracy: 71.43%
____________________________________________________________________________________________________
Fold 6/10 - Accuracy: 72.16%
____________________________________________________________________________________________________
Fold 7/10 - Accuracy: 62.89%
____________________________________________________________________________________________________
Fold 8/10 - Accuracy: 76.29%
____________________________________________________________________________________________________
Fold 9/10 - Accuracy: 65.98%
____________________________________________________________________________________________________
Fold 10/10 - Accuracy: 70.10%
____________________________________________________________________________________________________
Results for 10-fold cross-validation:
Accuracies: 70.46% ± 4.24%
Bit operations: 7625803769.60 ± 520541733.44
====================================================================================================
