dataset_name: IMDB-BINARY
num_folds: 10
epochs: 200
hidden_channels: 64
num_layers: 5
batch_size: 128
lr: 0.01
weight_decay: 0
step_size: 25
gamma: 0.5
device: cuda
plot_statistics: False
log_dir: logs
====================================================================================================
Fold 1/10 - Accuracy: 78.00%
____________________________________________________________________________________________________
Fold 2/10 - Accuracy: 74.00%
____________________________________________________________________________________________________
Fold 3/10 - Accuracy: 76.00%
____________________________________________________________________________________________________
Fold 4/10 - Accuracy: 77.55%
____________________________________________________________________________________________________
Fold 5/10 - Accuracy: 79.59%
____________________________________________________________________________________________________
Fold 6/10 - Accuracy: 75.51%
____________________________________________________________________________________________________
Fold 7/10 - Accuracy: 77.55%
____________________________________________________________________________________________________
Fold 8/10 - Accuracy: 65.31%
____________________________________________________________________________________________________
Fold 9/10 - Accuracy: 77.55%
____________________________________________________________________________________________________
Fold 10/10 - Accuracy: 71.43%
____________________________________________________________________________________________________
Results for 10-fold cross-validation:
Accuracies: 75.25% ± 3.97%
Bit operations: 5475436905.60 ± 194628883.99
====================================================================================================
