dataset_name: ogbn-products
num_runs: 2
epochs: 50
hidden_channels: 256
lr: 0.001
lr_quant: 0.01
weight_decay: 0.0002
batch_size: 65536
device: cuda
log_dir: experimental_logs
num_bits_list: [2, 4, 8]
bit_width_lambda: -0.1
====================================================================================================
[1/2]: Relaxed Model, Accuracy: 25.87%
====================================================================================================
Winning Bit Width: [8, 8, 8, 8, 8, 8, 8, 8, 8, 8, 8]
Expected bit operations: 465455626947.3684
[1/2]: Full precision Accuracy: 67.30%
[1/2]: Quantized Accuracy: 67.36%
[2/2]: Relaxed Model, Accuracy: 23.30%
====================================================================================================
Winning Bit Width: [8, 8, 2, 8, 8, 8, 8, 2, 8, 2, 8]
Expected bit operations: 340332754896.8421
[2/2]: Full precision Accuracy: 67.58%
[2/2]: Quantized Accuracy: 59.50%
================================================================================
Full precision accuracy: 67.44 ± 0.14
Average wining bit configuration: [[8, 8, None, 8, 8, None, 8, 8], [None], [None, 8, None, 8, 8, None, 8, 8]]
Standard deviation of wining bit configuration: [[0.0, 0.0, 0, 4.243, 0.0, 0, 0.0, 0.0], [0], [0, 0.0, 0, 4.243, 0.0, 0, 4.243, 0.0]]
Bit width: 7.18 ± 0.82
Quantized BOPs: 402894190922.11 ± 62561436025.26
Quantized accuracy: 63.43 ± 3.93
