num_runs: 10
dataset_name: PubMed
epochs: 50
hidden_channels: 128
lr: 0.01
lr_quant: 0.001
weight_decay: 0.0002
device: cuda
log_dir: experimental_logs
num_bits_list: [2, 4, 8]
bit_width_lambda: -1e-08
====================================================================================================
[1/10]: Relaxed Model, Accuracy: 75.50%
Expected bit operations: 10341480832.0
====================================================================================================
Winning Bit Width: [8, 8, 8, 4, 8, 8, 8, 8, 8]
[1/10]: Full precision Accuracy: 78.50%
[1/10]: Quantized Accuracy: 78.10%
[2/10]: Relaxed Model, Accuracy: 75.60%
Expected bit operations: 10341480832.0
====================================================================================================
Winning Bit Width: [8, 8, 8, 2, 8, 8, 8, 4, 8]
[2/10]: Full precision Accuracy: 77.30%
[2/10]: Quantized Accuracy: 78.10%
[3/10]: Relaxed Model, Accuracy: 76.40%
Expected bit operations: 10341480832.0
====================================================================================================
Winning Bit Width: [8, 8, 8, 2, 8, 8, 8, 8, 8]
[3/10]: Full precision Accuracy: 77.50%
[3/10]: Quantized Accuracy: 78.30%
[4/10]: Relaxed Model, Accuracy: 75.30%
Expected bit operations: 10341480832.0
====================================================================================================
Winning Bit Width: [8, 8, 8, 2, 8, 8, 8, 8, 8]
[4/10]: Full precision Accuracy: 78.60%
[4/10]: Quantized Accuracy: 78.70%
[5/10]: Relaxed Model, Accuracy: 76.70%
Expected bit operations: 10341480832.0
====================================================================================================
Winning Bit Width: [8, 8, 8, 2, 8, 8, 8, 8, 8]
[5/10]: Full precision Accuracy: 78.40%
[5/10]: Quantized Accuracy: 78.50%
[6/10]: Relaxed Model, Accuracy: 76.00%
Expected bit operations: 10341480832.0
====================================================================================================
Winning Bit Width: [8, 8, 8, 2, 8, 8, 8, 8, 8]
[6/10]: Full precision Accuracy: 77.10%
[6/10]: Quantized Accuracy: 78.20%
[7/10]: Relaxed Model, Accuracy: 73.40%
Expected bit operations: 10341480832.0
====================================================================================================
Winning Bit Width: [8, 8, 8, 2, 8, 8, 8, 8, 8]
[7/10]: Full precision Accuracy: 78.20%
[7/10]: Quantized Accuracy: 78.70%
[8/10]: Relaxed Model, Accuracy: 74.50%
Expected bit operations: 10341480832.0
====================================================================================================
Winning Bit Width: [8, 8, 8, 4, 8, 8, 8, 8, 8]
[8/10]: Full precision Accuracy: 78.90%
[8/10]: Quantized Accuracy: 78.20%
[9/10]: Relaxed Model, Accuracy: 75.30%
Expected bit operations: 10341480832.0
====================================================================================================
Winning Bit Width: [8, 8, 8, 4, 8, 8, 8, 8, 8]
[9/10]: Full precision Accuracy: 77.30%
[9/10]: Quantized Accuracy: 78.00%
[10/10]: Relaxed Model, Accuracy: 72.80%
Expected bit operations: 10341480832.0
====================================================================================================
Winning Bit Width: [8, 8, 8, 2, 8, 8, 8, 8, 8]
[10/10]: Full precision Accuracy: 77.00%
[10/10]: Quantized Accuracy: 78.50%
================================================================================
Full precision BOPs: 41699687680.00
Full precision accuracy: 77.88 ± 0.67
Average wining bit configuration: [[8, 8, 8, 2, None, 8], [None], [None, 8, 8, 8, None, 8]]
Standard deviation of wining bit configuration: [[0.0, 0.0, 0.0, 0.966, 0, 0.0], [0], [0, 0.0, 0.0, 1.265, 0, 0.0]]
Bit width: 7.36 ± 0.18
Quantized BOPs: 10341480832.00 ± 0.00
Quantized accuracy: 78.33 ± 0.24
