dataset_name: PROTEINS
num_folds: 10
epochs: 200
hidden_channels: 64
num_layers: 5
batch_size: 128
lr: 0.01
weight_decay: 0.0002
step_size: 25
gamma: 0.5
device: cuda
log_dir: logs
num_bits_list: [4, 8]
bit_width_lambda: 0.625
====================================================================================================
Average Bit-Width 5.38
Winning bit widths: [[[[None, 8, 4], [None], [None, 8, 4], [None]], [8, 8]], [[[None, 8, 4], [None], [None, 8, 4], [None]], [None, 4]], [[[None, 8, 4], [None], [None, 8, 4], [None]], [None, 4]], [[[None, 8, 4], [None], [None, 8, 4], [None]], [None, 4]], [[[None, 8, 4], [None], [None, 4, 4], [None]], [None, 4]], [4, 4, 4], [None], [4, 4, 4]]
Fold 1/10 - Accuracy: 68.37%
Average Bit-Width 5.75
Winning bit widths: [[[[None, 8, 8], [None], [None, 8, 4], [None]], [8, 8]], [[[None, 8, 4], [None], [None, 8, 4], [None]], [None, 8]], [[[None, 8, 4], [None], [None, 8, 4], [None]], [None, 4]], [[[None, 8, 4], [None], [None, 8, 4], [None]], [None, 4]], [[[None, 8, 4], [None], [None, 8, 4], [None]], [None, 4]], [4, 4, 4], [None], [4, 4, 4]]
Fold 2/10 - Accuracy: 76.53%
Average Bit-Width 5.25
Winning bit widths: [[[[None, 8, 4], [None], [None, 8, 4], [None]], [8, 8]], [[[None, 4, 4], [None], [None, 8, 4], [None]], [None, 4]], [[[None, 4, 4], [None], [None, 8, 4], [None]], [None, 4]], [[[None, 8, 4], [None], [None, 8, 4], [None]], [None, 4]], [[[None, 8, 4], [None], [None, 8, 4], [None]], [None, 4]], [4, 4, 4], [None], [4, 4, 4]]
Fold 3/10 - Accuracy: 67.35%
Average Bit-Width 5.50
Winning bit widths: [[[[None, 8, 8], [None], [None, 8, 4], [None]], [8, 4]], [[[None, 8, 4], [None], [None, 8, 4], [None]], [None, 4]], [[[None, 8, 4], [None], [None, 8, 4], [None]], [None, 4]], [[[None, 8, 4], [None], [None, 8, 4], [None]], [None, 4]], [[[None, 8, 4], [None], [None, 8, 4], [None]], [None, 4]], [4, 4, 4], [None], [4, 4, 4]]
Fold 4/10 - Accuracy: 74.49%
Average Bit-Width 5.50
Winning bit widths: [[[[None, 8, 8], [None], [None, 8, 4], [None]], [8, 8]], [[[None, 8, 4], [None], [None, 8, 4], [None]], [None, 4]], [[[None, 8, 4], [None], [None, 8, 4], [None]], [None, 4]], [[[None, 8, 4], [None], [None, 8, 4], [None]], [None, 4]], [[[None, 8, 4], [None], [None, 4, 4], [None]], [None, 4]], [4, 4, 4], [None], [4, 4, 4]]
Fold 5/10 - Accuracy: 71.43%
Average Bit-Width 5.62
Winning bit widths: [[[[None, 8, 8], [None], [None, 8, 4], [None]], [8, 8]], [[[None, 8, 4], [None], [None, 8, 4], [None]], [None, 4]], [[[None, 8, 4], [None], [None, 8, 4], [None]], [None, 4]], [[[None, 8, 4], [None], [None, 8, 4], [None]], [None, 4]], [[[None, 8, 4], [None], [None, 8, 4], [None]], [None, 4]], [4, 4, 4], [None], [4, 4, 4]]
Fold 6/10 - Accuracy: 64.95%
Average Bit-Width 5.25
Winning bit widths: [[[[None, 8, 4], [None], [None, 8, 4], [None]], [8, 8]], [[[None, 8, 4], [None], [None, 8, 4], [None]], [None, 4]], [[[None, 8, 4], [None], [None, 4, 4], [None]], [None, 4]], [[[None, 8, 4], [None], [None, 8, 4], [None]], [None, 4]], [[[None, 4, 4], [None], [None, 8, 4], [None]], [None, 4]], [4, 4, 4], [None], [4, 4, 4]]
Fold 7/10 - Accuracy: 73.20%
Average Bit-Width 5.50
Winning bit widths: [[[[None, 8, 4], [None], [None, 8, 4], [None]], [8, 8]], [[[None, 8, 4], [None], [None, 8, 4], [None]], [None, 4]], [[[None, 8, 4], [None], [None, 8, 4], [None]], [None, 4]], [[[None, 8, 4], [None], [None, 8, 4], [None]], [None, 4]], [[[None, 8, 4], [None], [None, 8, 4], [None]], [None, 4]], [4, 4, 4], [None], [4, 4, 4]]
Fold 8/10 - Accuracy: 75.26%
Average Bit-Width 5.62
Winning bit widths: [[[[None, 8, 8], [None], [None, 8, 4], [None]], [8, 8]], [[[None, 8, 4], [None], [None, 8, 4], [None]], [None, 8]], [[[None, 8, 4], [None], [None, 8, 4], [None]], [None, 4]], [[[None, 8, 4], [None], [None, 8, 4], [None]], [None, 4]], [[[None, 8, 4], [None], [None, 4, 4], [None]], [None, 4]], [4, 4, 4], [None], [4, 4, 4]]
Fold 9/10 - Accuracy: 63.92%
Average Bit-Width 5.25
Winning bit widths: [[[[None, 8, 8], [None], [None, 8, 4], [None]], [8, 8]], [[[None, 4, 4], [None], [None, 8, 4], [None]], [None, 4]], [[[None, 8, 4], [None], [None, 8, 4], [None]], [None, 4]], [[[None, 8, 4], [None], [None, 4, 4], [None]], [None, 4]], [[[None, 8, 4], [None], [None, 4, 4], [None]], [None, 4]], [4, 4, 4], [None], [4, 4, 4]]
Fold 10/10 - Accuracy: 79.38%
====================================================================================================
Results for 10-fold cross-validation:
winning bit widths: [[[[None, 8, 8], [None], [None, 8, 4], [None]], [8, 8]], [[[None, 8, 4], [None], [None, 8, 4], [None]], [None, 4]], [[[None, 8, 4], [None], [None, 8, 4], [None]], [None, 4]], [[[None, 8, 4], [None], [None, 8, 4], [None]], [None, 4]], [[[None, 8, 4], [None], [None, 8, 4], [None]], [None, 4]], [4, 4, 4], [None], [4, 4, 4]]
winning bit widths std: [[[[0, 0.0, 2.066], [0], [0, 0.0, 0.0], [0]], [0.0, 1.265]], [[[0, 1.687, 0.0], [0], [0, 0.0, 0.0], [0]], [0, 1.687]], [[[0, 1.265, 0.0], [0], [0, 1.265, 0.0], [0]], [0, 0.0]], [[[0, 0.0, 0.0], [0], [0, 1.265, 0.0], [0]], [0, 0.0]], [[[0, 1.265, 0.0], [0], [0, 2.066, 0.0], [0]], [0, 0.0]], [0.0, 0.0, 0.0], [0], [0.0, 0.0, 0.0]]
average bit width: 5.46 ± 0.17
Accuracies: 71.49% ± 4.91%
Bit Operations: 1237033536.00 ± 160723850.02
