dataset_name: CiteSeer
num_runs: 3
epochs: 100
hidden_channels: 128
lr: 0.001
lr_quant: 0.01
weight_decay: 0.0002
batch_size: 512
device: cuda
log_dir: experimental_logs
num_bits_list: [2, 4, 8]
bit_width_lambda: 1.0
====================================================================================================
[1/3]: Relaxed Model, Accuracy: 68.30%
====================================================================================================
Winning Bit Width: [2, 2, 2, 2, 2, 8, 2, 8, 8, 8, 8]
Expected bit operations: 2131330080.0
[1/3]: Full precision Accuracy: 64.30%
[1/3]: Quantized Accuracy: 65.60%
[2/3]: Relaxed Model, Accuracy: 68.70%
====================================================================================================
Winning Bit Width: [2, 2, 2, 2, 2, 8, 2, 8, 8, 8, 8]
Expected bit operations: 2131330080.0
[2/3]: Full precision Accuracy: 66.20%
[2/3]: Quantized Accuracy: 66.50%
[3/3]: Relaxed Model, Accuracy: 66.90%
====================================================================================================
Winning Bit Width: [2, 2, 2, 2, 2, 8, 2, 8, 8, 8, 8]
Expected bit operations: 2131330080.0
[3/3]: Full precision Accuracy: 66.50%
[3/3]: Quantized Accuracy: 67.70%
================================================================================
Full precision accuracy: 65.67 ± 0.97
Average wining bit configuration: [[2, 2, None, 2, 2, None, 2, 8], [None], [None, 2, None, 8, 8, None, 8, 8]]
Standard deviation of wining bit configuration: [[0.0, 0.0, 0, 0.0, 0.0, 0, 0.0, 0.0], [0], [0, 0.0, 0, 0.0, 0.0, 0, 0.0, 0.0]]
Bit width: 4.73 ± 0.00
Quantized BOPs: 2131330080.00 ± 0.00
Quantized accuracy: 66.60 ± 0.86
