dataset_name: Cora
num_runs: 3
epochs: 100
hidden_channels: 128
lr: 0.001
lr_quant: 0.01
weight_decay: 0.0002
batch_size: 512
device: cuda
log_dir: experimental_logs
num_bits_list: [2, 4, 8]
bit_width_lambda: -1e-08
====================================================================================================
[1/3]: Relaxed Model, Accuracy: 79.00%
====================================================================================================
Winning Bit Width: [8, 8, 8, 8, 8, 8, 8, 8, 8, 8, 8]
Expected bit operations: 1952241104.0
[1/3]: Full precision Accuracy: 77.60%
[1/3]: Quantized Accuracy: 78.00%
[2/3]: Relaxed Model, Accuracy: 78.60%
====================================================================================================
Winning Bit Width: [8, 8, 8, 8, 8, 8, 8, 8, 8, 8, 8]
Expected bit operations: 1952241104.0
[2/3]: Full precision Accuracy: 77.60%
[2/3]: Quantized Accuracy: 78.30%
[3/3]: Relaxed Model, Accuracy: 77.90%
====================================================================================================
Winning Bit Width: [8, 8, 8, 8, 8, 8, 8, 8, 8, 8, 8]
Expected bit operations: 1952241104.0
[3/3]: Full precision Accuracy: 76.60%
[3/3]: Quantized Accuracy: 77.50%
================================================================================
Full precision accuracy: 77.27 ± 0.47
Average wining bit configuration: [[8, 8, None, 8, 8, None, 8, 8], [None], [None, 8, None, 8, 8, None, 8, 8]]
Standard deviation of wining bit configuration: [[0.0, 0.0, 0, 0.0, 0.0, 0, 0.0, 0.0], [0], [0, 0.0, 0, 0.0, 0.0, 0, 0.0, 0.0]]
Bit width: 8.00 ± 0.00
Quantized BOPs: 1952241104.00 ± 0.00
Quantized accuracy: 77.93 ± 0.33
