dataset_name: REDDIT-MULTI-5K
num_folds: 10
epochs: 200
hidden_channels: 64
num_layers: 5
batch_size: 128
lr: 0.01
weight_decay: 0
step_size: 25
gamma: 0.5
device: cuda
plot_statistics: False
log_dir: logs
====================================================================================================
Fold 1/10 - Accuracy: 55.20%
____________________________________________________________________________________________________
Fold 2/10 - Accuracy: 52.80%
____________________________________________________________________________________________________
Fold 3/10 - Accuracy: 48.60%
____________________________________________________________________________________________________
Fold 4/10 - Accuracy: 53.00%
____________________________________________________________________________________________________
Fold 5/10 - Accuracy: 57.40%
____________________________________________________________________________________________________
Fold 6/10 - Accuracy: 52.00%
____________________________________________________________________________________________________
Fold 7/10 - Accuracy: 56.20%
____________________________________________________________________________________________________
Fold 8/10 - Accuracy: 47.40%
____________________________________________________________________________________________________
Fold 9/10 - Accuracy: 48.80%
____________________________________________________________________________________________________
Fold 10/10 - Accuracy: 51.10%
____________________________________________________________________________________________________
Results for 10-fold cross-validation:
Accuracies: 52.25% ± 3.19%
Bit operations: 83700824499.20 ± 4188734811.56
====================================================================================================
