dataset_name: IMDB-BINARY
num_folds: 10
epochs: 200
hidden_channels: 64
num_layers: 5
batch_size: 128
lr: 0.01
weight_decay: 0.0002
step_size: 25
gamma: 0.5
device: cuda
log_dir: logs
num_bits_list: [4, 8]
bit_width_lambda: 0.375
====================================================================================================
Average Bit-Width 6.62
Winning bit widths: [[[[None, 8, 8], [None], [None, 8, 8], [None]], [8, 8]], [[[None, 8, 8], [None], [None, 8, 4], [None]], [None, 8]], [[[None, 8, 8], [None], [None, 8, 8], [None]], [None, 8]], [[[None, 8, 8], [None], [None, 8, 4], [None]], [None, 8]], [[[None, 8, 4], [None], [None, 8, 4], [None]], [None, 4]], [4, 4, 4], [None], [4, 4, 4]]
Fold 1/10 - Accuracy: 68.00%
Average Bit-Width 6.75
Winning bit widths: [[[[None, 8, 8], [None], [None, 8, 8], [None]], [8, 8]], [[[None, 8, 8], [None], [None, 8, 4], [None]], [None, 8]], [[[None, 8, 8], [None], [None, 8, 8], [None]], [None, 8]], [[[None, 8, 8], [None], [None, 8, 4], [None]], [None, 8]], [[[None, 8, 4], [None], [None, 8, 4], [None]], [None, 8]], [4, 4, 4], [None], [4, 4, 4]]
Fold 2/10 - Accuracy: 64.00%
Average Bit-Width 6.75
Winning bit widths: [[[[None, 8, 8], [None], [None, 8, 8], [None]], [4, 8]], [[[None, 8, 8], [None], [None, 8, 8], [None]], [None, 8]], [[[None, 8, 8], [None], [None, 8, 8], [None]], [None, 8]], [[[None, 8, 8], [None], [None, 8, 4], [None]], [None, 8]], [[[None, 8, 4], [None], [None, 8, 4], [None]], [None, 8]], [4, 4, 4], [None], [4, 4, 4]]
Fold 3/10 - Accuracy: 80.00%
Average Bit-Width 6.12
Winning bit widths: [[[[None, 8, 8], [None], [None, 8, 4], [None]], [8, 4]], [[[None, 8, 8], [None], [None, 8, 4], [None]], [None, 8]], [[[None, 8, 4], [None], [None, 8, 4], [None]], [None, 8]], [[[None, 8, 4], [None], [None, 8, 4], [None]], [None, 8]], [[[None, 8, 4], [None], [None, 8, 4], [None]], [None, 8]], [4, 4, 4], [None], [4, 4, 4]]
Fold 4/10 - Accuracy: 67.35%
Average Bit-Width 6.38
Winning bit widths: [[[[None, 8, 8], [None], [None, 8, 8], [None]], [8, 8]], [[[None, 8, 8], [None], [None, 8, 8], [None]], [None, 8]], [[[None, 8, 4], [None], [None, 8, 4], [None]], [None, 8]], [[[None, 8, 4], [None], [None, 8, 4], [None]], [None, 8]], [[[None, 8, 4], [None], [None, 8, 4], [None]], [None, 4]], [4, 4, 4], [None], [4, 4, 4]]
Fold 5/10 - Accuracy: 69.39%
Average Bit-Width 6.75
Winning bit widths: [[[[None, 8, 8], [None], [None, 8, 8], [None]], [8, 8]], [[[None, 8, 8], [None], [None, 8, 8], [None]], [None, 8]], [[[None, 8, 8], [None], [None, 8, 8], [None]], [None, 8]], [[[None, 8, 8], [None], [None, 8, 4], [None]], [None, 8]], [[[None, 8, 4], [None], [None, 8, 4], [None]], [None, 4]], [4, 4, 4], [None], [4, 4, 4]]
Fold 6/10 - Accuracy: 73.47%
Average Bit-Width 6.62
Winning bit widths: [[[[None, 8, 8], [None], [None, 8, 8], [None]], [8, 8]], [[[None, 8, 8], [None], [None, 8, 4], [None]], [None, 8]], [[[None, 8, 4], [None], [None, 8, 8], [None]], [None, 8]], [[[None, 8, 4], [None], [None, 8, 4], [None]], [None, 8]], [[[None, 8, 8], [None], [None, 8, 4], [None]], [None, 8]], [4, 4, 4], [None], [4, 4, 4]]
Fold 7/10 - Accuracy: 79.59%
Average Bit-Width 6.75
Winning bit widths: [[[[None, 8, 8], [None], [None, 8, 8], [None]], [8, 4]], [[[None, 8, 8], [None], [None, 8, 8], [None]], [None, 8]], [[[None, 8, 4], [None], [None, 8, 8], [None]], [None, 8]], [[[None, 8, 8], [None], [None, 8, 4], [None]], [None, 8]], [[[None, 8, 8], [None], [None, 8, 4], [None]], [None, 8]], [4, 4, 4], [None], [4, 4, 4]]
Fold 8/10 - Accuracy: 63.27%
Average Bit-Width 6.75
Winning bit widths: [[[[None, 8, 8], [None], [None, 8, 8], [None]], [8, 8]], [[[None, 8, 8], [None], [None, 8, 8], [None]], [None, 8]], [[[None, 8, 8], [None], [None, 8, 8], [None]], [None, 8]], [[[None, 8, 8], [None], [None, 8, 4], [None]], [None, 8]], [[[None, 8, 4], [None], [None, 8, 4], [None]], [None, 4]], [4, 4, 4], [None], [4, 4, 4]]
Fold 9/10 - Accuracy: 69.39%
Average Bit-Width 7.00
Winning bit widths: [[[[None, 8, 8], [None], [None, 8, 8], [None]], [8, 8]], [[[None, 8, 8], [None], [None, 8, 8], [None]], [None, 8]], [[[None, 8, 8], [None], [None, 8, 8], [None]], [None, 8]], [[[None, 8, 8], [None], [None, 8, 4], [None]], [None, 8]], [[[None, 8, 8], [None], [None, 8, 4], [None]], [None, 8]], [4, 4, 4], [None], [4, 4, 4]]
Fold 10/10 - Accuracy: 61.22%
====================================================================================================
Results for 10-fold cross-validation:
winning bit widths: [[[[None, 8, 8], [None], [None, 8, 8], [None]], [8, 8]], [[[None, 8, 8], [None], [None, 8, 8], [None]], [None, 8]], [[[None, 8, 8], [None], [None, 8, 8], [None]], [None, 8]], [[[None, 8, 8], [None], [None, 8, 4], [None]], [None, 8]], [[[None, 8, 4], [None], [None, 8, 4], [None]], [None, 8]], [4, 4, 4], [None], [4, 4, 4]]
winning bit widths std: [[[[0, 0.0, 0.0], [0], [0, 0.0, 1.265], [0]], [1.265, 1.687]], [[[0, 0.0, 0.0], [0], [0, 0.0, 2.066], [0]], [0, 0.0]], [[[0, 0.0, 2.066], [0], [0, 0.0, 1.687], [0]], [0, 0.0]], [[[0, 0.0, 1.932], [0], [0, 0.0, 0.0], [0]], [0, 0.0]], [[[0, 0.0, 1.932], [0], [0, 0.0, 0.0], [0]], [0, 2.066]], [0.0, 0.0, 0.0], [0], [0.0, 0.0, 0.0]]
average bit width: 6.65 ± 0.23
Accuracies: 69.57% ± 6.10%
Bit Operations: 1167983104.00 ± 58570449.32
