num_runs: 10
dataset_name: Cora
epochs: 50
hidden_channels: 128
lr: 0.01
lr_quant: 0.001
weight_decay: 0.0002
device: cuda
log_dir: ablation_study
num_bits_list: [2, 4, 8]
bit_width_lambda: 0.01
====================================================================================================
[1/10]: Relaxed Model, Accuracy: 65.70%
Expected bit operations: 4015909440.0
====================================================================================================
Winning Bit Width: [8, 8, 8, 2, 8, 8, 8, 2, 8]
[1/10]: Full precision Accuracy: 82.20%
[1/10]: Quantized Accuracy: 79.90%
[2/10]: Relaxed Model, Accuracy: 68.00%
Expected bit operations: 4015909440.0
====================================================================================================
Winning Bit Width: [8, 8, 8, 2, 8, 8, 8, 4, 8]
[2/10]: Full precision Accuracy: 82.40%
[2/10]: Quantized Accuracy: 80.90%
[3/10]: Relaxed Model, Accuracy: 71.80%
Expected bit operations: 4015318304.0
====================================================================================================
Winning Bit Width: [8, 8, 8, 2, 8, 8, 8, 2, 4]
[3/10]: Full precision Accuracy: 82.50%
[3/10]: Quantized Accuracy: 77.60%
[4/10]: Relaxed Model, Accuracy: 71.30%
Expected bit operations: 4015909440.0
====================================================================================================
Winning Bit Width: [8, 8, 8, 2, 8, 8, 8, 2, 8]
[4/10]: Full precision Accuracy: 82.30%
[4/10]: Quantized Accuracy: 81.20%
[5/10]: Relaxed Model, Accuracy: 64.20%
Expected bit operations: 3999695424.0
====================================================================================================
Winning Bit Width: [8, 8, 8, 4, 2, 8, 8, 2, 8]
[5/10]: Full precision Accuracy: 82.10%
[5/10]: Quantized Accuracy: 73.80%
[6/10]: Relaxed Model, Accuracy: 68.20%
Expected bit operations: 4015909440.0
====================================================================================================
Winning Bit Width: [8, 8, 8, 2, 8, 8, 8, 2, 8]
[6/10]: Full precision Accuracy: 82.90%
[6/10]: Quantized Accuracy: 80.70%
[7/10]: Relaxed Model, Accuracy: 66.80%
Expected bit operations: 4015909440.0
====================================================================================================
Winning Bit Width: [8, 8, 8, 4, 8, 8, 8, 8, 8]
[7/10]: Full precision Accuracy: 82.70%
[7/10]: Quantized Accuracy: 82.20%
[8/10]: Relaxed Model, Accuracy: 70.90%
Expected bit operations: 4015909440.0
====================================================================================================
Winning Bit Width: [8, 8, 8, 2, 8, 8, 8, 2, 8]
[8/10]: Full precision Accuracy: 81.70%
[8/10]: Quantized Accuracy: 80.30%
[9/10]: Relaxed Model, Accuracy: 71.80%
Expected bit operations: 4015909440.0
====================================================================================================
Winning Bit Width: [8, 8, 8, 4, 8, 8, 8, 2, 8]
[9/10]: Full precision Accuracy: 82.50%
[9/10]: Quantized Accuracy: 81.70%
[10/10]: Relaxed Model, Accuracy: 73.30%
Expected bit operations: 4015909440.0
====================================================================================================
Winning Bit Width: [8, 8, 8, 2, 8, 8, 8, 4, 8]
[10/10]: Full precision Accuracy: 81.80%
[10/10]: Quantized Accuracy: 80.50%
================================================================================
Full precision BOPs: 16110067712.00
Full precision accuracy: 82.31 ± 0.36
Average wining bit configuration: [[8, 8, 8, 2, None, 8], [None], [None, 8, 8, 2, None, 8]]
Standard deviation of wining bit configuration: [[0.0, 0.0, 0.0, 0.966, 0, 1.897], [0], [0, 0.0, 0.0, 1.944, 0, 1.265]]
Bit width: 6.73 ± 0.36
Quantized BOPs: 4014228924.80 ± 4847705.06
Quantized accuracy: 79.88 ± 2.34
