num_runs: 10
dataset_name: Cora
epochs: 50
hidden_channels: 128
lr: 0.01
lr_quant: 0.001
weight_decay: 0.0002
device: cuda
log_dir: ablation_study
num_bits_list: [2, 4, 8]
bit_width_lambda: -0.1
====================================================================================================
[1/10]: Relaxed Model, Accuracy: 74.00%
Expected bit operations: 4015909440.0
====================================================================================================
Winning Bit Width: [8, 8, 8, 8, 8, 8, 8, 8, 8]
[1/10]: Full precision Accuracy: 82.00%
[1/10]: Quantized Accuracy: 81.90%
[2/10]: Relaxed Model, Accuracy: 73.70%
Expected bit operations: 4015909440.0
====================================================================================================
Winning Bit Width: [8, 8, 8, 8, 8, 8, 8, 8, 8]
[2/10]: Full precision Accuracy: 82.20%
[2/10]: Quantized Accuracy: 82.20%
[3/10]: Relaxed Model, Accuracy: 71.30%
Expected bit operations: 4015318304.0
====================================================================================================
Winning Bit Width: [8, 8, 8, 8, 8, 8, 8, 8, 4]
[3/10]: Full precision Accuracy: 82.00%
[3/10]: Quantized Accuracy: 80.60%
[4/10]: Relaxed Model, Accuracy: 70.40%
Expected bit operations: 4015909440.0
====================================================================================================
Winning Bit Width: [8, 8, 8, 8, 8, 8, 8, 8, 8]
[4/10]: Full precision Accuracy: 82.10%
[4/10]: Quantized Accuracy: 81.90%
[5/10]: Relaxed Model, Accuracy: 69.10%
Expected bit operations: 4015909440.0
====================================================================================================
Winning Bit Width: [8, 8, 8, 8, 8, 8, 8, 8, 8]
[5/10]: Full precision Accuracy: 82.30%
[5/10]: Quantized Accuracy: 81.90%
[6/10]: Relaxed Model, Accuracy: 72.80%
Expected bit operations: 4015909440.0
====================================================================================================
Winning Bit Width: [8, 8, 8, 4, 8, 8, 8, 8, 8]
[6/10]: Full precision Accuracy: 81.90%
[6/10]: Quantized Accuracy: 81.40%
[7/10]: Relaxed Model, Accuracy: 66.70%
Expected bit operations: 4015909440.0
====================================================================================================
Winning Bit Width: [8, 8, 8, 8, 8, 8, 8, 4, 8]
[7/10]: Full precision Accuracy: 81.40%
[7/10]: Quantized Accuracy: 82.10%
[8/10]: Relaxed Model, Accuracy: 66.80%
Expected bit operations: 4015909440.0
====================================================================================================
Winning Bit Width: [8, 8, 8, 8, 8, 8, 8, 8, 8]
[8/10]: Full precision Accuracy: 81.90%
[8/10]: Quantized Accuracy: 81.60%
[9/10]: Relaxed Model, Accuracy: 70.90%
Expected bit operations: 4015909440.0
====================================================================================================
Winning Bit Width: [8, 8, 8, 8, 8, 8, 8, 8, 8]
[9/10]: Full precision Accuracy: 79.80%
[9/10]: Quantized Accuracy: 81.20%
[10/10]: Relaxed Model, Accuracy: 71.10%
Expected bit operations: 4015909440.0
====================================================================================================
Winning Bit Width: [8, 8, 8, 8, 8, 8, 8, 8, 8]
[10/10]: Full precision Accuracy: 82.10%
[10/10]: Quantized Accuracy: 83.00%
================================================================================
Full precision BOPs: 16110067712.00
Full precision accuracy: 81.77 ± 0.70
Average wining bit configuration: [[8, 8, 8, 8, None, 8], [None], [None, 8, 8, 8, None, 8]]
Standard deviation of wining bit configuration: [[0.0, 0.0, 0.0, 1.265, 0, 0.0], [0], [0, 0.0, 0.0, 1.265, 0, 1.265]]
Bit width: 7.87 ± 0.20
Quantized BOPs: 4015850326.40 ± 177340.80
Quantized accuracy: 81.78 ± 0.61
