num_runs: 10
dataset_name: Cora
epochs: 50
hidden_channels: 128
lr: 0.01
lr_quant: 0.001
weight_decay: 0.0002
device: cuda
log_dir: ablation_study
num_bits_list: [2, 4, 8]
bit_width_lambda: -0.04
====================================================================================================
[1/10]: Relaxed Model, Accuracy: 75.30%
Expected bit operations: 4015318304.0
====================================================================================================
Winning Bit Width: [8, 8, 8, 8, 8, 8, 8, 8, 4]
[1/10]: Full precision Accuracy: 82.50%
[1/10]: Quantized Accuracy: 81.20%
[2/10]: Relaxed Model, Accuracy: 74.00%
Expected bit operations: 4015909440.0
====================================================================================================
Winning Bit Width: [8, 8, 8, 8, 8, 8, 8, 4, 8]
[2/10]: Full precision Accuracy: 82.10%
[2/10]: Quantized Accuracy: 81.60%
[3/10]: Relaxed Model, Accuracy: 74.00%
Expected bit operations: 4015909440.0
====================================================================================================
Winning Bit Width: [8, 8, 8, 8, 8, 8, 8, 8, 8]
[3/10]: Full precision Accuracy: 82.70%
[3/10]: Quantized Accuracy: 81.50%
[4/10]: Relaxed Model, Accuracy: 72.50%
Expected bit operations: 4015909440.0
====================================================================================================
Winning Bit Width: [8, 8, 8, 8, 8, 8, 8, 8, 8]
[4/10]: Full precision Accuracy: 82.60%
[4/10]: Quantized Accuracy: 81.80%
[5/10]: Relaxed Model, Accuracy: 68.50%
Expected bit operations: 4015909440.0
====================================================================================================
Winning Bit Width: [8, 8, 8, 8, 8, 8, 8, 8, 8]
[5/10]: Full precision Accuracy: 82.20%
[5/10]: Quantized Accuracy: 82.20%
[6/10]: Relaxed Model, Accuracy: 75.30%
Expected bit operations: 4015909440.0
====================================================================================================
Winning Bit Width: [8, 8, 8, 8, 8, 8, 8, 8, 8]
[6/10]: Full precision Accuracy: 82.30%
[6/10]: Quantized Accuracy: 81.60%
[7/10]: Relaxed Model, Accuracy: 68.40%
Expected bit operations: 4015909440.0
====================================================================================================
Winning Bit Width: [8, 8, 8, 8, 8, 8, 8, 8, 8]
[7/10]: Full precision Accuracy: 82.00%
[7/10]: Quantized Accuracy: 81.50%
[8/10]: Relaxed Model, Accuracy: 70.90%
Expected bit operations: 4015909440.0
====================================================================================================
Winning Bit Width: [8, 8, 8, 8, 8, 8, 8, 4, 8]
[8/10]: Full precision Accuracy: 82.40%
[8/10]: Quantized Accuracy: 81.70%
[9/10]: Relaxed Model, Accuracy: 74.20%
Expected bit operations: 4015318304.0
====================================================================================================
Winning Bit Width: [8, 8, 8, 8, 8, 8, 8, 8, 4]
[9/10]: Full precision Accuracy: 82.20%
[9/10]: Quantized Accuracy: 79.60%
[10/10]: Relaxed Model, Accuracy: 72.80%
Expected bit operations: 4015909440.0
====================================================================================================
Winning Bit Width: [8, 8, 8, 8, 8, 8, 8, 8, 8]
[10/10]: Full precision Accuracy: 81.80%
[10/10]: Quantized Accuracy: 80.80%
================================================================================
Full precision BOPs: 16110067712.00
Full precision accuracy: 82.28 ± 0.26
Average wining bit configuration: [[8, 8, 8, 8, None, 8], [None], [None, 8, 8, 8, None, 8]]
Standard deviation of wining bit configuration: [[0.0, 0.0, 0.0, 0.0, 0, 0.0], [0], [0, 0.0, 0.0, 1.687, 0, 1.687]]
Bit width: 7.82 ± 0.22
Quantized BOPs: 4015791212.80 ± 236454.40
Quantized accuracy: 81.35 ± 0.68
