num_runs: 10
dataset_name: Cora
epochs: 50
hidden_channels: 128
lr: 0.01
lr_quant: 0.001
weight_decay: 0.0002
device: cuda
log_dir: ablation_study
num_bits_list: [2, 4, 8]
bit_width_lambda: -0.075
====================================================================================================
[1/10]: Relaxed Model, Accuracy: 72.20%
Expected bit operations: 4015909440.0
====================================================================================================
Winning Bit Width: [8, 8, 8, 8, 8, 8, 8, 8, 8]
[1/10]: Full precision Accuracy: 81.00%
[1/10]: Quantized Accuracy: 81.50%
[2/10]: Relaxed Model, Accuracy: 71.60%
Expected bit operations: 4015909440.0
====================================================================================================
Winning Bit Width: [8, 8, 8, 8, 8, 8, 8, 8, 8]
[2/10]: Full precision Accuracy: 80.70%
[2/10]: Quantized Accuracy: 81.80%
[3/10]: Relaxed Model, Accuracy: 65.70%
Expected bit operations: 4015318304.0
====================================================================================================
Winning Bit Width: [8, 8, 8, 4, 8, 8, 8, 8, 4]
[3/10]: Full precision Accuracy: 82.10%
[3/10]: Quantized Accuracy: 80.40%
[4/10]: Relaxed Model, Accuracy: 73.90%
Expected bit operations: 4015909440.0
====================================================================================================
Winning Bit Width: [8, 8, 8, 2, 8, 8, 8, 8, 8]
[4/10]: Full precision Accuracy: 82.00%
[4/10]: Quantized Accuracy: 80.10%
[5/10]: Relaxed Model, Accuracy: 64.80%
Expected bit operations: 4015909440.0
====================================================================================================
Winning Bit Width: [8, 8, 8, 8, 8, 8, 8, 8, 8]
[5/10]: Full precision Accuracy: 81.50%
[5/10]: Quantized Accuracy: 80.80%
[6/10]: Relaxed Model, Accuracy: 75.00%
Expected bit operations: 4015909440.0
====================================================================================================
Winning Bit Width: [8, 8, 8, 2, 8, 8, 8, 8, 8]
[6/10]: Full precision Accuracy: 81.20%
[6/10]: Quantized Accuracy: 80.50%
[7/10]: Relaxed Model, Accuracy: 69.20%
Expected bit operations: 4015909440.0
====================================================================================================
Winning Bit Width: [8, 8, 8, 8, 8, 8, 8, 2, 8]
[7/10]: Full precision Accuracy: 82.60%
[7/10]: Quantized Accuracy: 80.70%
[8/10]: Relaxed Model, Accuracy: 70.20%
Expected bit operations: 4015909440.0
====================================================================================================
Winning Bit Width: [8, 8, 8, 8, 8, 8, 8, 2, 8]
[8/10]: Full precision Accuracy: 82.30%
[8/10]: Quantized Accuracy: 80.80%
[9/10]: Relaxed Model, Accuracy: 57.40%
Expected bit operations: 4015909440.0
====================================================================================================
Winning Bit Width: [8, 8, 8, 8, 8, 8, 8, 8, 8]
[9/10]: Full precision Accuracy: 82.20%
[9/10]: Quantized Accuracy: 82.00%
[10/10]: Relaxed Model, Accuracy: 67.70%
Expected bit operations: 4015909440.0
====================================================================================================
Winning Bit Width: [8, 8, 8, 2, 8, 8, 8, 8, 8]
[10/10]: Full precision Accuracy: 81.30%
[10/10]: Quantized Accuracy: 79.80%
================================================================================
Full precision BOPs: 16110067712.00
Full precision accuracy: 81.69 ± 0.60
Average wining bit configuration: [[8, 8, 8, 8, None, 8], [None], [None, 8, 8, 8, None, 8]]
Standard deviation of wining bit configuration: [[0.0, 0.0, 0.0, 2.898, 0, 0.0], [0], [0, 0.0, 0.0, 2.53, 0, 1.265]]
Bit width: 7.58 ± 0.35
Quantized BOPs: 4015850326.40 ± 177340.80
Quantized accuracy: 80.84 ± 0.68
