num_runs: 10
dataset_name: Cora
epochs: 50
hidden_channels: 128
lr: 0.01
lr_quant: 0.001
weight_decay: 0.0002
device: cuda
log_dir: ablation_study
num_bits_list: [2, 4, 8]
bit_width_lambda: 0.075
====================================================================================================
[1/10]: Relaxed Model, Accuracy: 73.30%
Expected bit operations: 3353035381.3333335
====================================================================================================
Winning Bit Width: [8, 8, 4, 4, 8, 8, 8, 2, 4]
[1/10]: Full precision Accuracy: 81.70%
[1/10]: Quantized Accuracy: 79.20%
[2/10]: Relaxed Model, Accuracy: 74.00%
Expected bit operations: 3353626517.3333335
====================================================================================================
Winning Bit Width: [8, 8, 4, 2, 8, 8, 8, 4, 8]
[2/10]: Full precision Accuracy: 82.10%
[2/10]: Quantized Accuracy: 80.40%
[3/10]: Relaxed Model, Accuracy: 67.30%
Expected bit operations: 3353626517.3333335
====================================================================================================
Winning Bit Width: [8, 8, 4, 2, 8, 8, 8, 2, 8]
[3/10]: Full precision Accuracy: 82.20%
[3/10]: Quantized Accuracy: 79.60%
[4/10]: Relaxed Model, Accuracy: 75.80%
Expected bit operations: 3337412501.3333335
====================================================================================================
Winning Bit Width: [8, 8, 4, 2, 2, 8, 8, 2, 8]
[4/10]: Full precision Accuracy: 82.00%
[4/10]: Quantized Accuracy: 78.60%
[5/10]: Relaxed Model, Accuracy: 68.40%
Expected bit operations: 3353626517.3333335
====================================================================================================
Winning Bit Width: [8, 8, 4, 2, 8, 8, 8, 4, 8]
[5/10]: Full precision Accuracy: 82.20%
[5/10]: Quantized Accuracy: 80.00%
[6/10]: Relaxed Model, Accuracy: 68.30%
Expected bit operations: 3353035381.3333335
====================================================================================================
Winning Bit Width: [8, 8, 4, 2, 8, 8, 8, 4, 4]
[6/10]: Full precision Accuracy: 82.20%
[6/10]: Quantized Accuracy: 78.60%
[7/10]: Relaxed Model, Accuracy: 72.90%
Expected bit operations: 3353626517.3333335
====================================================================================================
Winning Bit Width: [8, 8, 4, 2, 8, 8, 8, 2, 8]
[7/10]: Full precision Accuracy: 82.50%
[7/10]: Quantized Accuracy: 81.10%
[8/10]: Relaxed Model, Accuracy: 53.50%
Expected bit operations: 3342226037.3333335
====================================================================================================
Winning Bit Width: [8, 8, 4, 2, 4, 8, 8, 4, 4]
[8/10]: Full precision Accuracy: 82.20%
[8/10]: Quantized Accuracy: 77.80%
[9/10]: Relaxed Model, Accuracy: 72.50%
Expected bit operations: 3353626517.3333335
====================================================================================================
Winning Bit Width: [8, 8, 4, 4, 8, 8, 8, 4, 8]
[9/10]: Full precision Accuracy: 82.40%
[9/10]: Quantized Accuracy: 81.60%
[10/10]: Relaxed Model, Accuracy: 67.80%
Expected bit operations: 3353626517.3333335
====================================================================================================
Winning Bit Width: [8, 8, 4, 4, 8, 8, 8, 8, 8]
[10/10]: Full precision Accuracy: 82.20%
[10/10]: Quantized Accuracy: 82.20%
================================================================================
Full precision BOPs: 16110067712.00
Full precision accuracy: 82.17 ± 0.21
Average wining bit configuration: [[8, 8, 4, 2, None, 8], [None], [None, 8, 8, 4, None, 8]]
Standard deviation of wining bit configuration: [[0.0, 0.0, 0.0, 0.966, 0, 2.16], [0], [0, 0.0, 0.0, 1.838, 0, 1.932]]
Bit width: 6.22 ± 0.46
Quantized BOPs: 3350746840.53 ± 5573497.63
Quantized accuracy: 79.91 ± 1.35
