num_runs: 10
dataset_name: Cora
epochs: 50
hidden_channels: 128
lr: 0.01
lr_quant: 0.001
weight_decay: 0.0002
device: cuda
log_dir: ablation_study
num_bits_list: [2, 4, 8]
bit_width_lambda: -0.065
====================================================================================================
[1/10]: Relaxed Model, Accuracy: 69.40%
Expected bit operations: 4015909440.0
====================================================================================================
Winning Bit Width: [8, 8, 8, 8, 8, 8, 8, 8, 8]
[1/10]: Full precision Accuracy: 82.30%
[1/10]: Quantized Accuracy: 82.30%
[2/10]: Relaxed Model, Accuracy: 75.40%
Expected bit operations: 4015909440.0
====================================================================================================
Winning Bit Width: [8, 8, 8, 8, 8, 8, 8, 2, 8]
[2/10]: Full precision Accuracy: 82.20%
[2/10]: Quantized Accuracy: 80.00%
[3/10]: Relaxed Model, Accuracy: 68.40%
Expected bit operations: 4015909440.0
====================================================================================================
Winning Bit Width: [8, 8, 8, 8, 8, 8, 8, 8, 8]
[3/10]: Full precision Accuracy: 82.40%
[3/10]: Quantized Accuracy: 82.50%
[4/10]: Relaxed Model, Accuracy: 78.70%
Expected bit operations: 4015909440.0
====================================================================================================
Winning Bit Width: [8, 8, 8, 8, 8, 8, 8, 8, 8]
[4/10]: Full precision Accuracy: 82.50%
[4/10]: Quantized Accuracy: 81.90%
[5/10]: Relaxed Model, Accuracy: 71.10%
Expected bit operations: 4015909440.0
====================================================================================================
Winning Bit Width: [8, 8, 8, 2, 8, 8, 8, 8, 8]
[5/10]: Full precision Accuracy: 81.60%
[5/10]: Quantized Accuracy: 81.90%
[6/10]: Relaxed Model, Accuracy: 69.00%
Expected bit operations: 4015909440.0
====================================================================================================
Winning Bit Width: [8, 8, 8, 8, 8, 8, 8, 8, 8]
[6/10]: Full precision Accuracy: 82.50%
[6/10]: Quantized Accuracy: 82.30%
[7/10]: Relaxed Model, Accuracy: 70.70%
Expected bit operations: 4015909440.0
====================================================================================================
Winning Bit Width: [8, 8, 8, 8, 8, 8, 8, 8, 8]
[7/10]: Full precision Accuracy: 81.60%
[7/10]: Quantized Accuracy: 81.60%
[8/10]: Relaxed Model, Accuracy: 72.00%
Expected bit operations: 4015909440.0
====================================================================================================
Winning Bit Width: [8, 8, 8, 8, 8, 8, 8, 8, 8]
[8/10]: Full precision Accuracy: 82.00%
[8/10]: Quantized Accuracy: 81.50%
[9/10]: Relaxed Model, Accuracy: 71.70%
Expected bit operations: 4015909440.0
====================================================================================================
Winning Bit Width: [8, 8, 8, 8, 8, 8, 8, 8, 8]
[9/10]: Full precision Accuracy: 81.70%
[9/10]: Quantized Accuracy: 82.00%
[10/10]: Relaxed Model, Accuracy: 72.60%
Expected bit operations: 4015909440.0
====================================================================================================
Winning Bit Width: [8, 8, 8, 8, 8, 8, 8, 8, 8]
[10/10]: Full precision Accuracy: 81.60%
[10/10]: Quantized Accuracy: 81.60%
================================================================================
Full precision BOPs: 16110067712.00
Full precision accuracy: 82.04 ± 0.37
Average wining bit configuration: [[8, 8, 8, 8, None, 8], [None], [None, 8, 8, 8, None, 8]]
Standard deviation of wining bit configuration: [[0.0, 0.0, 0.0, 1.897, 0, 0.0], [0], [0, 0.0, 0.0, 1.897, 0, 0.0]]
Bit width: 7.87 ± 0.27
Quantized BOPs: 4015909440.00 ± 0.00
Quantized accuracy: 81.76 ± 0.67
