num_runs: 10
dataset_name: Cora
epochs: 50
hidden_channels: 128
lr: 0.01
lr_quant: 0.001
weight_decay: 0.0002
device: cuda
log_dir: ablation_study
num_bits_list: [2, 4, 8]
bit_width_lambda: -0.03
====================================================================================================
[1/10]: Relaxed Model, Accuracy: 72.10%
Expected bit operations: 4015318304.0
====================================================================================================
Winning Bit Width: [8, 8, 8, 8, 8, 8, 8, 8, 4]
[1/10]: Full precision Accuracy: 82.70%
[1/10]: Quantized Accuracy: 81.30%
[2/10]: Relaxed Model, Accuracy: 68.80%
Expected bit operations: 4005100096.0
====================================================================================================
Winning Bit Width: [8, 8, 8, 4, 4, 8, 8, 4, 8]
[2/10]: Full precision Accuracy: 82.10%
[2/10]: Quantized Accuracy: 83.10%
[3/10]: Relaxed Model, Accuracy: 63.20%
Expected bit operations: 4015909440.0
====================================================================================================
Winning Bit Width: [8, 8, 8, 8, 8, 8, 8, 8, 8]
[3/10]: Full precision Accuracy: 82.60%
[3/10]: Quantized Accuracy: 82.40%
[4/10]: Relaxed Model, Accuracy: 70.70%
Expected bit operations: 4015318304.0
====================================================================================================
Winning Bit Width: [8, 8, 8, 8, 8, 8, 8, 8, 4]
[4/10]: Full precision Accuracy: 82.10%
[4/10]: Quantized Accuracy: 80.60%
[5/10]: Relaxed Model, Accuracy: 74.10%
Expected bit operations: 4015909440.0
====================================================================================================
Winning Bit Width: [8, 8, 8, 8, 8, 8, 8, 8, 8]
[5/10]: Full precision Accuracy: 82.40%
[5/10]: Quantized Accuracy: 82.00%
[6/10]: Relaxed Model, Accuracy: 73.10%
Expected bit operations: 4015909440.0
====================================================================================================
Winning Bit Width: [8, 8, 8, 8, 8, 8, 8, 8, 8]
[6/10]: Full precision Accuracy: 82.20%
[6/10]: Quantized Accuracy: 81.80%
[7/10]: Relaxed Model, Accuracy: 65.30%
Expected bit operations: 4015318304.0
====================================================================================================
Winning Bit Width: [8, 8, 8, 8, 8, 8, 8, 8, 4]
[7/10]: Full precision Accuracy: 81.70%
[7/10]: Quantized Accuracy: 81.30%
[8/10]: Relaxed Model, Accuracy: 71.70%
Expected bit operations: 4015909440.0
====================================================================================================
Winning Bit Width: [8, 8, 8, 8, 8, 8, 8, 8, 8]
[8/10]: Full precision Accuracy: 82.30%
[8/10]: Quantized Accuracy: 82.00%
[9/10]: Relaxed Model, Accuracy: 75.50%
Expected bit operations: 4004508960.0
====================================================================================================
Winning Bit Width: [8, 8, 8, 8, 4, 8, 8, 8, 4]
[9/10]: Full precision Accuracy: 82.20%
[9/10]: Quantized Accuracy: 80.20%
[10/10]: Relaxed Model, Accuracy: 74.00%
Expected bit operations: 4015909440.0
====================================================================================================
Winning Bit Width: [8, 8, 8, 8, 8, 8, 8, 8, 8]
[10/10]: Full precision Accuracy: 82.20%
[10/10]: Quantized Accuracy: 82.50%
================================================================================
Full precision BOPs: 16110067712.00
Full precision accuracy: 82.25 ± 0.27
Average wining bit configuration: [[8, 8, 8, 8, None, 8], [None], [None, 8, 8, 8, None, 8]]
Standard deviation of wining bit configuration: [[0.0, 0.0, 0.0, 1.265, 0, 1.687], [0], [0, 0.0, 0.0, 1.265, 0, 2.066]]
Bit width: 7.64 ± 0.44
Quantized BOPs: 4013511116.80 ± 4362816.13
Quantized accuracy: 81.72 ± 0.84
