num_runs: 10
dataset_name: Cora
epochs: 50
hidden_channels: 128
lr: 0.01
lr_quant: 0.001
weight_decay: 0.0002
device: cuda
log_dir: ablation_study
num_bits_list: [2, 4, 8]
bit_width_lambda: 0.0
====================================================================================================
[1/10]: Relaxed Model, Accuracy: 72.80%
Expected bit operations: 4015909440.0
====================================================================================================
Winning Bit Width: [8, 8, 8, 2, 8, 8, 8, 2, 8]
[1/10]: Full precision Accuracy: 82.60%
[1/10]: Quantized Accuracy: 80.10%
[2/10]: Relaxed Model, Accuracy: 66.70%
Expected bit operations: 4015318304.0
====================================================================================================
Winning Bit Width: [8, 8, 8, 2, 8, 8, 8, 8, 4]
[2/10]: Full precision Accuracy: 82.50%
[2/10]: Quantized Accuracy: 78.90%
[3/10]: Relaxed Model, Accuracy: 71.10%
Expected bit operations: 4015909440.0
====================================================================================================
Winning Bit Width: [8, 8, 8, 2, 8, 8, 8, 8, 8]
[3/10]: Full precision Accuracy: 82.40%
[3/10]: Quantized Accuracy: 80.70%
[4/10]: Relaxed Model, Accuracy: 72.10%
Expected bit operations: 4015909440.0
====================================================================================================
Winning Bit Width: [8, 8, 8, 2, 8, 8, 8, 4, 8]
[4/10]: Full precision Accuracy: 82.30%
[4/10]: Quantized Accuracy: 80.40%
[5/10]: Relaxed Model, Accuracy: 75.80%
Expected bit operations: 4015318304.0
====================================================================================================
Winning Bit Width: [8, 8, 8, 2, 8, 8, 8, 2, 4]
[5/10]: Full precision Accuracy: 82.40%
[5/10]: Quantized Accuracy: 76.50%
[6/10]: Relaxed Model, Accuracy: 70.00%
Expected bit operations: 4015318304.0
====================================================================================================
Winning Bit Width: [8, 8, 8, 2, 8, 8, 8, 2, 4]
[6/10]: Full precision Accuracy: 82.50%
[6/10]: Quantized Accuracy: 79.30%
[7/10]: Relaxed Model, Accuracy: 72.40%
Expected bit operations: 4015318304.0
====================================================================================================
Winning Bit Width: [8, 8, 8, 4, 8, 8, 8, 4, 4]
[7/10]: Full precision Accuracy: 82.30%
[7/10]: Quantized Accuracy: 79.10%
[8/10]: Relaxed Model, Accuracy: 70.80%
Expected bit operations: 4015909440.0
====================================================================================================
Winning Bit Width: [8, 8, 8, 2, 8, 8, 8, 2, 8]
[8/10]: Full precision Accuracy: 81.90%
[8/10]: Quantized Accuracy: 80.10%
[9/10]: Relaxed Model, Accuracy: 72.00%
Expected bit operations: 4015909440.0
====================================================================================================
Winning Bit Width: [8, 8, 8, 2, 8, 8, 8, 4, 8]
[9/10]: Full precision Accuracy: 82.80%
[9/10]: Quantized Accuracy: 80.80%
[10/10]: Relaxed Model, Accuracy: 76.60%
Expected bit operations: 4015909440.0
====================================================================================================
Winning Bit Width: [8, 8, 8, 2, 8, 8, 8, 4, 8]
[10/10]: Full precision Accuracy: 82.70%
[10/10]: Quantized Accuracy: 80.60%
================================================================================
Full precision BOPs: 16110067712.00
Full precision accuracy: 82.44 ± 0.24
Average wining bit configuration: [[8, 8, 8, 2, None, 8], [None], [None, 8, 8, 4, None, 8]]
Standard deviation of wining bit configuration: [[0.0, 0.0, 0.0, 0.632, 0, 0.0], [0], [0, 0.0, 0.0, 2.309, 0, 2.066]]
Bit width: 6.73 ± 0.32
Quantized BOPs: 4015672985.60 ± 289596.31
Quantized accuracy: 79.65 ± 1.23
