num_runs: 10
dataset_name: Cora
epochs: 50
hidden_channels: 128
lr: 0.01
lr_quant: 0.001
weight_decay: 0.0002
device: cuda
log_dir: ablation_study
num_bits_list: [2, 4, 8]
bit_width_lambda: -0.015
====================================================================================================
[1/10]: Relaxed Model, Accuracy: 72.20%
Expected bit operations: 4015318304.0
====================================================================================================
Winning Bit Width: [8, 8, 8, 4, 8, 8, 8, 8, 4]
[1/10]: Full precision Accuracy: 81.50%
[1/10]: Quantized Accuracy: 79.00%
[2/10]: Relaxed Model, Accuracy: 76.50%
Expected bit operations: 4015909440.0
====================================================================================================
Winning Bit Width: [8, 8, 8, 8, 8, 8, 8, 4, 8]
[2/10]: Full precision Accuracy: 81.40%
[2/10]: Quantized Accuracy: 81.80%
[3/10]: Relaxed Model, Accuracy: 69.90%
Expected bit operations: 4015909440.0
====================================================================================================
Winning Bit Width: [8, 8, 8, 8, 8, 8, 8, 8, 8]
[3/10]: Full precision Accuracy: 82.40%
[3/10]: Quantized Accuracy: 81.60%
[4/10]: Relaxed Model, Accuracy: 63.00%
Expected bit operations: 4015909440.0
====================================================================================================
Winning Bit Width: [8, 8, 8, 8, 8, 8, 8, 8, 8]
[4/10]: Full precision Accuracy: 82.00%
[4/10]: Quantized Accuracy: 81.80%
[5/10]: Relaxed Model, Accuracy: 69.10%
Expected bit operations: 4015909440.0
====================================================================================================
Winning Bit Width: [8, 8, 8, 8, 8, 8, 8, 8, 8]
[5/10]: Full precision Accuracy: 82.40%
[5/10]: Quantized Accuracy: 81.50%
[6/10]: Relaxed Model, Accuracy: 73.80%
Expected bit operations: 4015909440.0
====================================================================================================
Winning Bit Width: [8, 8, 8, 8, 8, 8, 8, 8, 8]
[6/10]: Full precision Accuracy: 81.90%
[6/10]: Quantized Accuracy: 82.00%
[7/10]: Relaxed Model, Accuracy: 74.50%
Expected bit operations: 4015909440.0
====================================================================================================
Winning Bit Width: [8, 8, 8, 8, 8, 8, 8, 8, 8]
[7/10]: Full precision Accuracy: 82.10%
[7/10]: Quantized Accuracy: 81.60%
[8/10]: Relaxed Model, Accuracy: 70.30%
Expected bit operations: 4015909440.0
====================================================================================================
Winning Bit Width: [8, 8, 8, 8, 8, 8, 8, 8, 8]
[8/10]: Full precision Accuracy: 81.90%
[8/10]: Quantized Accuracy: 81.20%
[9/10]: Relaxed Model, Accuracy: 73.40%
Expected bit operations: 4015909440.0
====================================================================================================
Winning Bit Width: [8, 8, 8, 8, 8, 8, 8, 8, 8]
[9/10]: Full precision Accuracy: 81.70%
[9/10]: Quantized Accuracy: 81.50%
[10/10]: Relaxed Model, Accuracy: 68.80%
Expected bit operations: 4015909440.0
====================================================================================================
Winning Bit Width: [8, 8, 8, 8, 8, 8, 8, 8, 8]
[10/10]: Full precision Accuracy: 82.20%
[10/10]: Quantized Accuracy: 81.60%
================================================================================
Full precision BOPs: 16110067712.00
Full precision accuracy: 81.95 ± 0.33
Average wining bit configuration: [[8, 8, 8, 8, None, 8], [None], [None, 8, 8, 8, None, 8]]
Standard deviation of wining bit configuration: [[0.0, 0.0, 0.0, 1.265, 0, 0.0], [0], [0, 0.0, 0.0, 1.265, 0, 1.265]]
Bit width: 7.87 ± 0.28
Quantized BOPs: 4015850326.40 ± 177340.80
Quantized accuracy: 81.36 ± 0.81
