num_runs: 10
dataset_name: Cora
epochs: 50
hidden_channels: 128
lr: 0.01
lr_quant: 0.001
weight_decay: 0.0002
device: cuda
log_dir: ablation_study
num_bits_list: [2, 4, 8]
bit_width_lambda: 0.07
====================================================================================================
[1/10]: Relaxed Model, Accuracy: 66.80%
Expected bit operations: 4015909440.0
====================================================================================================
Winning Bit Width: [8, 8, 8, 2, 8, 8, 8, 2, 8]
[1/10]: Full precision Accuracy: 81.50%
[1/10]: Quantized Accuracy: 80.10%
[2/10]: Relaxed Model, Accuracy: 63.70%
Expected bit operations: 3353035381.3333335
====================================================================================================
Winning Bit Width: [8, 8, 4, 2, 8, 8, 8, 2, 4]
[2/10]: Full precision Accuracy: 81.90%
[2/10]: Quantized Accuracy: 79.10%
[3/10]: Relaxed Model, Accuracy: 60.40%
Expected bit operations: 3353626517.3333335
====================================================================================================
Winning Bit Width: [8, 8, 4, 2, 8, 8, 8, 8, 8]
[3/10]: Full precision Accuracy: 81.10%
[3/10]: Quantized Accuracy: 80.40%
[4/10]: Relaxed Model, Accuracy: 63.10%
Expected bit operations: 3353626517.3333335
====================================================================================================
Winning Bit Width: [8, 8, 4, 2, 8, 8, 8, 2, 8]
[4/10]: Full precision Accuracy: 82.60%
[4/10]: Quantized Accuracy: 80.80%
[5/10]: Relaxed Model, Accuracy: 66.00%
Expected bit operations: 3353626517.3333335
====================================================================================================
Winning Bit Width: [8, 8, 4, 2, 8, 8, 8, 2, 8]
[5/10]: Full precision Accuracy: 82.10%
[5/10]: Quantized Accuracy: 80.30%
[6/10]: Relaxed Model, Accuracy: 59.80%
Expected bit operations: 3353626517.3333335
====================================================================================================
Winning Bit Width: [8, 8, 4, 8, 8, 8, 8, 2, 8]
[6/10]: Full precision Accuracy: 82.40%
[6/10]: Quantized Accuracy: 79.20%
[7/10]: Relaxed Model, Accuracy: 70.60%
Expected bit operations: 3353035381.3333335
====================================================================================================
Winning Bit Width: [8, 8, 4, 2, 8, 8, 8, 2, 4]
[7/10]: Full precision Accuracy: 81.40%
[7/10]: Quantized Accuracy: 77.40%
[8/10]: Relaxed Model, Accuracy: 71.10%
Expected bit operations: 4015909440.0
====================================================================================================
Winning Bit Width: [8, 8, 8, 2, 8, 8, 8, 2, 8]
[8/10]: Full precision Accuracy: 81.00%
[8/10]: Quantized Accuracy: 80.30%
[9/10]: Relaxed Model, Accuracy: 70.50%
Expected bit operations: 3353035381.3333335
====================================================================================================
Winning Bit Width: [8, 8, 4, 2, 8, 8, 8, 2, 4]
[9/10]: Full precision Accuracy: 82.20%
[9/10]: Quantized Accuracy: 78.60%
[10/10]: Relaxed Model, Accuracy: 62.10%
Expected bit operations: 3337412501.3333335
====================================================================================================
Winning Bit Width: [8, 8, 4, 2, 2, 8, 8, 2, 8]
[10/10]: Full precision Accuracy: 82.20%
[10/10]: Quantized Accuracy: 79.20%
================================================================================
Full precision BOPs: 16110067712.00
Full precision accuracy: 81.84 ± 0.53
Average wining bit configuration: [[8, 8, 4, 2, None, 8], [None], [None, 8, 8, 2, None, 8]]
Standard deviation of wining bit configuration: [[0.0, 0.0, 1.687, 1.897, 0, 1.897], [0], [0, 0.0, 0.0, 1.897, 0, 1.932]]
Bit width: 6.24 ± 0.48
Quantized BOPs: 3484284359.47 ± 265854577.70
Quantized accuracy: 79.54 ± 0.98
