num_runs: 10
dataset_name: Cora
epochs: 50
hidden_channels: 128
lr: 0.01
lr_quant: 0.001
weight_decay: 0.0002
device: cuda
log_dir: ablation_study
num_bits_list: [2, 4, 8]
bit_width_lambda: 0.045
====================================================================================================
[1/10]: Relaxed Model, Accuracy: 76.10%
Expected bit operations: 3353035381.3333335
====================================================================================================
Winning Bit Width: [8, 8, 4, 2, 8, 8, 8, 2, 4]
[1/10]: Full precision Accuracy: 81.60%
[1/10]: Quantized Accuracy: 78.30%
[2/10]: Relaxed Model, Accuracy: 74.70%
Expected bit operations: 3353626517.3333335
====================================================================================================
Winning Bit Width: [8, 8, 4, 2, 8, 8, 8, 2, 8]
[2/10]: Full precision Accuracy: 82.30%
[2/10]: Quantized Accuracy: 80.70%
[3/10]: Relaxed Model, Accuracy: 67.00%
Expected bit operations: 4015909440.0
====================================================================================================
Winning Bit Width: [8, 8, 8, 2, 8, 8, 8, 2, 8]
[3/10]: Full precision Accuracy: 82.50%
[3/10]: Quantized Accuracy: 80.60%
[4/10]: Relaxed Model, Accuracy: 68.30%
Expected bit operations: 3353035381.3333335
====================================================================================================
Winning Bit Width: [8, 8, 4, 2, 8, 8, 8, 2, 4]
[4/10]: Full precision Accuracy: 82.30%
[4/10]: Quantized Accuracy: 77.50%
[5/10]: Relaxed Model, Accuracy: 53.50%
Expected bit operations: 3353626517.3333335
====================================================================================================
Winning Bit Width: [8, 8, 4, 2, 8, 8, 8, 2, 8]
[5/10]: Full precision Accuracy: 81.70%
[5/10]: Quantized Accuracy: 79.70%
[6/10]: Relaxed Model, Accuracy: 73.30%
Expected bit operations: 3337412501.3333335
====================================================================================================
Winning Bit Width: [8, 8, 4, 2, 2, 8, 8, 2, 8]
[6/10]: Full precision Accuracy: 82.10%
[6/10]: Quantized Accuracy: 78.50%
[7/10]: Relaxed Model, Accuracy: 69.90%
Expected bit operations: 4015909440.0
====================================================================================================
Winning Bit Width: [8, 8, 8, 2, 8, 8, 8, 2, 8]
[7/10]: Full precision Accuracy: 82.20%
[7/10]: Quantized Accuracy: 80.10%
[8/10]: Relaxed Model, Accuracy: 64.40%
Expected bit operations: 3999104288.0
====================================================================================================
Winning Bit Width: [8, 8, 8, 2, 2, 8, 8, 2, 4]
[8/10]: Full precision Accuracy: 82.20%
[8/10]: Quantized Accuracy: 74.80%
[9/10]: Relaxed Model, Accuracy: 57.80%
Expected bit operations: 4015318304.0
====================================================================================================
Winning Bit Width: [8, 8, 8, 2, 8, 8, 8, 2, 4]
[9/10]: Full precision Accuracy: 82.00%
[9/10]: Quantized Accuracy: 78.40%
[10/10]: Relaxed Model, Accuracy: 69.40%
Expected bit operations: 3353626517.3333335
====================================================================================================
Winning Bit Width: [8, 8, 4, 2, 8, 8, 8, 2, 8]
[10/10]: Full precision Accuracy: 82.00%
[10/10]: Quantized Accuracy: 79.80%
================================================================================
Full precision BOPs: 16110067712.00
Full precision accuracy: 82.09 ± 0.26
Average wining bit configuration: [[8, 8, 4, 2, None, 8], [None], [None, 8, 8, 2, None, 8]]
Standard deviation of wining bit configuration: [[0.0, 0.0, 2.066, 0.0, 0, 2.53], [0], [0, 0.0, 0.0, 0.0, 0, 2.066]]
Bit width: 6.09 ± 0.39
Quantized BOPs: 3615060428.80 ± 323805744.98
Quantized accuracy: 78.84 ± 1.69
