num_runs: 10
dataset_name: Cora
epochs: 50
hidden_channels: 128
lr: 0.01
lr_quant: 0.001
weight_decay: 0.0002
device: cuda
log_dir: ablation_study
num_bits_list: [2, 4, 8]
bit_width_lambda: -0.055
====================================================================================================
[1/10]: Relaxed Model, Accuracy: 70.70%
Expected bit operations: 4015909440.0
====================================================================================================
Winning Bit Width: [8, 8, 8, 8, 8, 8, 8, 8, 8]
[1/10]: Full precision Accuracy: 82.70%
[1/10]: Quantized Accuracy: 82.80%
[2/10]: Relaxed Model, Accuracy: 78.20%
Expected bit operations: 4015909440.0
====================================================================================================
Winning Bit Width: [8, 8, 8, 8, 8, 8, 8, 8, 8]
[2/10]: Full precision Accuracy: 81.70%
[2/10]: Quantized Accuracy: 81.90%
[3/10]: Relaxed Model, Accuracy: 69.40%
Expected bit operations: 4015909440.0
====================================================================================================
Winning Bit Width: [8, 8, 8, 8, 8, 8, 8, 8, 8]
[3/10]: Full precision Accuracy: 81.60%
[3/10]: Quantized Accuracy: 81.50%
[4/10]: Relaxed Model, Accuracy: 65.00%
Expected bit operations: 4015318304.0
====================================================================================================
Winning Bit Width: [8, 8, 8, 4, 8, 8, 8, 8, 4]
[4/10]: Full precision Accuracy: 81.80%
[4/10]: Quantized Accuracy: 80.00%
[5/10]: Relaxed Model, Accuracy: 74.80%
Expected bit operations: 4015909440.0
====================================================================================================
Winning Bit Width: [8, 8, 8, 8, 8, 8, 8, 8, 8]
[5/10]: Full precision Accuracy: 82.20%
[5/10]: Quantized Accuracy: 81.20%
[6/10]: Relaxed Model, Accuracy: 71.70%
Expected bit operations: 4015909440.0
====================================================================================================
Winning Bit Width: [8, 8, 8, 8, 8, 8, 8, 8, 8]
[6/10]: Full precision Accuracy: 82.80%
[6/10]: Quantized Accuracy: 81.60%
[7/10]: Relaxed Model, Accuracy: 71.60%
Expected bit operations: 4015318304.0
====================================================================================================
Winning Bit Width: [8, 8, 8, 8, 8, 8, 8, 8, 4]
[7/10]: Full precision Accuracy: 81.10%
[7/10]: Quantized Accuracy: 80.70%
[8/10]: Relaxed Model, Accuracy: 74.00%
Expected bit operations: 4015318304.0
====================================================================================================
Winning Bit Width: [8, 8, 8, 8, 8, 8, 8, 8, 4]
[8/10]: Full precision Accuracy: 81.90%
[8/10]: Quantized Accuracy: 79.50%
[9/10]: Relaxed Model, Accuracy: 74.50%
Expected bit operations: 4015909440.0
====================================================================================================
Winning Bit Width: [8, 8, 8, 8, 8, 8, 8, 8, 8]
[9/10]: Full precision Accuracy: 82.00%
[9/10]: Quantized Accuracy: 81.80%
[10/10]: Relaxed Model, Accuracy: 74.00%
Expected bit operations: 4015909440.0
====================================================================================================
Winning Bit Width: [8, 8, 8, 8, 8, 8, 8, 8, 8]
[10/10]: Full precision Accuracy: 82.70%
[10/10]: Quantized Accuracy: 82.50%
================================================================================
Full precision BOPs: 16110067712.00
Full precision accuracy: 82.05 ± 0.52
Average wining bit configuration: [[8, 8, 8, 8, None, 8], [None], [None, 8, 8, 8, None, 8]]
Standard deviation of wining bit configuration: [[0.0, 0.0, 0.0, 1.265, 0, 0.0], [0], [0, 0.0, 0.0, 0.0, 0, 1.932]]
Bit width: 7.82 ± 0.29
Quantized BOPs: 4015732099.20 ± 270892.55
Quantized accuracy: 81.35 ± 0.99
