num_runs: 10
dataset_name: Cora
epochs: 50
hidden_channels: 128
lr: 0.01
lr_quant: 0.001
weight_decay: 0.0002
device: cuda
log_dir: ablation_study
num_bits_list: [2, 4, 8]
bit_width_lambda: 0.1
====================================================================================================
[1/10]: Relaxed Model, Accuracy: 71.10%
Expected bit operations: 3342817173.3333335
====================================================================================================
Winning Bit Width: [8, 8, 4, 2, 4, 8, 8, 2, 8]
[1/10]: Full precision Accuracy: 81.60%
[1/10]: Quantized Accuracy: 80.10%
[2/10]: Relaxed Model, Accuracy: 55.10%
Expected bit operations: 3337412501.3333335
====================================================================================================
Winning Bit Width: [8, 8, 4, 2, 2, 8, 8, 2, 8]
[2/10]: Full precision Accuracy: 82.40%
[2/10]: Quantized Accuracy: 79.70%
[3/10]: Relaxed Model, Accuracy: 71.00%
Expected bit operations: 3353626517.3333335
====================================================================================================
Winning Bit Width: [8, 8, 4, 2, 8, 8, 8, 2, 8]
[3/10]: Full precision Accuracy: 82.60%
[3/10]: Quantized Accuracy: 80.30%
[4/10]: Relaxed Model, Accuracy: 70.30%
Expected bit operations: 3336821365.3333335
====================================================================================================
Winning Bit Width: [8, 8, 4, 2, 2, 8, 8, 2, 4]
[4/10]: Full precision Accuracy: 82.20%
[4/10]: Quantized Accuracy: 76.40%
[5/10]: Relaxed Model, Accuracy: 63.80%
Expected bit operations: 3353626517.3333335
====================================================================================================
Winning Bit Width: [8, 8, 4, 2, 8, 8, 8, 2, 8]
[5/10]: Full precision Accuracy: 81.80%
[5/10]: Quantized Accuracy: 80.30%
[6/10]: Relaxed Model, Accuracy: 69.80%
Expected bit operations: 3353035381.3333335
====================================================================================================
Winning Bit Width: [8, 8, 4, 8, 8, 8, 8, 2, 4]
[6/10]: Full precision Accuracy: 82.30%
[6/10]: Quantized Accuracy: 79.20%
[7/10]: Relaxed Model, Accuracy: 66.20%
Expected bit operations: 3336821365.3333335
====================================================================================================
Winning Bit Width: [8, 8, 4, 2, 2, 8, 8, 8, 4]
[7/10]: Full precision Accuracy: 81.40%
[7/10]: Quantized Accuracy: 77.10%
[8/10]: Relaxed Model, Accuracy: 66.10%
Expected bit operations: 3353626517.3333335
====================================================================================================
Winning Bit Width: [8, 8, 4, 2, 8, 8, 8, 2, 8]
[8/10]: Full precision Accuracy: 81.90%
[8/10]: Quantized Accuracy: 79.90%
[9/10]: Relaxed Model, Accuracy: 70.60%
Expected bit operations: 3353035381.3333335
====================================================================================================
Winning Bit Width: [8, 8, 4, 2, 8, 8, 8, 2, 4]
[9/10]: Full precision Accuracy: 81.70%
[9/10]: Quantized Accuracy: 76.20%
[10/10]: Relaxed Model, Accuracy: 75.00%
Expected bit operations: 3353035381.3333335
====================================================================================================
Winning Bit Width: [8, 8, 4, 2, 8, 8, 8, 2, 4]
[10/10]: Full precision Accuracy: 82.50%
[10/10]: Quantized Accuracy: 77.70%
================================================================================
Full precision BOPs: 16110067712.00
Full precision accuracy: 82.04 ± 0.39
Average wining bit configuration: [[8, 8, 4, 2, None, 8], [None], [None, 8, 8, 2, None, 8]]
Standard deviation of wining bit configuration: [[0.0, 0.0, 0.0, 1.897, 0, 2.898], [0], [0, 0.0, 0.0, 1.897, 0, 2.108]]
Bit width: 5.89 ± 0.38
Quantized BOPs: 3347385810.13 ± 7457523.46
Quantized accuracy: 78.69 ± 1.58
