num_runs: 10
dataset_name: Cora
epochs: 50
hidden_channels: 128
lr: 0.01
lr_quant: 0.001
weight_decay: 0.0002
device: cuda
log_dir: ablation_study
num_bits_list: [2, 4, 8]
bit_width_lambda: -0.095
====================================================================================================
[1/10]: Relaxed Model, Accuracy: 69.90%
Expected bit operations: 4015909440.0
====================================================================================================
Winning Bit Width: [8, 8, 8, 8, 8, 8, 8, 8, 8]
[1/10]: Full precision Accuracy: 82.00%
[1/10]: Quantized Accuracy: 81.90%
[2/10]: Relaxed Model, Accuracy: 74.30%
Expected bit operations: 4015909440.0
====================================================================================================
Winning Bit Width: [8, 8, 8, 8, 8, 8, 8, 8, 8]
[2/10]: Full precision Accuracy: 81.40%
[2/10]: Quantized Accuracy: 81.60%
[3/10]: Relaxed Model, Accuracy: 71.40%
Expected bit operations: 4015909440.0
====================================================================================================
Winning Bit Width: [8, 8, 8, 8, 8, 8, 8, 8, 8]
[3/10]: Full precision Accuracy: 81.60%
[3/10]: Quantized Accuracy: 81.50%
[4/10]: Relaxed Model, Accuracy: 77.20%
Expected bit operations: 4015909440.0
====================================================================================================
Winning Bit Width: [8, 8, 8, 8, 8, 8, 8, 4, 8]
[4/10]: Full precision Accuracy: 82.00%
[4/10]: Quantized Accuracy: 81.60%
[5/10]: Relaxed Model, Accuracy: 75.60%
Expected bit operations: 4015318304.0
====================================================================================================
Winning Bit Width: [8, 8, 8, 8, 8, 8, 8, 8, 4]
[5/10]: Full precision Accuracy: 82.50%
[5/10]: Quantized Accuracy: 80.20%
[6/10]: Relaxed Model, Accuracy: 73.80%
Expected bit operations: 4015909440.0
====================================================================================================
Winning Bit Width: [8, 8, 8, 8, 8, 8, 8, 8, 8]
[6/10]: Full precision Accuracy: 82.60%
[6/10]: Quantized Accuracy: 82.40%
[7/10]: Relaxed Model, Accuracy: 70.10%
Expected bit operations: 4015909440.0
====================================================================================================
Winning Bit Width: [8, 8, 8, 8, 8, 8, 8, 8, 8]
[7/10]: Full precision Accuracy: 82.80%
[7/10]: Quantized Accuracy: 83.20%
[8/10]: Relaxed Model, Accuracy: 71.00%
Expected bit operations: 4015909440.0
====================================================================================================
Winning Bit Width: [8, 8, 8, 4, 8, 8, 8, 8, 8]
[8/10]: Full precision Accuracy: 81.70%
[8/10]: Quantized Accuracy: 81.40%
[9/10]: Relaxed Model, Accuracy: 71.90%
Expected bit operations: 4015318304.0
====================================================================================================
Winning Bit Width: [8, 8, 8, 8, 8, 8, 8, 8, 4]
[9/10]: Full precision Accuracy: 82.20%
[9/10]: Quantized Accuracy: 80.70%
[10/10]: Relaxed Model, Accuracy: 71.90%
Expected bit operations: 4015909440.0
====================================================================================================
Winning Bit Width: [8, 8, 8, 8, 8, 8, 8, 8, 8]
[10/10]: Full precision Accuracy: 82.30%
[10/10]: Quantized Accuracy: 82.30%
================================================================================
Full precision BOPs: 16110067712.00
Full precision accuracy: 82.11 ± 0.43
Average wining bit configuration: [[8, 8, 8, 8, None, 8], [None], [None, 8, 8, 8, None, 8]]
Standard deviation of wining bit configuration: [[0.0, 0.0, 0.0, 1.265, 0, 0.0], [0], [0, 0.0, 0.0, 1.265, 0, 1.687]]
Bit width: 7.82 ± 0.22
Quantized BOPs: 4015791212.80 ± 236454.40
Quantized accuracy: 81.68 ± 0.81
