runs: 10
epochs: 500
num_layers: 4
dim_embedding: 150
batch_size: 8
lr: 0.0005
device: cuda
log_dir: logs
num_bits_list: [1, 2, 4]
bit_width_lambda: 0.0
====================================================================================================
Run 1/10
Split 1/5
Train Acc 100.00 Val Acc 96.67 Test Acc 93.33 Average Bit Width 3.59
Split 2/5
Train Acc 100.00 Val Acc 93.33 Test Acc 96.67 Average Bit Width 3.59
Split 3/5
Train Acc 98.89 Val Acc 96.67 Test Acc 93.33 Average Bit Width 3.48
Split 4/5
Train Acc 100.00 Val Acc 90.00 Test Acc 93.33 Average Bit Width 3.48
Split 5/5
Train Acc 100.00 Val Acc 86.67 Test Acc 93.33 Average Bit Width 3.48
Run 2/10
Split 1/5
Train Acc 100.00 Val Acc 90.00 Test Acc 93.33 Average Bit Width 3.62
Split 2/5
Train Acc 100.00 Val Acc 93.33 Test Acc 93.33 Average Bit Width 3.79
Split 3/5
Train Acc 100.00 Val Acc 90.00 Test Acc 86.67 Average Bit Width 3.48
Split 4/5
Train Acc 100.00 Val Acc 96.67 Test Acc 100.00 Average Bit Width 3.59
Split 5/5
Train Acc 100.00 Val Acc 90.00 Test Acc 93.33 Average Bit Width 3.59
Run 3/10
Split 1/5
Train Acc 100.00 Val Acc 93.33 Test Acc 93.33 Average Bit Width 3.38
Split 2/5
Train Acc 96.67 Val Acc 80.00 Test Acc 86.67 Average Bit Width 3.21
Split 3/5
Train Acc 100.00 Val Acc 96.67 Test Acc 100.00 Average Bit Width 3.48
Split 4/5
Train Acc 100.00 Val Acc 96.67 Test Acc 100.00 Average Bit Width 3.48
Split 5/5
Train Acc 100.00 Val Acc 96.67 Test Acc 93.33 Average Bit Width 3.48
Run 4/10
Split 1/5
Train Acc 98.89 Val Acc 90.00 Test Acc 93.33 Average Bit Width 3.69
Split 2/5
Train Acc 100.00 Val Acc 96.67 Test Acc 93.33 Average Bit Width 3.59
Split 3/5
Train Acc 100.00 Val Acc 100.00 Test Acc 96.67 Average Bit Width 3.48
Split 4/5
Train Acc 100.00 Val Acc 90.00 Test Acc 90.00 Average Bit Width 3.52
Split 5/5
Train Acc 100.00 Val Acc 96.67 Test Acc 96.67 Average Bit Width 3.48
Run 5/10
Split 1/5
Train Acc 100.00 Val Acc 93.33 Test Acc 90.00 Average Bit Width 3.52
Split 2/5
Train Acc 100.00 Val Acc 93.33 Test Acc 90.00 Average Bit Width 3.59
Split 3/5
Train Acc 100.00 Val Acc 96.67 Test Acc 93.33 Average Bit Width 3.59
Split 4/5
Train Acc 100.00 Val Acc 96.67 Test Acc 100.00 Average Bit Width 3.59
Split 5/5
Train Acc 100.00 Val Acc 73.33 Test Acc 76.67 Average Bit Width 3.31
Run 6/10
Split 1/5
Train Acc 100.00 Val Acc 96.67 Test Acc 96.67 Average Bit Width 3.59
Split 2/5
Train Acc 100.00 Val Acc 96.67 Test Acc 100.00 Average Bit Width 3.59
Split 3/5
Train Acc 100.00 Val Acc 96.67 Test Acc 100.00 Average Bit Width 3.48
Split 4/5
Train Acc 100.00 Val Acc 93.33 Test Acc 96.67 Average Bit Width 3.59
Split 5/5
Train Acc 100.00 Val Acc 93.33 Test Acc 86.67 Average Bit Width 3.59
Run 7/10
Split 1/5
Train Acc 100.00 Val Acc 100.00 Test Acc 100.00 Average Bit Width 3.59
Split 2/5
Train Acc 100.00 Val Acc 100.00 Test Acc 96.67 Average Bit Width 3.69
Split 3/5
Train Acc 100.00 Val Acc 90.00 Test Acc 86.67 Average Bit Width 3.41
Split 4/5
Train Acc 100.00 Val Acc 96.67 Test Acc 100.00 Average Bit Width 3.59
Split 5/5
Train Acc 100.00 Val Acc 93.33 Test Acc 90.00 Average Bit Width 3.69
Run 8/10
Split 1/5
Train Acc 100.00 Val Acc 93.33 Test Acc 96.67 Average Bit Width 3.59
Split 2/5
Train Acc 100.00 Val Acc 100.00 Test Acc 100.00 Average Bit Width 3.59
Split 3/5
Train Acc 100.00 Val Acc 93.33 Test Acc 93.33 Average Bit Width 3.31
Split 4/5
Train Acc 100.00 Val Acc 100.00 Test Acc 96.67 Average Bit Width 3.59
Split 5/5
Train Acc 100.00 Val Acc 86.67 Test Acc 80.00 Average Bit Width 3.59
Run 9/10
Split 1/5
Train Acc 100.00 Val Acc 96.67 Test Acc 93.33 Average Bit Width 3.59
Split 2/5
Train Acc 100.00 Val Acc 90.00 Test Acc 93.33 Average Bit Width 3.48
Split 3/5
Train Acc 100.00 Val Acc 93.33 Test Acc 100.00 Average Bit Width 3.59
Split 4/5
Train Acc 100.00 Val Acc 96.67 Test Acc 93.33 Average Bit Width 3.59
Split 5/5
Train Acc 100.00 Val Acc 93.33 Test Acc 93.33 Average Bit Width 3.59
Run 10/10
Split 1/5
Train Acc 100.00 Val Acc 100.00 Test Acc 100.00 Average Bit Width 3.48
Split 2/5
Train Acc 100.00 Val Acc 90.00 Test Acc 90.00 Average Bit Width 3.59
Split 3/5
Train Acc 100.00 Val Acc 96.67 Test Acc 90.00 Average Bit Width 3.59
Split 4/5
Train Acc 100.00 Val Acc 96.67 Test Acc 100.00 Average Bit Width 3.59
Split 5/5
Train Acc 100.00 Val Acc 100.00 Test Acc 100.00 Average Bit Width 3.59
+------------------------------------------------------------------------------------------------------+
|              CSL Results with 4 layers, [1, 2, 4] bit-widths, and 0.0 bit-width lambda               |
+------------------+-----------+-----------+-----------------+----------+----------+-------------------+
| Train Mean ± Std | Train Min | Train Max | Test Mean ± Std | Test Min | Test Max | Average Bit Width |
+------------------+-----------+-----------+-----------------+----------+----------+-------------------+
|   99.89 ± 0.51   |   96.67   |   100.00  |   94.07 ± 5.18  |  76.67   |  100.00  |    3.54 ± 0.10    |
+------------------+-----------+-----------+-----------------+----------+----------+-------------------+
