dataset_name: IMDB-MULTI
num_folds: 10
epochs: 200
hidden_channels: 64
num_layers: 5
batch_size: 128
lr: 0.01
weight_decay: 0
step_size: 25
gamma: 0.5
device: cuda
plot_statistics: False
log_dir: logs
====================================================================================================
Fold 1/10 - Accuracy: 48.48%
____________________________________________________________________________________________________
Fold 2/10 - Accuracy: 50.00%
____________________________________________________________________________________________________
Fold 3/10 - Accuracy: 40.62%
____________________________________________________________________________________________________
Fold 4/10 - Accuracy: 50.00%
____________________________________________________________________________________________________
Fold 5/10 - Accuracy: 53.12%
____________________________________________________________________________________________________
Fold 6/10 - Accuracy: 50.00%
____________________________________________________________________________________________________
Fold 7/10 - Accuracy: 59.38%
____________________________________________________________________________________________________
Fold 8/10 - Accuracy: 46.88%
____________________________________________________________________________________________________
Fold 9/10 - Accuracy: 53.12%
____________________________________________________________________________________________________
Fold 10/10 - Accuracy: 40.62%
____________________________________________________________________________________________________
Results for 10-fold cross-validation:
Accuracies: 49.22% ± 5.38%
Bit operations: 4902433235.20 ± 204944924.87
====================================================================================================
