dataset_name: Cora
num_runs: 3
epochs: 100
hidden_channels: 128
lr: 0.001
lr_quant: 0.01
weight_decay: 0.0002
batch_size: 512
device: cuda
log_dir: experimental_logs
num_bits_list: [2, 4, 8]
bit_width_lambda: 1.0
====================================================================================================
[1/3]: Relaxed Model, Accuracy: 79.90%
====================================================================================================
Winning Bit Width: [2, 2, 2, 2, 4, 8, 2, 8, 8, 8, 8]
Expected bit operations: 979506676.0
[1/3]: Full precision Accuracy: 75.40%
[1/3]: Quantized Accuracy: 75.40%
[2/3]: Relaxed Model, Accuracy: 80.70%
====================================================================================================
Winning Bit Width: [2, 2, 2, 2, 4, 8, 2, 8, 8, 8, 8]
Expected bit operations: 979506676.0
[2/3]: Full precision Accuracy: 76.60%
[2/3]: Quantized Accuracy: 76.30%
[3/3]: Relaxed Model, Accuracy: 78.60%
====================================================================================================
Winning Bit Width: [2, 2, 2, 2, 4, 8, 2, 8, 8, 8, 8]
Expected bit operations: 979506676.0
[3/3]: Full precision Accuracy: 77.00%
[3/3]: Quantized Accuracy: 74.50%
================================================================================
Full precision accuracy: 76.33 ± 0.68
Average wining bit configuration: [[2, 2, None, 2, 2, None, 4, 8], [None], [None, 2, None, 8, 8, None, 8, 8]]
Standard deviation of wining bit configuration: [[0.0, 0.0, 0, 0.0, 0.0, 0, 0.0, 0.0], [0], [0, 0.0, 0, 0.0, 0.0, 0, 0.0, 0.0]]
Bit width: 4.91 ± 0.00
Quantized BOPs: 979506676.00 ± 0.00
Quantized accuracy: 75.40 ± 0.73
