num_runs: 10
dataset_name: CiteSeer
epochs: 50
hidden_channels: 128
lr: 0.01
lr_quant: 0.001
weight_decay: 0.0002
device: cuda
log_dir: experimental_logs
num_bits_list: [2, 4, 8]
bit_width_lambda: -1e-08
====================================================================================================
[1/10]: Relaxed Model, Accuracy: 67.30%
Expected bit operations: 43807741184.0
====================================================================================================
Winning Bit Width: [8, 8, 4, 8, 8, 4, 8, 8, 4, 8, 8, 4, 8, 8, 8, 8, 8, 8, 8, 8, 8, 8, 8, 8]
[1/10]: Full precision Accuracy: 70.20%
[1/10]: Quantized Accuracy: 71.50%
[2/10]: Relaxed Model, Accuracy: 62.30%
Expected bit operations: 45910334208.0
====================================================================================================
Winning Bit Width: [8, 8, 4, 8, 8, 4, 8, 8, 4, 8, 8, 8, 8, 8, 8, 8, 8, 8, 8, 8, 8, 8, 2, 8]
[2/10]: Full precision Accuracy: 69.00%
[2/10]: Quantized Accuracy: 70.20%
[3/10]: Relaxed Model, Accuracy: 58.50%
Expected bit operations: 50087552768.0
====================================================================================================
Winning Bit Width: [8, 8, 4, 8, 8, 8, 8, 8, 8, 8, 8, 8, 2, 8, 8, 8, 8, 8, 8, 8, 8, 8, 2, 4]
[3/10]: Full precision Accuracy: 70.70%
[3/10]: Quantized Accuracy: 69.70%
[4/10]: Relaxed Model, Accuracy: 67.60%
Expected bit operations: 48012927232.0
====================================================================================================
Winning Bit Width: [8, 8, 4, 8, 8, 4, 8, 8, 8, 8, 8, 8, 2, 8, 8, 8, 8, 8, 8, 8, 8, 8, 8, 8]
[4/10]: Full precision Accuracy: 68.90%
[4/10]: Quantized Accuracy: 70.80%
[5/10]: Relaxed Model, Accuracy: 62.00%
Expected bit operations: 45905223936.0
====================================================================================================
Winning Bit Width: [8, 8, 8, 8, 8, 4, 8, 8, 4, 8, 8, 4, 8, 8, 8, 8, 8, 8, 8, 4, 8, 8, 2, 8]
[5/10]: Full precision Accuracy: 70.60%
[5/10]: Quantized Accuracy: 70.80%
[6/10]: Relaxed Model, Accuracy: 65.80%
Expected bit operations: 46961630720.0
====================================================================================================
Winning Bit Width: [8, 8, 2, 8, 8, 4, 8, 8, 8, 8, 8, 8, 8, 8, 8, 8, 8, 8, 8, 8, 8, 8, 8, 8]
[6/10]: Full precision Accuracy: 69.40%
[6/10]: Quantized Accuracy: 71.00%
[7/10]: Relaxed Model, Accuracy: 67.70%
Expected bit operations: 50087552768.0
====================================================================================================
Winning Bit Width: [8, 8, 8, 8, 8, 4, 8, 8, 8, 8, 8, 8, 2, 8, 8, 8, 8, 8, 8, 8, 8, 8, 8, 4]
[7/10]: Full precision Accuracy: 69.10%
[7/10]: Quantized Accuracy: 70.10%
[8/10]: Relaxed Model, Accuracy: 63.40%
Expected bit operations: 45905223936.0
====================================================================================================
Winning Bit Width: [8, 8, 8, 8, 8, 4, 8, 8, 4, 8, 8, 4, 8, 8, 8, 8, 8, 8, 8, 4, 8, 8, 2, 8]
[8/10]: Full precision Accuracy: 69.30%
[8/10]: Quantized Accuracy: 70.10%
[9/10]: Relaxed Model, Accuracy: 66.90%
Expected bit operations: 42728477184.0
====================================================================================================
Winning Bit Width: [8, 8, 4, 8, 8, 4, 8, 8, 4, 8, 8, 2, 8, 8, 8, 8, 8, 8, 8, 8, 8, 8, 8, 4]
[9/10]: Full precision Accuracy: 69.70%
[9/10]: Quantized Accuracy: 69.80%
[10/10]: Relaxed Model, Accuracy: 65.80%
Expected bit operations: 46961630720.0
====================================================================================================
Winning Bit Width: [8, 8, 2, 8, 8, 4, 8, 8, 8, 8, 8, 8, 2, 8, 8, 8, 8, 8, 8, 8, 8, 8, 8, 8]
[10/10]: Full precision Accuracy: 69.40%
[10/10]: Quantized Accuracy: 70.70%
================================================================================
Full precision BOPs: 157785133696.00
Full precision accuracy: 69.63 ± 0.62
Average wining bit configuration: [[8, 8, 4, 8, 8, 4, 8, 8, 8, 8, 8, 8, 8, None, 8], [None], [None, 8, 8, None, 8, 8, None, 8, 8, None, 8, 8, 8, None, 8]]
Standard deviation of wining bit configuration: [[0.0, 0.0, 2.348, 0.0, 0.0, 1.265, 0.0, 0.0, 2.108, 0.0, 0.0, 2.394, 3.098, 0, 0.0], [0], [0, 0.0, 0.0, 0, 0.0, 0.0, 0, 0.0, 1.687, 0, 0.0, 0.0, 3.098, 0, 1.932]]
Bit width: 7.27 ± 0.16
Quantized BOPs: 46636829465.60 ± 2253816011.02
Quantized accuracy: 70.47 ± 0.55
