num_runs: 5
dataset_name: CiteSeer
epochs: 50
hidden_channels: 128
lr: 0.01
lr_quant: 0.001
weight_decay: 0.0002
device: cuda
log_dir: experimental_logs
num_bits_list: [2, 4, 8]
bit_width_lambda: 0.1
====================================================================================================
[1/5]: Relaxed Model, Accuracy: 36.00%
Expected bit operations: 5282021888.0
====================================================================================================
Winning Bit Width: [2, 4, 4, 2, 2, 8, 8, 2, 4]
[1/5]: Full precision Accuracy: 70.70%
[1/5]: Quantized Accuracy: 64.80%
[2/5]: Relaxed Model, Accuracy: 39.50%
Expected bit operations: 5276911616.0
====================================================================================================
Winning Bit Width: [2, 4, 4, 2, 2, 8, 4, 2, 4]
[2/5]: Full precision Accuracy: 71.00%
[2/5]: Quantized Accuracy: 64.70%
[3/5]: Relaxed Model, Accuracy: 31.00%
Expected bit operations: 5282458880.0
====================================================================================================
Winning Bit Width: [2, 4, 4, 2, 2, 8, 8, 8, 8]
[3/5]: Full precision Accuracy: 71.00%
[3/5]: Quantized Accuracy: 66.50%
[4/5]: Relaxed Model, Accuracy: 48.30%
Expected bit operations: 5287120128.0
====================================================================================================
Winning Bit Width: [2, 4, 4, 2, 4, 8, 8, 2, 8]
[4/5]: Full precision Accuracy: 70.70%
[4/5]: Quantized Accuracy: 66.60%
[5/5]: Relaxed Model, Accuracy: 40.30%
Expected bit operations: 4244709120.0
====================================================================================================
Winning Bit Width: [2, 4, 2, 2, 8, 8, 8, 2, 4]
[5/5]: Full precision Accuracy: 70.40%
[5/5]: Quantized Accuracy: 61.80%
================================================================================
Full precision BOPs: 50678655552.00
Full precision accuracy: 70.76 ± 0.22
Average wining bit configuration: [[2, 4, 4, 2, None, 2], [None], [None, 8, 8, 2, None, 4]]
Standard deviation of wining bit configuration: [[0.0, 0.0, 0.894, 0.0, 0, 2.608], [0], [0, 0.0, 1.789, 2.683, 0, 2.191]]
Bit width: 4.36 ± 0.54
Quantized BOPs: 5074644326.40 ± 414980195.01
Quantized accuracy: 64.88 ± 1.74
