num_runs: 10
dataset_name: CiteSeer
epochs: 50
hidden_channels: 128
lr: 0.01
lr_quant: 0.001
weight_decay: 0.0002
device: cuda
log_dir: ablation_study
num_bits_list: [2, 4, 8]
bit_width_lambda: -0.015
====================================================================================================
[1/10]: Relaxed Model, Accuracy: 53.90%
Expected bit operations: 12655518208.0
====================================================================================================
Winning Bit Width: [8, 8, 8, 8, 8, 8, 8, 8, 8]
[1/10]: Full precision Accuracy: 70.40%
[1/10]: Quantized Accuracy: 71.00%
[2/10]: Relaxed Model, Accuracy: 52.70%
Expected bit operations: 12655081216.0
====================================================================================================
Winning Bit Width: [8, 8, 8, 8, 8, 8, 8, 8, 4]
[2/10]: Full precision Accuracy: 70.90%
[2/10]: Quantized Accuracy: 68.70%
[3/10]: Relaxed Model, Accuracy: 48.70%
Expected bit operations: 12655518208.0
====================================================================================================
Winning Bit Width: [8, 8, 8, 8, 8, 8, 8, 8, 8]
[3/10]: Full precision Accuracy: 70.80%
[3/10]: Quantized Accuracy: 71.00%
[4/10]: Relaxed Model, Accuracy: 55.90%
Expected bit operations: 10543602688.0
====================================================================================================
Winning Bit Width: [8, 8, 4, 8, 4, 8, 8, 8, 8]
[4/10]: Full precision Accuracy: 69.00%
[4/10]: Quantized Accuracy: 70.80%
[5/10]: Relaxed Model, Accuracy: 57.90%
Expected bit operations: 12646195712.0
====================================================================================================
Winning Bit Width: [8, 8, 8, 8, 4, 8, 8, 8, 8]
[5/10]: Full precision Accuracy: 69.80%
[5/10]: Quantized Accuracy: 69.60%
[6/10]: Relaxed Model, Accuracy: 57.60%
Expected bit operations: 12655518208.0
====================================================================================================
Winning Bit Width: [8, 8, 8, 8, 8, 8, 8, 8, 8]
[6/10]: Full precision Accuracy: 71.40%
[6/10]: Quantized Accuracy: 69.60%
[7/10]: Relaxed Model, Accuracy: 54.20%
Expected bit operations: 10538492416.0
====================================================================================================
Winning Bit Width: [8, 8, 4, 8, 4, 8, 4, 8, 8]
[7/10]: Full precision Accuracy: 70.90%
[7/10]: Quantized Accuracy: 70.50%
[8/10]: Relaxed Model, Accuracy: 46.10%
Expected bit operations: 12655518208.0
====================================================================================================
Winning Bit Width: [8, 8, 8, 8, 8, 8, 8, 8, 8]
[8/10]: Full precision Accuracy: 70.10%
[8/10]: Quantized Accuracy: 71.00%
[9/10]: Relaxed Model, Accuracy: 56.00%
Expected bit operations: 12655518208.0
====================================================================================================
Winning Bit Width: [8, 8, 8, 8, 8, 8, 8, 8, 8]
[9/10]: Full precision Accuracy: 70.90%
[9/10]: Quantized Accuracy: 70.60%
[10/10]: Relaxed Model, Accuracy: 56.20%
Expected bit operations: 12655518208.0
====================================================================================================
Winning Bit Width: [8, 8, 8, 8, 8, 8, 8, 8, 8]
[10/10]: Full precision Accuracy: 71.00%
[10/10]: Quantized Accuracy: 71.10%
================================================================================
Full precision BOPs: 50678655552.00
Full precision accuracy: 70.52 ± 0.67
Average wining bit configuration: [[8, 8, 8, 8, None, 8], [None], [None, 8, 8, 8, None, 8]]
Standard deviation of wining bit configuration: [[0.0, 0.0, 1.687, 0.0, 0, 1.932], [0], [0, 0.0, 1.265, 0.0, 0, 1.265]]
Bit width: 7.69 ± 0.45
Quantized BOPs: 12231648128.00 ± 845305508.10
Quantized accuracy: 70.39 ± 0.77
