num_runs: 10
dataset_name: CiteSeer
epochs: 50
hidden_channels: 128
lr: 0.01
lr_quant: 0.001
weight_decay: 0.0002
device: cuda
log_dir: ablation_study
num_bits_list: [2, 4, 8]
bit_width_lambda: -0.065
====================================================================================================
[1/10]: Relaxed Model, Accuracy: 55.00%
Expected bit operations: 12655518208.0
====================================================================================================
Winning Bit Width: [8, 8, 8, 8, 8, 8, 8, 8, 8]
[1/10]: Full precision Accuracy: 69.40%
[1/10]: Quantized Accuracy: 69.90%
[2/10]: Relaxed Model, Accuracy: 52.00%
Expected bit operations: 12655518208.0
====================================================================================================
Winning Bit Width: [8, 8, 8, 8, 8, 8, 8, 8, 8]
[2/10]: Full precision Accuracy: 70.60%
[2/10]: Quantized Accuracy: 70.50%
[3/10]: Relaxed Model, Accuracy: 48.60%
Expected bit operations: 12655518208.0
====================================================================================================
Winning Bit Width: [8, 8, 8, 8, 8, 8, 8, 8, 8]
[3/10]: Full precision Accuracy: 70.20%
[3/10]: Quantized Accuracy: 70.40%
[4/10]: Relaxed Model, Accuracy: 58.10%
Expected bit operations: 12655518208.0
====================================================================================================
Winning Bit Width: [8, 8, 8, 8, 8, 8, 8, 8, 8]
[4/10]: Full precision Accuracy: 69.10%
[4/10]: Quantized Accuracy: 69.80%
[5/10]: Relaxed Model, Accuracy: 54.60%
Expected bit operations: 12655518208.0
====================================================================================================
Winning Bit Width: [8, 8, 8, 8, 8, 8, 8, 8, 8]
[5/10]: Full precision Accuracy: 70.40%
[5/10]: Quantized Accuracy: 69.90%
[6/10]: Relaxed Model, Accuracy: 59.40%
Expected bit operations: 12655518208.0
====================================================================================================
Winning Bit Width: [8, 8, 8, 8, 8, 8, 8, 8, 8]
[6/10]: Full precision Accuracy: 68.90%
[6/10]: Quantized Accuracy: 70.70%
[7/10]: Relaxed Model, Accuracy: 47.80%
Expected bit operations: 12655081216.0
====================================================================================================
Winning Bit Width: [8, 8, 8, 8, 8, 8, 8, 8, 4]
[7/10]: Full precision Accuracy: 69.50%
[7/10]: Quantized Accuracy: 69.80%
[8/10]: Relaxed Model, Accuracy: 56.70%
Expected bit operations: 12655518208.0
====================================================================================================
Winning Bit Width: [8, 8, 8, 8, 8, 8, 8, 8, 8]
[8/10]: Full precision Accuracy: 70.60%
[8/10]: Quantized Accuracy: 70.60%
[9/10]: Relaxed Model, Accuracy: 47.40%
Expected bit operations: 12655081216.0
====================================================================================================
Winning Bit Width: [8, 8, 8, 8, 8, 8, 8, 8, 4]
[9/10]: Full precision Accuracy: 70.10%
[9/10]: Quantized Accuracy: 67.00%
[10/10]: Relaxed Model, Accuracy: 51.90%
Expected bit operations: 12655518208.0
====================================================================================================
Winning Bit Width: [8, 8, 8, 8, 8, 8, 8, 8, 8]
[10/10]: Full precision Accuracy: 70.40%
[10/10]: Quantized Accuracy: 69.70%
================================================================================
Full precision BOPs: 50678655552.00
Full precision accuracy: 69.92 ± 0.60
Average wining bit configuration: [[8, 8, 8, 8, None, 8], [None], [None, 8, 8, 8, None, 8]]
Standard deviation of wining bit configuration: [[0.0, 0.0, 0.0, 0.0, 0, 0.0], [0], [0, 0.0, 0.0, 0.0, 0, 1.687]]
Bit width: 7.91 ± 0.18
Quantized BOPs: 12655430809.60 ± 174796.80
Quantized accuracy: 69.83 ± 1.01
