num_runs: 10
dataset_name: CiteSeer
epochs: 50
hidden_channels: 128
lr: 0.01
lr_quant: 0.001
weight_decay: 0.0002
device: cuda
log_dir: ablation_study
num_bits_list: [2, 4, 8]
bit_width_lambda: -0.01
====================================================================================================
[1/10]: Relaxed Model, Accuracy: 58.40%
Expected bit operations: 12655518208.0
====================================================================================================
Winning Bit Width: [8, 8, 8, 8, 8, 8, 8, 8, 8]
[1/10]: Full precision Accuracy: 69.40%
[1/10]: Quantized Accuracy: 70.10%
[2/10]: Relaxed Model, Accuracy: 47.80%
Expected bit operations: 12655518208.0
====================================================================================================
Winning Bit Width: [8, 8, 8, 8, 8, 8, 8, 8, 8]
[2/10]: Full precision Accuracy: 69.90%
[2/10]: Quantized Accuracy: 69.20%
[3/10]: Relaxed Model, Accuracy: 51.10%
Expected bit operations: 12650407936.0
====================================================================================================
Winning Bit Width: [8, 8, 8, 8, 8, 8, 4, 8, 8]
[3/10]: Full precision Accuracy: 69.90%
[3/10]: Quantized Accuracy: 70.40%
[4/10]: Relaxed Model, Accuracy: 58.00%
Expected bit operations: 12655518208.0
====================================================================================================
Winning Bit Width: [8, 8, 8, 8, 8, 8, 8, 8, 8]
[4/10]: Full precision Accuracy: 69.80%
[4/10]: Quantized Accuracy: 70.40%
[5/10]: Relaxed Model, Accuracy: 55.60%
Expected bit operations: 12655518208.0
====================================================================================================
Winning Bit Width: [8, 8, 8, 8, 8, 8, 8, 8, 8]
[5/10]: Full precision Accuracy: 71.20%
[5/10]: Quantized Accuracy: 70.70%
[6/10]: Relaxed Model, Accuracy: 59.30%
Expected bit operations: 12646195712.0
====================================================================================================
Winning Bit Width: [8, 8, 8, 8, 4, 8, 8, 8, 8]
[6/10]: Full precision Accuracy: 69.60%
[6/10]: Quantized Accuracy: 70.60%
[7/10]: Relaxed Model, Accuracy: 56.10%
Expected bit operations: 12655518208.0
====================================================================================================
Winning Bit Width: [8, 8, 8, 8, 8, 8, 8, 8, 8]
[7/10]: Full precision Accuracy: 70.40%
[7/10]: Quantized Accuracy: 71.10%
[8/10]: Relaxed Model, Accuracy: 57.50%
Expected bit operations: 12655518208.0
====================================================================================================
Winning Bit Width: [8, 8, 8, 8, 8, 8, 8, 8, 8]
[8/10]: Full precision Accuracy: 70.60%
[8/10]: Quantized Accuracy: 69.80%
[9/10]: Relaxed Model, Accuracy: 51.20%
Expected bit operations: 12650407936.0
====================================================================================================
Winning Bit Width: [8, 8, 8, 8, 8, 8, 4, 8, 8]
[9/10]: Full precision Accuracy: 70.00%
[9/10]: Quantized Accuracy: 70.70%
[10/10]: Relaxed Model, Accuracy: 59.90%
Expected bit operations: 10543165696.0
====================================================================================================
Winning Bit Width: [8, 8, 4, 8, 4, 8, 8, 8, 4]
[10/10]: Full precision Accuracy: 70.20%
[10/10]: Quantized Accuracy: 70.70%
================================================================================
Full precision BOPs: 50678655552.00
Full precision accuracy: 70.10 ± 0.50
Average wining bit configuration: [[8, 8, 8, 8, None, 8], [None], [None, 8, 8, 8, None, 8]]
Standard deviation of wining bit configuration: [[0.0, 0.0, 1.265, 0.0, 0, 1.687], [0], [0, 0.0, 1.687, 0.0, 0, 1.265]]
Bit width: 7.73 ± 0.41
Quantized BOPs: 12442328652.80 ± 633061956.62
Quantized accuracy: 70.37 ± 0.52
