num_runs: 10
dataset_name: CiteSeer
epochs: 50
hidden_channels: 128
lr: 0.01
lr_quant: 0.001
weight_decay: 0.0002
device: cuda
log_dir: ablation_study
num_bits_list: [2, 4, 8]
bit_width_lambda: -0.025
====================================================================================================
[1/10]: Relaxed Model, Accuracy: 55.40%
Expected bit operations: 12655518208.0
====================================================================================================
Winning Bit Width: [8, 8, 8, 8, 8, 8, 8, 8, 8]
[1/10]: Full precision Accuracy: 70.20%
[1/10]: Quantized Accuracy: 70.20%
[2/10]: Relaxed Model, Accuracy: 55.70%
Expected bit operations: 12655081216.0
====================================================================================================
Winning Bit Width: [8, 8, 8, 8, 8, 8, 8, 8, 4]
[2/10]: Full precision Accuracy: 70.90%
[2/10]: Quantized Accuracy: 70.00%
[3/10]: Relaxed Model, Accuracy: 54.60%
Expected bit operations: 12655518208.0
====================================================================================================
Winning Bit Width: [8, 8, 8, 8, 8, 8, 8, 8, 8]
[3/10]: Full precision Accuracy: 71.20%
[3/10]: Quantized Accuracy: 70.90%
[4/10]: Relaxed Model, Accuracy: 58.80%
Expected bit operations: 12655518208.0
====================================================================================================
Winning Bit Width: [8, 8, 8, 8, 8, 8, 8, 8, 8]
[4/10]: Full precision Accuracy: 71.10%
[4/10]: Quantized Accuracy: 70.00%
[5/10]: Relaxed Model, Accuracy: 57.20%
Expected bit operations: 12655518208.0
====================================================================================================
Winning Bit Width: [8, 8, 8, 8, 8, 8, 8, 8, 8]
[5/10]: Full precision Accuracy: 71.00%
[5/10]: Quantized Accuracy: 71.20%
[6/10]: Relaxed Model, Accuracy: 48.60%
Expected bit operations: 12655518208.0
====================================================================================================
Winning Bit Width: [8, 8, 8, 8, 8, 8, 8, 8, 8]
[6/10]: Full precision Accuracy: 69.80%
[6/10]: Quantized Accuracy: 69.60%
[7/10]: Relaxed Model, Accuracy: 57.50%
Expected bit operations: 12655518208.0
====================================================================================================
Winning Bit Width: [8, 8, 8, 8, 8, 8, 8, 8, 8]
[7/10]: Full precision Accuracy: 71.20%
[7/10]: Quantized Accuracy: 70.60%
[8/10]: Relaxed Model, Accuracy: 53.00%
Expected bit operations: 12655518208.0
====================================================================================================
Winning Bit Width: [8, 8, 8, 8, 8, 8, 8, 8, 8]
[8/10]: Full precision Accuracy: 70.40%
[8/10]: Quantized Accuracy: 70.30%
[9/10]: Relaxed Model, Accuracy: 48.30%
Expected bit operations: 12646195712.0
====================================================================================================
Winning Bit Width: [8, 8, 8, 8, 4, 8, 8, 8, 8]
[9/10]: Full precision Accuracy: 70.10%
[9/10]: Quantized Accuracy: 71.00%
[10/10]: Relaxed Model, Accuracy: 56.20%
Expected bit operations: 12655518208.0
====================================================================================================
Winning Bit Width: [8, 8, 8, 8, 8, 8, 8, 8, 8]
[10/10]: Full precision Accuracy: 71.20%
[10/10]: Quantized Accuracy: 70.90%
================================================================================
Full precision BOPs: 50678655552.00
Full precision accuracy: 70.71 ± 0.50
Average wining bit configuration: [[8, 8, 8, 8, None, 8], [None], [None, 8, 8, 8, None, 8]]
Standard deviation of wining bit configuration: [[0.0, 0.0, 0.0, 0.0, 0, 1.265], [0], [0, 0.0, 0.0, 0.0, 0, 1.265]]
Bit width: 7.91 ± 0.18
Quantized BOPs: 12654542259.20 ± 2785231.28
Quantized accuracy: 70.47 ± 0.50
