num_runs: 10
dataset_name: CiteSeer
epochs: 50
hidden_channels: 128
lr: 0.01
lr_quant: 0.001
weight_decay: 0.0002
device: cuda
log_dir: ablation_study
num_bits_list: [2, 4, 8]
bit_width_lambda: 0.015
====================================================================================================
[1/10]: Relaxed Model, Accuracy: 44.00%
Expected bit operations: 10552925184.0
====================================================================================================
Winning Bit Width: [4, 8, 8, 2, 8, 8, 8, 2, 8]
[1/10]: Full precision Accuracy: 70.80%
[1/10]: Quantized Accuracy: 67.10%
[2/10]: Relaxed Model, Accuracy: 36.40%
Expected bit operations: 7393925376.0
====================================================================================================
Winning Bit Width: [4, 8, 2, 2, 8, 8, 4, 2, 8]
[2/10]: Full precision Accuracy: 70.80%
[2/10]: Quantized Accuracy: 66.40%
[3/10]: Relaxed Model, Accuracy: 49.40%
Expected bit operations: 10538941440.0
====================================================================================================
Winning Bit Width: [4, 8, 8, 2, 2, 8, 8, 2, 8]
[3/10]: Full precision Accuracy: 70.70%
[3/10]: Quantized Accuracy: 67.00%
[4/10]: Relaxed Model, Accuracy: 45.40%
Expected bit operations: 8445221888.0
====================================================================================================
Winning Bit Width: [4, 8, 4, 2, 8, 8, 4, 8, 8]
[4/10]: Full precision Accuracy: 70.00%
[4/10]: Quantized Accuracy: 68.70%
[5/10]: Relaxed Model, Accuracy: 41.80%
Expected bit operations: 10552925184.0
====================================================================================================
Winning Bit Width: [4, 8, 8, 2, 8, 8, 8, 8, 8]
[5/10]: Full precision Accuracy: 69.30%
[5/10]: Quantized Accuracy: 70.30%
[6/10]: Relaxed Model, Accuracy: 51.60%
Expected bit operations: 8440572672.0
====================================================================================================
Winning Bit Width: [4, 8, 4, 2, 4, 8, 8, 2, 4]
[6/10]: Full precision Accuracy: 70.60%
[6/10]: Quantized Accuracy: 63.30%
[7/10]: Relaxed Model, Accuracy: 41.00%
Expected bit operations: 10552925184.0
====================================================================================================
Winning Bit Width: [4, 8, 8, 2, 8, 8, 8, 8, 8]
[7/10]: Full precision Accuracy: 70.70%
[7/10]: Quantized Accuracy: 69.40%
[8/10]: Relaxed Model, Accuracy: 45.40%
Expected bit operations: 10552925184.0
====================================================================================================
Winning Bit Width: [4, 8, 8, 2, 8, 8, 8, 2, 8]
[8/10]: Full precision Accuracy: 70.50%
[8/10]: Quantized Accuracy: 67.30%
[9/10]: Relaxed Model, Accuracy: 30.00%
Expected bit operations: 10552925184.0
====================================================================================================
Winning Bit Width: [4, 8, 8, 2, 8, 8, 8, 2, 8]
[9/10]: Full precision Accuracy: 69.60%
[9/10]: Quantized Accuracy: 66.80%
[10/10]: Relaxed Model, Accuracy: 44.00%
Expected bit operations: 10552925184.0
====================================================================================================
Winning Bit Width: [4, 8, 8, 2, 8, 8, 8, 2, 8]
[10/10]: Full precision Accuracy: 71.10%
[10/10]: Quantized Accuracy: 66.30%
================================================================================
Full precision BOPs: 50678655552.00
Full precision accuracy: 70.41 ± 0.55
Average wining bit configuration: [[4, 8, 8, 2, None, 8], [None], [None, 8, 8, 2, None, 8]]
Standard deviation of wining bit configuration: [[0.0, 0.0, 2.319, 0.0, 0, 2.16], [0], [0, 0.0, 1.687, 2.898, 0, 1.265]]
Bit width: 6.02 ± 0.63
Quantized BOPs: 9813621248.00 ± 1158370344.63
Quantized accuracy: 67.26 ± 1.83
