num_runs: 10
dataset_name: CiteSeer
epochs: 50
hidden_channels: 128
lr: 0.01
lr_quant: 0.001
weight_decay: 0.0002
device: cuda
log_dir: ablation_study
num_bits_list: [2, 4, 8]
bit_width_lambda: 0.055
====================================================================================================
[1/10]: Relaxed Model, Accuracy: 33.70%
Expected bit operations: 6333755392.0
====================================================================================================
Winning Bit Width: [4, 4, 4, 2, 2, 8, 8, 4, 8]
[1/10]: Full precision Accuracy: 70.00%
[1/10]: Quantized Accuracy: 69.10%
[2/10]: Relaxed Model, Accuracy: 46.40%
Expected bit operations: 6347739136.0
====================================================================================================
Winning Bit Width: [4, 4, 4, 2, 8, 8, 8, 2, 8]
[2/10]: Full precision Accuracy: 70.10%
[2/10]: Quantized Accuracy: 66.40%
[3/10]: Relaxed Model, Accuracy: 42.30%
Expected bit operations: 5296442624.0
====================================================================================================
Winning Bit Width: [2, 4, 4, 4, 8, 8, 8, 8, 8]
[3/10]: Full precision Accuracy: 70.00%
[3/10]: Quantized Accuracy: 70.30%
[4/10]: Relaxed Model, Accuracy: 42.50%
Expected bit operations: 6338416640.0
====================================================================================================
Winning Bit Width: [4, 4, 4, 8, 4, 8, 8, 2, 8]
[4/10]: Full precision Accuracy: 69.60%
[4/10]: Quantized Accuracy: 66.20%
[5/10]: Relaxed Model, Accuracy: 48.20%
Expected bit operations: 6347739136.0
====================================================================================================
Winning Bit Width: [4, 4, 4, 2, 8, 8, 8, 2, 8]
[5/10]: Full precision Accuracy: 70.50%
[5/10]: Quantized Accuracy: 66.60%
[6/10]: Relaxed Model, Accuracy: 42.50%
Expected bit operations: 5296442624.0
====================================================================================================
Winning Bit Width: [2, 4, 4, 4, 8, 8, 8, 2, 8]
[6/10]: Full precision Accuracy: 69.70%
[6/10]: Quantized Accuracy: 65.80%
[7/10]: Relaxed Model, Accuracy: 42.10%
Expected bit operations: 6347739136.0
====================================================================================================
Winning Bit Width: [4, 4, 4, 2, 8, 8, 8, 2, 8]
[7/10]: Full precision Accuracy: 71.90%
[7/10]: Quantized Accuracy: 67.50%
[8/10]: Relaxed Model, Accuracy: 42.30%
Expected bit operations: 6347302144.0
====================================================================================================
Winning Bit Width: [4, 4, 4, 2, 8, 8, 8, 2, 4]
[8/10]: Full precision Accuracy: 69.90%
[8/10]: Quantized Accuracy: 61.00%
[9/10]: Relaxed Model, Accuracy: 45.70%
Expected bit operations: 5296442624.0
====================================================================================================
Winning Bit Width: [2, 4, 4, 2, 8, 8, 8, 2, 8]
[9/10]: Full precision Accuracy: 69.20%
[9/10]: Quantized Accuracy: 65.70%
[10/10]: Relaxed Model, Accuracy: 47.10%
Expected bit operations: 5296442624.0
====================================================================================================
Winning Bit Width: [2, 4, 4, 2, 8, 8, 8, 2, 8]
[10/10]: Full precision Accuracy: 70.10%
[10/10]: Quantized Accuracy: 65.70%
================================================================================
Full precision BOPs: 50678655552.00
Full precision accuracy: 70.10 ± 0.68
Average wining bit configuration: [[4, 4, 4, 2, None, 8], [None], [None, 8, 8, 2, None, 8]]
Standard deviation of wining bit configuration: [[1.033, 0.0, 0.0, 1.944, 0, 2.16], [0], [0, 0.0, 0.0, 1.932, 0, 1.265]]
Bit width: 5.29 ± 0.31
Quantized BOPs: 5924846208.00 ± 513107764.90
Quantized accuracy: 66.43 ± 2.33
