num_runs: 10
dataset_name: CiteSeer
epochs: 50
hidden_channels: 128
lr: 0.01
lr_quant: 0.001
weight_decay: 0.0002
device: cuda
log_dir: ablation_study
num_bits_list: [2, 4, 8]
bit_width_lambda: -0.09
====================================================================================================
[1/10]: Relaxed Model, Accuracy: 57.40%
Expected bit operations: 12655518208.0
====================================================================================================
Winning Bit Width: [8, 8, 8, 4, 8, 8, 8, 8, 8]
[1/10]: Full precision Accuracy: 70.50%
[1/10]: Quantized Accuracy: 69.60%
[2/10]: Relaxed Model, Accuracy: 52.90%
Expected bit operations: 12655518208.0
====================================================================================================
Winning Bit Width: [8, 8, 8, 4, 8, 8, 8, 8, 8]
[2/10]: Full precision Accuracy: 70.80%
[2/10]: Quantized Accuracy: 70.20%
[3/10]: Relaxed Model, Accuracy: 52.50%
Expected bit operations: 12655518208.0
====================================================================================================
Winning Bit Width: [8, 8, 8, 8, 8, 8, 8, 8, 8]
[3/10]: Full precision Accuracy: 70.30%
[3/10]: Quantized Accuracy: 70.10%
[4/10]: Relaxed Model, Accuracy: 57.80%
Expected bit operations: 12655518208.0
====================================================================================================
Winning Bit Width: [8, 8, 8, 8, 8, 8, 8, 4, 8]
[4/10]: Full precision Accuracy: 69.70%
[4/10]: Quantized Accuracy: 70.30%
[5/10]: Relaxed Model, Accuracy: 54.40%
Expected bit operations: 12655518208.0
====================================================================================================
Winning Bit Width: [8, 8, 8, 8, 8, 8, 8, 8, 8]
[5/10]: Full precision Accuracy: 70.60%
[5/10]: Quantized Accuracy: 69.00%
[6/10]: Relaxed Model, Accuracy: 49.90%
Expected bit operations: 12655518208.0
====================================================================================================
Winning Bit Width: [8, 8, 8, 8, 8, 8, 8, 8, 8]
[6/10]: Full precision Accuracy: 70.70%
[6/10]: Quantized Accuracy: 69.40%
[7/10]: Relaxed Model, Accuracy: 49.90%
Expected bit operations: 12655518208.0
====================================================================================================
Winning Bit Width: [8, 8, 8, 8, 8, 8, 8, 8, 8]
[7/10]: Full precision Accuracy: 71.10%
[7/10]: Quantized Accuracy: 70.80%
[8/10]: Relaxed Model, Accuracy: 49.20%
Expected bit operations: 12655518208.0
====================================================================================================
Winning Bit Width: [8, 8, 8, 8, 8, 8, 8, 8, 8]
[8/10]: Full precision Accuracy: 70.50%
[8/10]: Quantized Accuracy: 70.30%
[9/10]: Relaxed Model, Accuracy: 54.80%
Expected bit operations: 12655518208.0
====================================================================================================
Winning Bit Width: [8, 8, 8, 8, 8, 8, 8, 8, 8]
[9/10]: Full precision Accuracy: 69.70%
[9/10]: Quantized Accuracy: 70.00%
[10/10]: Relaxed Model, Accuracy: 60.40%
Expected bit operations: 12655518208.0
====================================================================================================
Winning Bit Width: [8, 8, 8, 8, 8, 8, 8, 8, 8]
[10/10]: Full precision Accuracy: 68.90%
[10/10]: Quantized Accuracy: 70.20%
================================================================================
Full precision BOPs: 50678655552.00
Full precision accuracy: 70.28 ± 0.62
Average wining bit configuration: [[8, 8, 8, 8, None, 8], [None], [None, 8, 8, 8, None, 8]]
Standard deviation of wining bit configuration: [[0.0, 0.0, 0.0, 1.687, 0, 0.0], [0], [0, 0.0, 0.0, 1.265, 0, 0.0]]
Bit width: 7.87 ± 0.20
Quantized BOPs: 12655518208.00 ± 0.00
Quantized accuracy: 69.99 ± 0.49
