num_runs: 10
dataset_name: CiteSeer
epochs: 50
hidden_channels: 128
lr: 0.01
lr_quant: 0.001
weight_decay: 0.0002
device: cuda
log_dir: ablation_study
num_bits_list: [2, 4, 8]
bit_width_lambda: 0.065
====================================================================================================
[1/10]: Relaxed Model, Accuracy: 47.90%
Expected bit operations: 6338416640.0
====================================================================================================
Winning Bit Width: [4, 4, 4, 2, 4, 8, 8, 2, 8]
[1/10]: Full precision Accuracy: 69.20%
[1/10]: Quantized Accuracy: 67.60%
[2/10]: Relaxed Model, Accuracy: 45.90%
Expected bit operations: 6347739136.0
====================================================================================================
Winning Bit Width: [4, 4, 4, 2, 8, 8, 8, 2, 8]
[2/10]: Full precision Accuracy: 70.50%
[2/10]: Quantized Accuracy: 67.40%
[3/10]: Relaxed Model, Accuracy: 46.90%
Expected bit operations: 6347739136.0
====================================================================================================
Winning Bit Width: [4, 4, 4, 2, 8, 8, 8, 8, 8]
[3/10]: Full precision Accuracy: 72.00%
[3/10]: Quantized Accuracy: 68.70%
[4/10]: Relaxed Model, Accuracy: 45.80%
Expected bit operations: 5291332352.0
====================================================================================================
Winning Bit Width: [2, 4, 4, 2, 8, 8, 4, 8, 8]
[4/10]: Full precision Accuracy: 71.10%
[4/10]: Quantized Accuracy: 68.20%
[5/10]: Relaxed Model, Accuracy: 39.30%
Expected bit operations: 6333755392.0
====================================================================================================
Winning Bit Width: [4, 4, 4, 2, 2, 8, 8, 2, 8]
[5/10]: Full precision Accuracy: 70.90%
[5/10]: Quantized Accuracy: 67.50%
[6/10]: Relaxed Model, Accuracy: 53.70%
Expected bit operations: 5282021888.0
====================================================================================================
Winning Bit Width: [2, 4, 4, 2, 2, 8, 8, 2, 4]
[6/10]: Full precision Accuracy: 70.50%
[6/10]: Quantized Accuracy: 63.10%
[7/10]: Relaxed Model, Accuracy: 62.10%
Expected bit operations: 6328208128.0
====================================================================================================
Winning Bit Width: [4, 4, 4, 2, 2, 8, 4, 2, 4]
[7/10]: Full precision Accuracy: 70.10%
[7/10]: Quantized Accuracy: 65.60%
[8/10]: Relaxed Model, Accuracy: 32.30%
Expected bit operations: 6333755392.0
====================================================================================================
Winning Bit Width: [4, 4, 4, 2, 2, 8, 8, 8, 8]
[8/10]: Full precision Accuracy: 70.40%
[8/10]: Quantized Accuracy: 68.20%
[9/10]: Relaxed Model, Accuracy: 42.40%
Expected bit operations: 6338416640.0
====================================================================================================
Winning Bit Width: [4, 4, 4, 2, 4, 8, 8, 2, 8]
[9/10]: Full precision Accuracy: 69.30%
[9/10]: Quantized Accuracy: 66.80%
[10/10]: Relaxed Model, Accuracy: 39.50%
Expected bit operations: 5282458880.0
====================================================================================================
Winning Bit Width: [2, 4, 4, 2, 2, 8, 8, 2, 8]
[10/10]: Full precision Accuracy: 70.80%
[10/10]: Quantized Accuracy: 66.80%
================================================================================
Full precision BOPs: 50678655552.00
Full precision accuracy: 70.48 ± 0.78
Average wining bit configuration: [[4, 4, 4, 2, None, 4], [None], [None, 8, 8, 2, None, 8]]
Standard deviation of wining bit configuration: [[0.966, 0.0, 0.0, 0.0, 0, 2.741], [0], [0, 0.0, 1.687, 2.898, 0, 1.687]]
Bit width: 4.87 ± 0.64
Quantized BOPs: 6022384358.40 ± 482592957.37
Quantized accuracy: 66.99 ± 1.54
