num_runs: 10
dataset_name: CiteSeer
epochs: 50
hidden_channels: 128
lr: 0.01
lr_quant: 0.001
weight_decay: 0.0002
device: cuda
log_dir: ablation_study
num_bits_list: [2, 4, 8]
bit_width_lambda: -0.06
====================================================================================================
[1/10]: Relaxed Model, Accuracy: 55.90%
Expected bit operations: 12655518208.0
====================================================================================================
Winning Bit Width: [8, 8, 8, 8, 8, 8, 8, 2, 8]
[1/10]: Full precision Accuracy: 69.80%
[1/10]: Quantized Accuracy: 67.30%
[2/10]: Relaxed Model, Accuracy: 48.20%
Expected bit operations: 12655518208.0
====================================================================================================
Winning Bit Width: [8, 8, 8, 8, 8, 8, 8, 8, 8]
[2/10]: Full precision Accuracy: 69.40%
[2/10]: Quantized Accuracy: 70.30%
[3/10]: Relaxed Model, Accuracy: 56.70%
Expected bit operations: 12655518208.0
====================================================================================================
Winning Bit Width: [8, 8, 8, 2, 8, 8, 8, 8, 8]
[3/10]: Full precision Accuracy: 69.50%
[3/10]: Quantized Accuracy: 69.40%
[4/10]: Relaxed Model, Accuracy: 44.80%
Expected bit operations: 12655518208.0
====================================================================================================
Winning Bit Width: [8, 8, 8, 2, 8, 8, 8, 8, 8]
[4/10]: Full precision Accuracy: 71.00%
[4/10]: Quantized Accuracy: 69.70%
[5/10]: Relaxed Model, Accuracy: 56.70%
Expected bit operations: 12655518208.0
====================================================================================================
Winning Bit Width: [8, 8, 8, 8, 8, 8, 8, 8, 8]
[5/10]: Full precision Accuracy: 70.50%
[5/10]: Quantized Accuracy: 70.10%
[6/10]: Relaxed Model, Accuracy: 55.10%
Expected bit operations: 12655518208.0
====================================================================================================
Winning Bit Width: [8, 8, 8, 8, 8, 8, 8, 8, 8]
[6/10]: Full precision Accuracy: 71.00%
[6/10]: Quantized Accuracy: 70.70%
[7/10]: Relaxed Model, Accuracy: 52.40%
Expected bit operations: 12655518208.0
====================================================================================================
Winning Bit Width: [8, 8, 8, 2, 8, 8, 8, 8, 8]
[7/10]: Full precision Accuracy: 70.60%
[7/10]: Quantized Accuracy: 69.80%
[8/10]: Relaxed Model, Accuracy: 57.50%
Expected bit operations: 12655518208.0
====================================================================================================
Winning Bit Width: [8, 8, 8, 2, 8, 8, 8, 8, 8]
[8/10]: Full precision Accuracy: 70.60%
[8/10]: Quantized Accuracy: 68.10%
[9/10]: Relaxed Model, Accuracy: 53.40%
Expected bit operations: 12655518208.0
====================================================================================================
Winning Bit Width: [8, 8, 8, 8, 8, 8, 8, 8, 8]
[9/10]: Full precision Accuracy: 70.60%
[9/10]: Quantized Accuracy: 70.80%
[10/10]: Relaxed Model, Accuracy: 44.00%
Expected bit operations: 12655518208.0
====================================================================================================
Winning Bit Width: [8, 8, 8, 8, 8, 8, 8, 8, 8]
[10/10]: Full precision Accuracy: 70.30%
[10/10]: Quantized Accuracy: 70.60%
================================================================================
Full precision BOPs: 50678655552.00
Full precision accuracy: 70.33 ± 0.55
Average wining bit configuration: [[8, 8, 8, 8, None, 8], [None], [None, 8, 8, 8, None, 8]]
Standard deviation of wining bit configuration: [[0.0, 0.0, 0.0, 3.098, 0, 0.0], [0], [0, 0.0, 0.0, 1.897, 0, 0.0]]
Bit width: 7.67 ± 0.33
Quantized BOPs: 12655518208.00 ± 0.00
Quantized accuracy: 69.68 ± 1.09
