num_runs: 10
dataset_name: CiteSeer
epochs: 50
hidden_channels: 128
lr: 0.01
lr_quant: 0.001
weight_decay: 0.0002
device: cuda
log_dir: ablation_study
num_bits_list: [2, 4, 8]
bit_width_lambda: -0.07
====================================================================================================
[1/10]: Relaxed Model, Accuracy: 55.10%
Expected bit operations: 12655518208.0
====================================================================================================
Winning Bit Width: [8, 8, 8, 8, 8, 8, 8, 8, 8]
[1/10]: Full precision Accuracy: 69.50%
[1/10]: Quantized Accuracy: 69.80%
[2/10]: Relaxed Model, Accuracy: 48.20%
Expected bit operations: 12655518208.0
====================================================================================================
Winning Bit Width: [8, 8, 8, 8, 8, 8, 8, 8, 8]
[2/10]: Full precision Accuracy: 70.60%
[2/10]: Quantized Accuracy: 69.60%
[3/10]: Relaxed Model, Accuracy: 45.40%
Expected bit operations: 12655518208.0
====================================================================================================
Winning Bit Width: [8, 8, 8, 8, 8, 8, 8, 8, 8]
[3/10]: Full precision Accuracy: 68.70%
[3/10]: Quantized Accuracy: 69.20%
[4/10]: Relaxed Model, Accuracy: 60.90%
Expected bit operations: 12655518208.0
====================================================================================================
Winning Bit Width: [8, 8, 8, 8, 8, 8, 8, 8, 8]
[4/10]: Full precision Accuracy: 70.00%
[4/10]: Quantized Accuracy: 70.60%
[5/10]: Relaxed Model, Accuracy: 56.30%
Expected bit operations: 12655518208.0
====================================================================================================
Winning Bit Width: [8, 8, 8, 8, 8, 8, 8, 8, 8]
[5/10]: Full precision Accuracy: 71.10%
[5/10]: Quantized Accuracy: 70.70%
[6/10]: Relaxed Model, Accuracy: 50.90%
Expected bit operations: 12655518208.0
====================================================================================================
Winning Bit Width: [8, 8, 8, 8, 8, 8, 8, 8, 8]
[6/10]: Full precision Accuracy: 71.30%
[6/10]: Quantized Accuracy: 71.10%
[7/10]: Relaxed Model, Accuracy: 59.90%
Expected bit operations: 12655518208.0
====================================================================================================
Winning Bit Width: [8, 8, 8, 8, 8, 8, 8, 8, 8]
[7/10]: Full precision Accuracy: 70.40%
[7/10]: Quantized Accuracy: 70.90%
[8/10]: Relaxed Model, Accuracy: 50.60%
Expected bit operations: 12655518208.0
====================================================================================================
Winning Bit Width: [8, 8, 8, 8, 8, 8, 8, 8, 8]
[8/10]: Full precision Accuracy: 70.00%
[8/10]: Quantized Accuracy: 70.20%
[9/10]: Relaxed Model, Accuracy: 59.30%
Expected bit operations: 12650407936.0
====================================================================================================
Winning Bit Width: [8, 8, 8, 8, 8, 8, 4, 8, 8]
[9/10]: Full precision Accuracy: 70.60%
[9/10]: Quantized Accuracy: 70.40%
[10/10]: Relaxed Model, Accuracy: 61.60%
Expected bit operations: 12655518208.0
====================================================================================================
Winning Bit Width: [8, 8, 8, 8, 8, 8, 8, 8, 8]
[10/10]: Full precision Accuracy: 70.30%
[10/10]: Quantized Accuracy: 70.40%
================================================================================
Full precision BOPs: 50678655552.00
Full precision accuracy: 70.25 ± 0.72
Average wining bit configuration: [[8, 8, 8, 8, None, 8], [None], [None, 8, 8, 8, None, 8]]
Standard deviation of wining bit configuration: [[0.0, 0.0, 0.0, 0.0, 0, 0.0], [0], [0, 0.0, 1.265, 0.0, 0, 0.0]]
Bit width: 7.96 ± 0.13
Quantized BOPs: 12655007180.80 ± 1533081.60
Quantized accuracy: 70.29 ± 0.57
