num_runs: 10
dataset_name: CiteSeer
epochs: 50
hidden_channels: 128
lr: 0.01
lr_quant: 0.001
weight_decay: 0.0002
device: cuda
log_dir: ablation_study
num_bits_list: [2, 4, 8]
bit_width_lambda: 0.09
====================================================================================================
[1/10]: Relaxed Model, Accuracy: 46.30%
Expected bit operations: 5282458880.0
====================================================================================================
Winning Bit Width: [2, 4, 4, 4, 2, 8, 8, 2, 8]
[1/10]: Full precision Accuracy: 70.10%
[1/10]: Quantized Accuracy: 63.90%
[2/10]: Relaxed Model, Accuracy: 47.20%
Expected bit operations: 5287120128.0
====================================================================================================
Winning Bit Width: [2, 4, 4, 2, 4, 8, 8, 2, 8]
[2/10]: Full precision Accuracy: 70.70%
[2/10]: Quantized Accuracy: 66.80%
[3/10]: Relaxed Model, Accuracy: 42.90%
Expected bit operations: 5287120128.0
====================================================================================================
Winning Bit Width: [2, 4, 4, 8, 4, 8, 8, 2, 8]
[3/10]: Full precision Accuracy: 68.00%
[3/10]: Quantized Accuracy: 66.80%
[4/10]: Relaxed Model, Accuracy: 49.30%
Expected bit operations: 6333755392.0
====================================================================================================
Winning Bit Width: [4, 4, 4, 2, 2, 8, 8, 8, 8]
[4/10]: Full precision Accuracy: 71.00%
[4/10]: Quantized Accuracy: 69.50%
[5/10]: Relaxed Model, Accuracy: 40.60%
Expected bit operations: 5282021888.0
====================================================================================================
Winning Bit Width: [2, 4, 4, 2, 2, 8, 8, 4, 4]
[5/10]: Full precision Accuracy: 70.70%
[5/10]: Quantized Accuracy: 67.20%
[6/10]: Relaxed Model, Accuracy: 42.70%
Expected bit operations: 6347739136.0
====================================================================================================
Winning Bit Width: [4, 4, 4, 2, 8, 8, 8, 2, 8]
[6/10]: Full precision Accuracy: 70.10%
[6/10]: Quantized Accuracy: 66.80%
[7/10]: Relaxed Model, Accuracy: 40.60%
Expected bit operations: 5282458880.0
====================================================================================================
Winning Bit Width: [2, 4, 4, 2, 2, 8, 8, 2, 8]
[7/10]: Full precision Accuracy: 69.30%
[7/10]: Quantized Accuracy: 66.00%
[8/10]: Relaxed Model, Accuracy: 37.80%
Expected bit operations: 5282458880.0
====================================================================================================
Winning Bit Width: [4, 4, 2, 4, 2, 8, 8, 2, 8]
[8/10]: Full precision Accuracy: 70.90%
[8/10]: Quantized Accuracy: 63.50%
[9/10]: Relaxed Model, Accuracy: 45.80%
Expected bit operations: 5282458880.0
====================================================================================================
Winning Bit Width: [2, 4, 4, 2, 2, 8, 8, 2, 8]
[9/10]: Full precision Accuracy: 71.50%
[9/10]: Quantized Accuracy: 66.90%
[10/10]: Relaxed Model, Accuracy: 39.40%
Expected bit operations: 5282458880.0
====================================================================================================
Winning Bit Width: [2, 4, 4, 4, 2, 8, 8, 8, 8]
[10/10]: Full precision Accuracy: 71.10%
[10/10]: Quantized Accuracy: 70.30%
================================================================================
Full precision BOPs: 50678655552.00
Full precision accuracy: 70.34 ± 0.98
Average wining bit configuration: [[2, 4, 4, 2, None, 2], [None], [None, 8, 8, 2, None, 8]]
Standard deviation of wining bit configuration: [[0.966, 0.0, 0.632, 1.932, 0, 1.944], [0], [0, 0.0, 0.0, 2.503, 0, 1.265]]
Bit width: 4.84 ± 0.42
Quantized BOPs: 5495005107.20 ± 422886632.38
Quantized accuracy: 66.77 ± 1.99
