num_runs: 10
dataset_name: CiteSeer
epochs: 50
hidden_channels: 128
lr: 0.01
lr_quant: 0.001
weight_decay: 0.0002
device: cuda
log_dir: ablation_study
num_bits_list: [2, 4, 8]
bit_width_lambda: 0.095
====================================================================================================
[1/10]: Relaxed Model, Accuracy: 46.80%
Expected bit operations: 5282458880.0
====================================================================================================
Winning Bit Width: [2, 4, 4, 2, 2, 8, 8, 2, 8]
[1/10]: Full precision Accuracy: 71.10%
[1/10]: Quantized Accuracy: 66.40%
[2/10]: Relaxed Model, Accuracy: 40.80%
Expected bit operations: 6338416640.0
====================================================================================================
Winning Bit Width: [4, 4, 4, 2, 4, 8, 8, 2, 8]
[2/10]: Full precision Accuracy: 70.50%
[2/10]: Quantized Accuracy: 65.80%
[3/10]: Relaxed Model, Accuracy: 46.30%
Expected bit operations: 5296442624.0
====================================================================================================
Winning Bit Width: [2, 4, 4, 2, 8, 8, 8, 2, 8]
[3/10]: Full precision Accuracy: 70.80%
[3/10]: Quantized Accuracy: 65.80%
[4/10]: Relaxed Model, Accuracy: 43.80%
Expected bit operations: 6347739136.0
====================================================================================================
Winning Bit Width: [4, 4, 4, 2, 8, 8, 8, 2, 8]
[4/10]: Full precision Accuracy: 71.50%
[4/10]: Quantized Accuracy: 66.00%
[5/10]: Relaxed Model, Accuracy: 41.00%
Expected bit operations: 4230713344.0
====================================================================================================
Winning Bit Width: [2, 4, 2, 2, 4, 8, 4, 2, 8]
[5/10]: Full precision Accuracy: 70.10%
[5/10]: Quantized Accuracy: 65.40%
[6/10]: Relaxed Model, Accuracy: 38.40%
Expected bit operations: 4231162368.0
====================================================================================================
Winning Bit Width: [2, 4, 2, 2, 2, 8, 8, 2, 8]
[6/10]: Full precision Accuracy: 70.40%
[6/10]: Quantized Accuracy: 66.90%
[7/10]: Relaxed Model, Accuracy: 43.30%
Expected bit operations: 5282458880.0
====================================================================================================
Winning Bit Width: [2, 4, 4, 2, 2, 8, 8, 2, 8]
[7/10]: Full precision Accuracy: 70.00%
[7/10]: Quantized Accuracy: 67.00%
[8/10]: Relaxed Model, Accuracy: 46.70%
Expected bit operations: 4235386624.0
====================================================================================================
Winning Bit Width: [2, 4, 2, 2, 4, 8, 8, 2, 4]
[8/10]: Full precision Accuracy: 70.30%
[8/10]: Quantized Accuracy: 62.10%
[9/10]: Relaxed Model, Accuracy: 42.60%
Expected bit operations: 5282458880.0
====================================================================================================
Winning Bit Width: [4, 4, 2, 2, 2, 8, 8, 2, 8]
[9/10]: Full precision Accuracy: 70.90%
[9/10]: Quantized Accuracy: 65.30%
[10/10]: Relaxed Model, Accuracy: 47.20%
Expected bit operations: 5286683136.0
====================================================================================================
Winning Bit Width: [2, 4, 4, 2, 4, 8, 8, 2, 4]
[10/10]: Full precision Accuracy: 70.80%
[10/10]: Quantized Accuracy: 63.30%
================================================================================
Full precision BOPs: 50678655552.00
Full precision accuracy: 70.64 ± 0.44
Average wining bit configuration: [[2, 4, 4, 2, None, 4], [None], [None, 8, 8, 2, None, 8]]
Standard deviation of wining bit configuration: [[0.966, 0.0, 1.033, 0.0, 0, 2.309], [0], [0, 0.0, 1.265, 0.0, 0, 1.687]]
Bit width: 4.51 ± 0.43
Quantized BOPs: 5181392051.20 ± 738626461.97
Quantized accuracy: 65.40 ± 1.48
