num_runs: 10
dataset_name: Cora
epochs: 50
hidden_channels: 128
lr: 0.01
lr_quant: 0.001
weight_decay: 0.0002
device: cuda
log_dir: ablation_study
num_bits_list: [2, 4, 8]
bit_width_lambda: 0.03
====================================================================================================
[1/10]: Relaxed Model, Accuracy: 71.80%
Expected bit operations: 4015909440.0
====================================================================================================
Winning Bit Width: [8, 8, 8, 2, 8, 8, 8, 2, 8]
[1/10]: Full precision Accuracy: 82.40%
[1/10]: Quantized Accuracy: 80.50%
[2/10]: Relaxed Model, Accuracy: 76.20%
Expected bit operations: 4015909440.0
====================================================================================================
Winning Bit Width: [8, 8, 8, 2, 8, 8, 8, 2, 8]
[2/10]: Full precision Accuracy: 81.80%
[2/10]: Quantized Accuracy: 79.90%
[3/10]: Relaxed Model, Accuracy: 73.60%
Expected bit operations: 3999695424.0
====================================================================================================
Winning Bit Width: [8, 8, 8, 2, 2, 8, 8, 2, 8]
[3/10]: Full precision Accuracy: 81.90%
[3/10]: Quantized Accuracy: 77.40%
[4/10]: Relaxed Model, Accuracy: 70.00%
Expected bit operations: 4015909440.0
====================================================================================================
Winning Bit Width: [8, 8, 8, 2, 8, 8, 8, 8, 8]
[4/10]: Full precision Accuracy: 78.70%
[4/10]: Quantized Accuracy: 80.60%
[5/10]: Relaxed Model, Accuracy: 75.20%
Expected bit operations: 3337412501.3333335
====================================================================================================
Winning Bit Width: [8, 8, 4, 2, 2, 8, 8, 8, 8]
[5/10]: Full precision Accuracy: 82.20%
[5/10]: Quantized Accuracy: 77.80%
[6/10]: Relaxed Model, Accuracy: 71.50%
Expected bit operations: 3353626517.3333335
====================================================================================================
Winning Bit Width: [8, 8, 4, 2, 8, 8, 8, 8, 8]
[6/10]: Full precision Accuracy: 82.30%
[6/10]: Quantized Accuracy: 80.40%
[7/10]: Relaxed Model, Accuracy: 65.00%
Expected bit operations: 3353035381.3333335
====================================================================================================
Winning Bit Width: [8, 8, 4, 2, 8, 8, 8, 8, 4]
[7/10]: Full precision Accuracy: 82.20%
[7/10]: Quantized Accuracy: 79.60%
[8/10]: Relaxed Model, Accuracy: 62.30%
Expected bit operations: 4015909440.0
====================================================================================================
Winning Bit Width: [8, 8, 8, 2, 8, 8, 8, 2, 8]
[8/10]: Full precision Accuracy: 81.70%
[8/10]: Quantized Accuracy: 80.50%
[9/10]: Relaxed Model, Accuracy: 68.50%
Expected bit operations: 4015318304.0
====================================================================================================
Winning Bit Width: [8, 8, 8, 2, 8, 8, 8, 2, 4]
[9/10]: Full precision Accuracy: 81.80%
[9/10]: Quantized Accuracy: 77.90%
[10/10]: Relaxed Model, Accuracy: 69.30%
Expected bit operations: 4015909440.0
====================================================================================================
Winning Bit Width: [8, 8, 8, 2, 8, 8, 8, 2, 8]
[10/10]: Full precision Accuracy: 81.90%
[10/10]: Quantized Accuracy: 80.60%
================================================================================
Full precision BOPs: 16110067712.00
Full precision accuracy: 81.69 ± 1.02
Average wining bit configuration: [[8, 8, 8, 2, None, 8], [None], [None, 8, 8, 2, None, 8]]
Standard deviation of wining bit configuration: [[0.0, 0.0, 1.932, 0.0, 0, 2.53], [0], [0, 0.0, 0.0, 3.098, 0, 1.687]]
Bit width: 6.58 ± 0.36
Quantized BOPs: 3813863532.80 ± 305027300.53
Quantized accuracy: 79.52 ± 1.24
