num_runs: 10
dataset_name: Cora
epochs: 50
hidden_channels: 128
lr: 0.01
lr_quant: 0.001
weight_decay: 0.0002
device: cuda
log_dir: ablation_study
num_bits_list: [2, 4, 8]
bit_width_lambda: -0.035
====================================================================================================
[1/10]: Relaxed Model, Accuracy: 70.90%
Expected bit operations: 4015909440.0
====================================================================================================
Winning Bit Width: [8, 8, 8, 8, 8, 8, 8, 8, 8]
[1/10]: Full precision Accuracy: 82.50%
[1/10]: Quantized Accuracy: 82.10%
[2/10]: Relaxed Model, Accuracy: 72.90%
Expected bit operations: 4015909440.0
====================================================================================================
Winning Bit Width: [8, 8, 8, 8, 8, 8, 8, 8, 8]
[2/10]: Full precision Accuracy: 81.50%
[2/10]: Quantized Accuracy: 81.80%
[3/10]: Relaxed Model, Accuracy: 72.60%
Expected bit operations: 4015318304.0
====================================================================================================
Winning Bit Width: [8, 8, 8, 8, 8, 8, 8, 8, 4]
[3/10]: Full precision Accuracy: 82.70%
[3/10]: Quantized Accuracy: 80.60%
[4/10]: Relaxed Model, Accuracy: 72.90%
Expected bit operations: 4015318304.0
====================================================================================================
Winning Bit Width: [8, 8, 8, 8, 8, 8, 8, 8, 4]
[4/10]: Full precision Accuracy: 82.80%
[4/10]: Quantized Accuracy: 81.40%
[5/10]: Relaxed Model, Accuracy: 70.00%
Expected bit operations: 4015318304.0
====================================================================================================
Winning Bit Width: [8, 8, 8, 8, 8, 8, 8, 8, 4]
[5/10]: Full precision Accuracy: 82.40%
[5/10]: Quantized Accuracy: 79.90%
[6/10]: Relaxed Model, Accuracy: 73.70%
Expected bit operations: 4015909440.0
====================================================================================================
Winning Bit Width: [8, 8, 8, 8, 8, 8, 8, 8, 8]
[6/10]: Full precision Accuracy: 81.00%
[6/10]: Quantized Accuracy: 81.70%
[7/10]: Relaxed Model, Accuracy: 72.90%
Expected bit operations: 4015909440.0
====================================================================================================
Winning Bit Width: [8, 8, 8, 8, 8, 8, 8, 8, 8]
[7/10]: Full precision Accuracy: 81.40%
[7/10]: Quantized Accuracy: 81.00%
[8/10]: Relaxed Model, Accuracy: 72.80%
Expected bit operations: 4015909440.0
====================================================================================================
Winning Bit Width: [8, 8, 8, 8, 8, 8, 8, 8, 8]
[8/10]: Full precision Accuracy: 81.40%
[8/10]: Quantized Accuracy: 81.60%
[9/10]: Relaxed Model, Accuracy: 73.70%
Expected bit operations: 4015909440.0
====================================================================================================
Winning Bit Width: [8, 8, 8, 8, 8, 8, 8, 8, 8]
[9/10]: Full precision Accuracy: 81.70%
[9/10]: Quantized Accuracy: 81.20%
[10/10]: Relaxed Model, Accuracy: 70.80%
Expected bit operations: 4015909440.0
====================================================================================================
Winning Bit Width: [8, 8, 8, 8, 8, 8, 8, 8, 8]
[10/10]: Full precision Accuracy: 81.80%
[10/10]: Quantized Accuracy: 81.50%
================================================================================
Full precision BOPs: 16110067712.00
Full precision accuracy: 81.92 ± 0.60
Average wining bit configuration: [[8, 8, 8, 8, None, 8], [None], [None, 8, 8, 8, None, 8]]
Standard deviation of wining bit configuration: [[0.0, 0.0, 0.0, 0.0, 0, 0.0], [0], [0, 0.0, 0.0, 0.0, 0, 1.932]]
Bit width: 7.87 ± 0.20
Quantized BOPs: 4015732099.20 ± 270892.55
Quantized accuracy: 81.28 ± 0.61
