num_runs: 10
dataset_name: Cora
epochs: 50
hidden_channels: 128
lr: 0.01
lr_quant: 0.001
weight_decay: 0.0002
device: cuda
log_dir: ablation_study
num_bits_list: [2, 4, 8]
bit_width_lambda: 0.08
====================================================================================================
[1/10]: Relaxed Model, Accuracy: 68.30%
Expected bit operations: 3353626517.3333335
====================================================================================================
Winning Bit Width: [8, 8, 4, 2, 8, 8, 8, 2, 8]
[1/10]: Full precision Accuracy: 82.40%
[1/10]: Quantized Accuracy: 80.60%
[2/10]: Relaxed Model, Accuracy: 66.50%
Expected bit operations: 3342226037.3333335
====================================================================================================
Winning Bit Width: [8, 8, 4, 2, 4, 8, 8, 2, 4]
[2/10]: Full precision Accuracy: 82.40%
[2/10]: Quantized Accuracy: 78.10%
[3/10]: Relaxed Model, Accuracy: 66.80%
Expected bit operations: 3353626517.3333335
====================================================================================================
Winning Bit Width: [8, 8, 4, 2, 8, 8, 8, 2, 8]
[3/10]: Full precision Accuracy: 81.90%
[3/10]: Quantized Accuracy: 79.00%
[4/10]: Relaxed Model, Accuracy: 68.70%
Expected bit operations: 3353035381.3333335
====================================================================================================
Winning Bit Width: [8, 8, 4, 2, 8, 8, 8, 2, 4]
[4/10]: Full precision Accuracy: 83.00%
[4/10]: Quantized Accuracy: 79.00%
[5/10]: Relaxed Model, Accuracy: 71.90%
Expected bit operations: 4015909440.0
====================================================================================================
Winning Bit Width: [8, 8, 8, 2, 8, 8, 8, 2, 8]
[5/10]: Full precision Accuracy: 82.20%
[5/10]: Quantized Accuracy: 80.00%
[6/10]: Relaxed Model, Accuracy: 68.90%
Expected bit operations: 3353035381.3333335
====================================================================================================
Winning Bit Width: [8, 8, 4, 8, 8, 8, 8, 2, 4]
[6/10]: Full precision Accuracy: 81.70%
[6/10]: Quantized Accuracy: 78.70%
[7/10]: Relaxed Model, Accuracy: 55.30%
Expected bit operations: 3336821365.3333335
====================================================================================================
Winning Bit Width: [8, 8, 4, 2, 2, 8, 8, 8, 4]
[7/10]: Full precision Accuracy: 81.70%
[7/10]: Quantized Accuracy: 76.80%
[8/10]: Relaxed Model, Accuracy: 70.30%
Expected bit operations: 3353035381.3333335
====================================================================================================
Winning Bit Width: [8, 8, 4, 8, 8, 8, 8, 2, 4]
[8/10]: Full precision Accuracy: 82.30%
[8/10]: Quantized Accuracy: 79.30%
[9/10]: Relaxed Model, Accuracy: 71.10%
Expected bit operations: 3353035381.3333335
====================================================================================================
Winning Bit Width: [8, 8, 4, 2, 8, 8, 8, 8, 4]
[9/10]: Full precision Accuracy: 82.50%
[9/10]: Quantized Accuracy: 79.80%
[10/10]: Relaxed Model, Accuracy: 72.10%
Expected bit operations: 3353035381.3333335
====================================================================================================
Winning Bit Width: [8, 8, 4, 2, 8, 8, 8, 2, 4]
[10/10]: Full precision Accuracy: 81.80%
[10/10]: Quantized Accuracy: 79.00%
================================================================================
Full precision BOPs: 16110067712.00
Full precision accuracy: 82.19 ± 0.40
Average wining bit configuration: [[8, 8, 4, 2, None, 8], [None], [None, 8, 8, 2, None, 4]]
Standard deviation of wining bit configuration: [[0.0, 0.0, 1.265, 2.53, 0, 2.16], [0], [0, 0.0, 0.0, 2.53, 0, 1.932]]
Bit width: 6.11 ± 0.40
Quantized BOPs: 3416738678.40 ± 199800238.29
Quantized accuracy: 79.03 ± 1.00
