num_runs: 10
dataset_name: Cora
epochs: 50
hidden_channels: 128
lr: 0.01
lr_quant: 0.001
weight_decay: 0.0002
device: cuda
log_dir: ablation_study
num_bits_list: [2, 4, 8]
bit_width_lambda: 0.05
====================================================================================================
[1/10]: Relaxed Model, Accuracy: 62.60%
Expected bit operations: 3353626517.3333335
====================================================================================================
Winning Bit Width: [8, 8, 4, 2, 8, 8, 8, 2, 8]
[1/10]: Full precision Accuracy: 81.40%
[1/10]: Quantized Accuracy: 80.50%
[2/10]: Relaxed Model, Accuracy: 76.00%
Expected bit operations: 3353626517.3333335
====================================================================================================
Winning Bit Width: [8, 8, 4, 2, 8, 8, 8, 8, 8]
[2/10]: Full precision Accuracy: 82.90%
[2/10]: Quantized Accuracy: 80.80%
[3/10]: Relaxed Model, Accuracy: 69.60%
Expected bit operations: 4015909440.0
====================================================================================================
Winning Bit Width: [8, 8, 8, 2, 8, 8, 8, 2, 8]
[3/10]: Full precision Accuracy: 81.40%
[3/10]: Quantized Accuracy: 79.80%
[4/10]: Relaxed Model, Accuracy: 66.60%
Expected bit operations: 3999695424.0
====================================================================================================
Winning Bit Width: [8, 8, 8, 2, 2, 8, 8, 2, 8]
[4/10]: Full precision Accuracy: 81.50%
[4/10]: Quantized Accuracy: 80.00%
[5/10]: Relaxed Model, Accuracy: 52.90%
Expected bit operations: 3353626517.3333335
====================================================================================================
Winning Bit Width: [8, 8, 4, 2, 8, 8, 8, 2, 8]
[5/10]: Full precision Accuracy: 82.00%
[5/10]: Quantized Accuracy: 80.70%
[6/10]: Relaxed Model, Accuracy: 68.50%
Expected bit operations: 3353626517.3333335
====================================================================================================
Winning Bit Width: [8, 8, 4, 2, 8, 8, 8, 2, 8]
[6/10]: Full precision Accuracy: 82.20%
[6/10]: Quantized Accuracy: 80.70%
[7/10]: Relaxed Model, Accuracy: 73.60%
Expected bit operations: 4015909440.0
====================================================================================================
Winning Bit Width: [8, 8, 8, 2, 8, 8, 8, 2, 8]
[7/10]: Full precision Accuracy: 82.50%
[7/10]: Quantized Accuracy: 81.40%
[8/10]: Relaxed Model, Accuracy: 70.30%
Expected bit operations: 3353626517.3333335
====================================================================================================
Winning Bit Width: [8, 8, 4, 8, 8, 8, 8, 2, 8]
[8/10]: Full precision Accuracy: 81.70%
[8/10]: Quantized Accuracy: 79.60%
[9/10]: Relaxed Model, Accuracy: 76.00%
Expected bit operations: 4015909440.0
====================================================================================================
Winning Bit Width: [8, 8, 8, 2, 8, 8, 8, 2, 8]
[9/10]: Full precision Accuracy: 81.70%
[9/10]: Quantized Accuracy: 79.80%
[10/10]: Relaxed Model, Accuracy: 63.40%
Expected bit operations: 3353626517.3333335
====================================================================================================
Winning Bit Width: [8, 8, 4, 2, 8, 8, 8, 2, 8]
[10/10]: Full precision Accuracy: 81.40%
[10/10]: Quantized Accuracy: 80.40%
================================================================================
Full precision BOPs: 16110067712.00
Full precision accuracy: 81.87 ± 0.49
Average wining bit configuration: [[8, 8, 4, 2, None, 8], [None], [None, 8, 8, 2, None, 8]]
Standard deviation of wining bit configuration: [[0.0, 0.0, 2.066, 1.897, 0, 1.897], [0], [0, 0.0, 0.0, 1.897, 0, 0.0]]
Bit width: 6.47 ± 0.31
Quantized BOPs: 3616918284.80 ± 322495812.84
Quantized accuracy: 80.37 ± 0.53
