num_runs: 10
dataset_name: Cora
epochs: 50
hidden_channels: 128
lr: 0.01
lr_quant: 0.001
weight_decay: 0.0002
device: cuda
log_dir: ablation_study
num_bits_list: [2, 4, 8]
bit_width_lambda: -0.08
====================================================================================================
[1/10]: Relaxed Model, Accuracy: 74.90%
Expected bit operations: 4015909440.0
====================================================================================================
Winning Bit Width: [8, 8, 8, 8, 8, 8, 8, 8, 8]
[1/10]: Full precision Accuracy: 82.40%
[1/10]: Quantized Accuracy: 82.70%
[2/10]: Relaxed Model, Accuracy: 73.50%
Expected bit operations: 4015909440.0
====================================================================================================
Winning Bit Width: [8, 8, 8, 8, 8, 8, 8, 8, 8]
[2/10]: Full precision Accuracy: 82.10%
[2/10]: Quantized Accuracy: 82.50%
[3/10]: Relaxed Model, Accuracy: 71.30%
Expected bit operations: 4015909440.0
====================================================================================================
Winning Bit Width: [8, 8, 8, 8, 8, 8, 8, 8, 8]
[3/10]: Full precision Accuracy: 82.20%
[3/10]: Quantized Accuracy: 80.60%
[4/10]: Relaxed Model, Accuracy: 73.70%
Expected bit operations: 4015909440.0
====================================================================================================
Winning Bit Width: [8, 8, 8, 2, 8, 8, 8, 8, 8]
[4/10]: Full precision Accuracy: 81.50%
[4/10]: Quantized Accuracy: 79.80%
[5/10]: Relaxed Model, Accuracy: 75.10%
Expected bit operations: 4015318304.0
====================================================================================================
Winning Bit Width: [8, 8, 8, 2, 8, 8, 8, 8, 4]
[5/10]: Full precision Accuracy: 81.70%
[5/10]: Quantized Accuracy: 79.00%
[6/10]: Relaxed Model, Accuracy: 75.20%
Expected bit operations: 4015909440.0
====================================================================================================
Winning Bit Width: [8, 8, 8, 8, 8, 8, 8, 8, 8]
[6/10]: Full precision Accuracy: 81.90%
[6/10]: Quantized Accuracy: 81.90%
[7/10]: Relaxed Model, Accuracy: 68.10%
Expected bit operations: 4015909440.0
====================================================================================================
Winning Bit Width: [8, 8, 8, 8, 8, 8, 8, 8, 8]
[7/10]: Full precision Accuracy: 82.10%
[7/10]: Quantized Accuracy: 81.90%
[8/10]: Relaxed Model, Accuracy: 73.70%
Expected bit operations: 4015909440.0
====================================================================================================
Winning Bit Width: [8, 8, 8, 2, 8, 8, 8, 8, 8]
[8/10]: Full precision Accuracy: 82.40%
[8/10]: Quantized Accuracy: 80.30%
[9/10]: Relaxed Model, Accuracy: 77.20%
Expected bit operations: 4015909440.0
====================================================================================================
Winning Bit Width: [8, 8, 8, 8, 8, 8, 8, 8, 8]
[9/10]: Full precision Accuracy: 82.40%
[9/10]: Quantized Accuracy: 82.40%
[10/10]: Relaxed Model, Accuracy: 71.30%
Expected bit operations: 4015909440.0
====================================================================================================
Winning Bit Width: [8, 8, 8, 8, 8, 8, 8, 8, 8]
[10/10]: Full precision Accuracy: 82.10%
[10/10]: Quantized Accuracy: 82.30%
================================================================================
Full precision BOPs: 16110067712.00
Full precision accuracy: 82.08 ± 0.29
Average wining bit configuration: [[8, 8, 8, 8, None, 8], [None], [None, 8, 8, 8, None, 8]]
Standard deviation of wining bit configuration: [[0.0, 0.0, 0.0, 2.898, 0, 0.0], [0], [0, 0.0, 0.0, 0.0, 0, 1.265]]
Bit width: 7.76 ± 0.39
Quantized BOPs: 4015850326.40 ± 177340.80
Quantized accuracy: 81.34 ± 1.24
