num_runs: 10
dataset_name: Cora
epochs: 50
hidden_channels: 128
lr: 0.01
lr_quant: 0.001
weight_decay: 0.0002
device: cuda
log_dir: ablation_study
num_bits_list: [2, 4, 8]
bit_width_lambda: -0.025
====================================================================================================
[1/10]: Relaxed Model, Accuracy: 71.60%
Expected bit operations: 4015909440.0
====================================================================================================
Winning Bit Width: [8, 8, 8, 8, 8, 8, 8, 8, 8]
[1/10]: Full precision Accuracy: 82.50%
[1/10]: Quantized Accuracy: 82.30%
[2/10]: Relaxed Model, Accuracy: 73.30%
Expected bit operations: 4015318304.0
====================================================================================================
Winning Bit Width: [8, 8, 8, 8, 8, 8, 8, 8, 4]
[2/10]: Full precision Accuracy: 81.90%
[2/10]: Quantized Accuracy: 79.70%
[3/10]: Relaxed Model, Accuracy: 75.50%
Expected bit operations: 4015909440.0
====================================================================================================
Winning Bit Width: [8, 8, 8, 8, 8, 8, 8, 8, 8]
[3/10]: Full precision Accuracy: 81.90%
[3/10]: Quantized Accuracy: 82.30%
[4/10]: Relaxed Model, Accuracy: 72.20%
Expected bit operations: 4015909440.0
====================================================================================================
Winning Bit Width: [8, 8, 8, 8, 8, 8, 8, 8, 8]
[4/10]: Full precision Accuracy: 82.20%
[4/10]: Quantized Accuracy: 82.60%
[5/10]: Relaxed Model, Accuracy: 66.90%
Expected bit operations: 4015909440.0
====================================================================================================
Winning Bit Width: [8, 8, 8, 8, 8, 8, 8, 8, 8]
[5/10]: Full precision Accuracy: 82.30%
[5/10]: Quantized Accuracy: 82.00%
[6/10]: Relaxed Model, Accuracy: 76.10%
Expected bit operations: 4015318304.0
====================================================================================================
Winning Bit Width: [8, 8, 8, 8, 8, 8, 8, 8, 4]
[6/10]: Full precision Accuracy: 82.20%
[6/10]: Quantized Accuracy: 79.10%
[7/10]: Relaxed Model, Accuracy: 78.40%
Expected bit operations: 4015909440.0
====================================================================================================
Winning Bit Width: [8, 8, 8, 8, 8, 8, 8, 8, 8]
[7/10]: Full precision Accuracy: 82.30%
[7/10]: Quantized Accuracy: 82.00%
[8/10]: Relaxed Model, Accuracy: 71.40%
Expected bit operations: 4015909440.0
====================================================================================================
Winning Bit Width: [8, 8, 8, 8, 8, 8, 8, 8, 8]
[8/10]: Full precision Accuracy: 83.00%
[8/10]: Quantized Accuracy: 81.90%
[9/10]: Relaxed Model, Accuracy: 69.00%
Expected bit operations: 4015909440.0
====================================================================================================
Winning Bit Width: [8, 8, 8, 8, 8, 8, 8, 8, 8]
[9/10]: Full precision Accuracy: 81.30%
[9/10]: Quantized Accuracy: 81.30%
[10/10]: Relaxed Model, Accuracy: 73.20%
Expected bit operations: 4015909440.0
====================================================================================================
Winning Bit Width: [8, 8, 8, 8, 8, 8, 8, 8, 8]
[10/10]: Full precision Accuracy: 82.30%
[10/10]: Quantized Accuracy: 82.50%
================================================================================
Full precision BOPs: 16110067712.00
Full precision accuracy: 82.19 ± 0.42
Average wining bit configuration: [[8, 8, 8, 8, None, 8], [None], [None, 8, 8, 8, None, 8]]
Standard deviation of wining bit configuration: [[0.0, 0.0, 0.0, 0.0, 0, 0.0], [0], [0, 0.0, 0.0, 0.0, 0, 1.687]]
Bit width: 7.91 ± 0.18
Quantized BOPs: 4015791212.80 ± 236454.40
Quantized accuracy: 81.57 ± 1.15
