num_runs: 10
dataset_name: Cora
epochs: 50
hidden_channels: 128
lr: 0.01
lr_quant: 0.001
weight_decay: 0.0002
device: cuda
log_dir: ablation_study
num_bits_list: [2, 4, 8]
bit_width_lambda: 0.02
====================================================================================================
[1/10]: Relaxed Model, Accuracy: 71.50%
Expected bit operations: 4015909440.0
====================================================================================================
Winning Bit Width: [8, 8, 8, 2, 8, 8, 8, 2, 8]
[1/10]: Full precision Accuracy: 81.90%
[1/10]: Quantized Accuracy: 80.40%
[2/10]: Relaxed Model, Accuracy: 71.00%
Expected bit operations: 3353626517.3333335
====================================================================================================
Winning Bit Width: [8, 8, 4, 2, 8, 8, 8, 2, 8]
[2/10]: Full precision Accuracy: 82.10%
[2/10]: Quantized Accuracy: 79.90%
[3/10]: Relaxed Model, Accuracy: 73.10%
Expected bit operations: 4015909440.0
====================================================================================================
Winning Bit Width: [8, 8, 8, 2, 8, 8, 8, 2, 8]
[3/10]: Full precision Accuracy: 82.20%
[3/10]: Quantized Accuracy: 81.30%
[4/10]: Relaxed Model, Accuracy: 70.80%
Expected bit operations: 4015909440.0
====================================================================================================
Winning Bit Width: [8, 8, 8, 2, 8, 8, 8, 2, 8]
[4/10]: Full precision Accuracy: 82.50%
[4/10]: Quantized Accuracy: 81.00%
[5/10]: Relaxed Model, Accuracy: 73.10%
Expected bit operations: 4015909440.0
====================================================================================================
Winning Bit Width: [8, 8, 8, 2, 8, 8, 8, 2, 8]
[5/10]: Full precision Accuracy: 82.60%
[5/10]: Quantized Accuracy: 80.70%
[6/10]: Relaxed Model, Accuracy: 68.40%
Expected bit operations: 4015909440.0
====================================================================================================
Winning Bit Width: [8, 8, 8, 2, 8, 8, 8, 2, 8]
[6/10]: Full precision Accuracy: 82.10%
[6/10]: Quantized Accuracy: 80.30%
[7/10]: Relaxed Model, Accuracy: 75.10%
Expected bit operations: 3353626517.3333335
====================================================================================================
Winning Bit Width: [8, 8, 4, 2, 8, 8, 8, 8, 8]
[7/10]: Full precision Accuracy: 82.30%
[7/10]: Quantized Accuracy: 80.70%
[8/10]: Relaxed Model, Accuracy: 74.80%
Expected bit operations: 4015909440.0
====================================================================================================
Winning Bit Width: [8, 8, 8, 2, 8, 8, 8, 8, 8]
[8/10]: Full precision Accuracy: 82.40%
[8/10]: Quantized Accuracy: 80.30%
[9/10]: Relaxed Model, Accuracy: 70.70%
Expected bit operations: 3353626517.3333335
====================================================================================================
Winning Bit Width: [8, 8, 4, 2, 8, 8, 8, 2, 8]
[9/10]: Full precision Accuracy: 81.40%
[9/10]: Quantized Accuracy: 80.40%
[10/10]: Relaxed Model, Accuracy: 71.80%
Expected bit operations: 4015909440.0
====================================================================================================
Winning Bit Width: [8, 8, 8, 2, 8, 8, 8, 8, 8]
[10/10]: Full precision Accuracy: 82.50%
[10/10]: Quantized Accuracy: 80.40%
================================================================================
Full precision BOPs: 16110067712.00
Full precision accuracy: 82.20 ± 0.34
Average wining bit configuration: [[8, 8, 8, 2, None, 8], [None], [None, 8, 8, 2, None, 8]]
Standard deviation of wining bit configuration: [[0.0, 0.0, 1.932, 0.0, 0, 0.0], [0], [0, 0.0, 0.0, 2.898, 0, 0.0]]
Bit width: 6.73 ± 0.36
Quantized BOPs: 3817224563.20 ± 303496162.46
Quantized accuracy: 80.54 ± 0.38
