num_runs: 10
dataset_name: Cora
epochs: 50
hidden_channels: 128
lr: 0.01
lr_quant: 0.001
weight_decay: 0.0002
device: cuda
log_dir: ablation_study
num_bits_list: [2, 4, 8]
bit_width_lambda: -0.085
====================================================================================================
[1/10]: Relaxed Model, Accuracy: 70.90%
Expected bit operations: 4015318304.0
====================================================================================================
Winning Bit Width: [8, 8, 8, 8, 8, 8, 8, 8, 4]
[1/10]: Full precision Accuracy: 81.90%
[1/10]: Quantized Accuracy: 80.20%
[2/10]: Relaxed Model, Accuracy: 71.10%
Expected bit operations: 4015909440.0
====================================================================================================
Winning Bit Width: [8, 8, 8, 8, 8, 8, 8, 2, 8]
[2/10]: Full precision Accuracy: 82.10%
[2/10]: Quantized Accuracy: 80.90%
[3/10]: Relaxed Model, Accuracy: 74.70%
Expected bit operations: 4015909440.0
====================================================================================================
Winning Bit Width: [8, 8, 8, 8, 8, 8, 8, 8, 8]
[3/10]: Full precision Accuracy: 82.10%
[3/10]: Quantized Accuracy: 81.20%
[4/10]: Relaxed Model, Accuracy: 71.10%
Expected bit operations: 4015909440.0
====================================================================================================
Winning Bit Width: [8, 8, 8, 2, 8, 8, 8, 8, 8]
[4/10]: Full precision Accuracy: 82.50%
[4/10]: Quantized Accuracy: 79.60%
[5/10]: Relaxed Model, Accuracy: 76.40%
Expected bit operations: 4015909440.0
====================================================================================================
Winning Bit Width: [8, 8, 8, 8, 8, 8, 8, 8, 8]
[5/10]: Full precision Accuracy: 81.80%
[5/10]: Quantized Accuracy: 82.00%
[6/10]: Relaxed Model, Accuracy: 57.30%
Expected bit operations: 4015909440.0
====================================================================================================
Winning Bit Width: [8, 8, 8, 8, 8, 8, 8, 8, 8]
[6/10]: Full precision Accuracy: 81.70%
[6/10]: Quantized Accuracy: 83.10%
[7/10]: Relaxed Model, Accuracy: 77.60%
Expected bit operations: 4015909440.0
====================================================================================================
Winning Bit Width: [8, 8, 8, 8, 8, 8, 8, 8, 8]
[7/10]: Full precision Accuracy: 81.90%
[7/10]: Quantized Accuracy: 82.30%
[8/10]: Relaxed Model, Accuracy: 73.90%
Expected bit operations: 4015909440.0
====================================================================================================
Winning Bit Width: [8, 8, 8, 8, 8, 8, 8, 2, 8]
[8/10]: Full precision Accuracy: 81.90%
[8/10]: Quantized Accuracy: 79.70%
[9/10]: Relaxed Model, Accuracy: 75.00%
Expected bit operations: 4015909440.0
====================================================================================================
Winning Bit Width: [8, 8, 8, 8, 8, 8, 8, 8, 8]
[9/10]: Full precision Accuracy: 82.20%
[9/10]: Quantized Accuracy: 81.20%
[10/10]: Relaxed Model, Accuracy: 67.30%
Expected bit operations: 4015909440.0
====================================================================================================
Winning Bit Width: [8, 8, 8, 2, 8, 8, 8, 8, 8]
[10/10]: Full precision Accuracy: 82.30%
[10/10]: Quantized Accuracy: 80.40%
================================================================================
Full precision BOPs: 16110067712.00
Full precision accuracy: 82.04 ± 0.23
Average wining bit configuration: [[8, 8, 8, 8, None, 8], [None], [None, 8, 8, 8, None, 8]]
Standard deviation of wining bit configuration: [[0.0, 0.0, 0.0, 2.53, 0, 0.0], [0], [0, 0.0, 0.0, 2.53, 0, 1.265]]
Bit width: 7.69 ± 0.32
Quantized BOPs: 4015850326.40 ± 177340.80
Quantized accuracy: 81.06 ± 1.09
