num_runs: 10
dataset_name: Cora
epochs: 50
hidden_channels: 128
lr: 0.01
lr_quant: 0.001
weight_decay: 0.0002
device: cuda
log_dir: ablation_study
num_bits_list: [2, 4, 8]
bit_width_lambda: 0.095
====================================================================================================
[1/10]: Relaxed Model, Accuracy: 70.70%
Expected bit operations: 3337412501.3333335
====================================================================================================
Winning Bit Width: [8, 8, 4, 2, 2, 8, 8, 2, 8]
[1/10]: Full precision Accuracy: 82.20%
[1/10]: Quantized Accuracy: 79.20%
[2/10]: Relaxed Model, Accuracy: 72.30%
Expected bit operations: 3336821365.3333335
====================================================================================================
Winning Bit Width: [8, 8, 4, 2, 2, 8, 8, 2, 4]
[2/10]: Full precision Accuracy: 82.70%
[2/10]: Quantized Accuracy: 76.40%
[3/10]: Relaxed Model, Accuracy: 67.50%
Expected bit operations: 3353035381.3333335
====================================================================================================
Winning Bit Width: [8, 8, 4, 2, 8, 8, 8, 2, 4]
[3/10]: Full precision Accuracy: 81.00%
[3/10]: Quantized Accuracy: 79.10%
[4/10]: Relaxed Model, Accuracy: 68.00%
Expected bit operations: 3353035381.3333335
====================================================================================================
Winning Bit Width: [8, 8, 4, 2, 8, 8, 8, 8, 4]
[4/10]: Full precision Accuracy: 82.30%
[4/10]: Quantized Accuracy: 78.40%
[5/10]: Relaxed Model, Accuracy: 62.90%
Expected bit operations: 3353035381.3333335
====================================================================================================
Winning Bit Width: [8, 8, 4, 2, 8, 8, 8, 2, 4]
[5/10]: Full precision Accuracy: 83.20%
[5/10]: Quantized Accuracy: 77.90%
[6/10]: Relaxed Model, Accuracy: 59.40%
Expected bit operations: 3353626517.3333335
====================================================================================================
Winning Bit Width: [8, 8, 4, 2, 8, 8, 8, 2, 8]
[6/10]: Full precision Accuracy: 81.80%
[6/10]: Quantized Accuracy: 80.10%
[7/10]: Relaxed Model, Accuracy: 65.90%
Expected bit operations: 3342817173.3333335
====================================================================================================
Winning Bit Width: [8, 8, 4, 2, 4, 8, 8, 2, 8]
[7/10]: Full precision Accuracy: 81.60%
[7/10]: Quantized Accuracy: 80.70%
[8/10]: Relaxed Model, Accuracy: 69.70%
Expected bit operations: 3337412501.3333335
====================================================================================================
Winning Bit Width: [8, 8, 4, 2, 2, 8, 8, 2, 8]
[8/10]: Full precision Accuracy: 82.80%
[8/10]: Quantized Accuracy: 80.10%
[9/10]: Relaxed Model, Accuracy: 69.90%
Expected bit operations: 3337412501.3333335
====================================================================================================
Winning Bit Width: [8, 8, 4, 2, 2, 8, 8, 2, 8]
[9/10]: Full precision Accuracy: 81.90%
[9/10]: Quantized Accuracy: 80.50%
[10/10]: Relaxed Model, Accuracy: 68.90%
Expected bit operations: 4015909440.0
====================================================================================================
Winning Bit Width: [8, 8, 8, 2, 8, 8, 8, 2, 8]
[10/10]: Full precision Accuracy: 81.70%
[10/10]: Quantized Accuracy: 80.00%
================================================================================
Full precision BOPs: 16110067712.00
Full precision accuracy: 82.12 ± 0.62
Average wining bit configuration: [[8, 8, 4, 2, None, 8], [None], [None, 8, 8, 2, None, 8]]
Standard deviation of wining bit configuration: [[0.0, 0.0, 1.265, 0.0, 0, 3.011], [0], [0, 0.0, 0.0, 1.897, 0, 2.066]]
Bit width: 5.84 ± 0.44
Quantized BOPs: 3412051814.40 ± 201413133.29
Quantized accuracy: 79.24 ± 1.28
