num_runs: 10
dataset_name: Cora
epochs: 50
hidden_channels: 128
lr: 0.01
lr_quant: 0.001
weight_decay: 0.0002
device: cuda
log_dir: ablation_study
num_bits_list: [2, 4, 8]
bit_width_lambda: 0.055
====================================================================================================
[1/10]: Relaxed Model, Accuracy: 68.30%
Expected bit operations: 3353035381.3333335
====================================================================================================
Winning Bit Width: [8, 8, 4, 2, 8, 8, 8, 2, 4]
[1/10]: Full precision Accuracy: 82.40%
[1/10]: Quantized Accuracy: 78.10%
[2/10]: Relaxed Model, Accuracy: 66.30%
Expected bit operations: 4015909440.0
====================================================================================================
Winning Bit Width: [8, 8, 8, 2, 8, 8, 8, 2, 8]
[2/10]: Full precision Accuracy: 82.30%
[2/10]: Quantized Accuracy: 79.90%
[3/10]: Relaxed Model, Accuracy: 68.90%
Expected bit operations: 3337412501.3333335
====================================================================================================
Winning Bit Width: [8, 8, 4, 4, 2, 8, 8, 2, 8]
[3/10]: Full precision Accuracy: 82.10%
[3/10]: Quantized Accuracy: 75.20%
[4/10]: Relaxed Model, Accuracy: 61.00%
Expected bit operations: 3353626517.3333335
====================================================================================================
Winning Bit Width: [8, 8, 4, 4, 8, 8, 8, 2, 8]
[4/10]: Full precision Accuracy: 81.70%
[4/10]: Quantized Accuracy: 80.20%
[5/10]: Relaxed Model, Accuracy: 71.40%
Expected bit operations: 4015909440.0
====================================================================================================
Winning Bit Width: [8, 8, 8, 2, 8, 8, 8, 2, 8]
[5/10]: Full precision Accuracy: 82.50%
[5/10]: Quantized Accuracy: 80.50%
[6/10]: Relaxed Model, Accuracy: 70.10%
Expected bit operations: 3353626517.3333335
====================================================================================================
Winning Bit Width: [8, 8, 4, 4, 8, 8, 8, 4, 8]
[6/10]: Full precision Accuracy: 81.90%
[6/10]: Quantized Accuracy: 82.10%
[7/10]: Relaxed Model, Accuracy: 58.10%
Expected bit operations: 3353626517.3333335
====================================================================================================
Winning Bit Width: [8, 8, 4, 4, 8, 8, 8, 2, 8]
[7/10]: Full precision Accuracy: 82.30%
[7/10]: Quantized Accuracy: 80.60%
[8/10]: Relaxed Model, Accuracy: 71.40%
Expected bit operations: 3353035381.3333335
====================================================================================================
Winning Bit Width: [8, 8, 4, 2, 8, 8, 8, 2, 4]
[8/10]: Full precision Accuracy: 80.90%
[8/10]: Quantized Accuracy: 78.20%
[9/10]: Relaxed Model, Accuracy: 63.80%
Expected bit operations: 3353626517.3333335
====================================================================================================
Winning Bit Width: [8, 8, 4, 2, 8, 8, 8, 4, 8]
[9/10]: Full precision Accuracy: 82.30%
[9/10]: Quantized Accuracy: 81.20%
[10/10]: Relaxed Model, Accuracy: 67.30%
Expected bit operations: 3353035381.3333335
====================================================================================================
Winning Bit Width: [8, 8, 4, 4, 8, 8, 8, 4, 4]
[10/10]: Full precision Accuracy: 82.00%
[10/10]: Quantized Accuracy: 81.50%
================================================================================
Full precision BOPs: 16110067712.00
Full precision accuracy: 82.04 ± 0.45
Average wining bit configuration: [[8, 8, 4, 4, None, 8], [None], [None, 8, 8, 2, None, 8]]
Standard deviation of wining bit configuration: [[0.0, 0.0, 1.687, 1.054, 0, 1.897], [0], [0, 0.0, 0.0, 0.966, 0, 1.932]]
Bit width: 6.29 ± 0.36
Quantized BOPs: 3484284359.47 ± 265854577.70
Quantized accuracy: 79.75 ± 1.95
