num_runs: 10
dataset_name: Cora
epochs: 50
hidden_channels: 128
lr: 0.01
lr_quant: 0.001
weight_decay: 0.0002
device: cuda
log_dir: ablation_study
num_bits_list: [2, 4, 8]
bit_width_lambda: -0.06
====================================================================================================
[1/10]: Relaxed Model, Accuracy: 69.00%
Expected bit operations: 4015318304.0
====================================================================================================
Winning Bit Width: [8, 8, 8, 8, 8, 8, 8, 8, 4]
[1/10]: Full precision Accuracy: 79.90%
[1/10]: Quantized Accuracy: 80.80%
[2/10]: Relaxed Model, Accuracy: 73.40%
Expected bit operations: 4015909440.0
====================================================================================================
Winning Bit Width: [8, 8, 8, 8, 8, 8, 8, 8, 8]
[2/10]: Full precision Accuracy: 82.70%
[2/10]: Quantized Accuracy: 81.80%
[3/10]: Relaxed Model, Accuracy: 71.00%
Expected bit operations: 4015318304.0
====================================================================================================
Winning Bit Width: [8, 8, 8, 2, 8, 8, 8, 8, 4]
[3/10]: Full precision Accuracy: 82.50%
[3/10]: Quantized Accuracy: 79.90%
[4/10]: Relaxed Model, Accuracy: 71.00%
Expected bit operations: 4015318304.0
====================================================================================================
Winning Bit Width: [8, 8, 8, 8, 8, 8, 8, 8, 4]
[4/10]: Full precision Accuracy: 82.10%
[4/10]: Quantized Accuracy: 80.20%
[5/10]: Relaxed Model, Accuracy: 74.00%
Expected bit operations: 4015909440.0
====================================================================================================
Winning Bit Width: [8, 8, 8, 8, 8, 8, 8, 8, 8]
[5/10]: Full precision Accuracy: 82.20%
[5/10]: Quantized Accuracy: 81.10%
[6/10]: Relaxed Model, Accuracy: 74.10%
Expected bit operations: 4015909440.0
====================================================================================================
Winning Bit Width: [8, 8, 8, 8, 8, 8, 8, 8, 8]
[6/10]: Full precision Accuracy: 82.10%
[6/10]: Quantized Accuracy: 81.50%
[7/10]: Relaxed Model, Accuracy: 73.20%
Expected bit operations: 4005100096.0
====================================================================================================
Winning Bit Width: [8, 8, 8, 8, 4, 8, 8, 2, 8]
[7/10]: Full precision Accuracy: 81.90%
[7/10]: Quantized Accuracy: 80.80%
[8/10]: Relaxed Model, Accuracy: 71.60%
Expected bit operations: 4015318304.0
====================================================================================================
Winning Bit Width: [8, 8, 8, 8, 8, 8, 8, 8, 4]
[8/10]: Full precision Accuracy: 82.80%
[8/10]: Quantized Accuracy: 80.20%
[9/10]: Relaxed Model, Accuracy: 74.00%
Expected bit operations: 4015909440.0
====================================================================================================
Winning Bit Width: [8, 8, 8, 2, 8, 8, 8, 8, 8]
[9/10]: Full precision Accuracy: 82.50%
[9/10]: Quantized Accuracy: 80.70%
[10/10]: Relaxed Model, Accuracy: 63.20%
Expected bit operations: 4015909440.0
====================================================================================================
Winning Bit Width: [8, 8, 8, 8, 8, 8, 8, 8, 8]
[10/10]: Full precision Accuracy: 82.10%
[10/10]: Quantized Accuracy: 82.60%
================================================================================
Full precision BOPs: 16110067712.00
Full precision accuracy: 82.08 ± 0.78
Average wining bit configuration: [[8, 8, 8, 8, None, 8], [None], [None, 8, 8, 8, None, 8]]
Standard deviation of wining bit configuration: [[0.0, 0.0, 0.0, 2.53, 0, 1.265], [0], [0, 0.0, 0.0, 1.897, 0, 2.066]]
Bit width: 7.58 ± 0.42
Quantized BOPs: 4014592051.20 ± 3176232.87
Quantized accuracy: 80.96 ± 0.78
