num_runs: 10
dataset_name: Cora
epochs: 50
hidden_channels: 128
lr: 0.01
lr_quant: 0.001
weight_decay: 0.0002
device: cuda
log_dir: ablation_study
num_bits_list: [2, 4, 8]
bit_width_lambda: 0.06
====================================================================================================
[1/10]: Relaxed Model, Accuracy: 53.80%
Expected bit operations: 3353626517.3333335
====================================================================================================
Winning Bit Width: [8, 8, 4, 2, 8, 8, 8, 2, 8]
[1/10]: Full precision Accuracy: 81.90%
[1/10]: Quantized Accuracy: 80.40%
[2/10]: Relaxed Model, Accuracy: 66.20%
Expected bit operations: 4015909440.0
====================================================================================================
Winning Bit Width: [8, 8, 8, 2, 8, 8, 8, 2, 8]
[2/10]: Full precision Accuracy: 82.60%
[2/10]: Quantized Accuracy: 80.80%
[3/10]: Relaxed Model, Accuracy: 68.70%
Expected bit operations: 3353035381.3333335
====================================================================================================
Winning Bit Width: [8, 8, 4, 4, 8, 8, 8, 2, 4]
[3/10]: Full precision Accuracy: 82.50%
[3/10]: Quantized Accuracy: 78.00%
[4/10]: Relaxed Model, Accuracy: 63.20%
Expected bit operations: 3353626517.3333335
====================================================================================================
Winning Bit Width: [8, 8, 4, 2, 8, 8, 8, 8, 8]
[4/10]: Full precision Accuracy: 82.80%
[4/10]: Quantized Accuracy: 80.90%
[5/10]: Relaxed Model, Accuracy: 72.80%
Expected bit operations: 3353626517.3333335
====================================================================================================
Winning Bit Width: [8, 8, 4, 2, 8, 8, 8, 2, 8]
[5/10]: Full precision Accuracy: 82.10%
[5/10]: Quantized Accuracy: 80.80%
[6/10]: Relaxed Model, Accuracy: 64.60%
Expected bit operations: 3353035381.3333335
====================================================================================================
Winning Bit Width: [8, 8, 4, 4, 8, 8, 8, 2, 4]
[6/10]: Full precision Accuracy: 82.10%
[6/10]: Quantized Accuracy: 79.90%
[7/10]: Relaxed Model, Accuracy: 70.30%
Expected bit operations: 3337412501.3333335
====================================================================================================
Winning Bit Width: [8, 8, 4, 2, 2, 8, 8, 8, 8]
[7/10]: Full precision Accuracy: 82.40%
[7/10]: Quantized Accuracy: 76.30%
[8/10]: Relaxed Model, Accuracy: 70.00%
Expected bit operations: 4015318304.0
====================================================================================================
Winning Bit Width: [8, 8, 8, 2, 8, 8, 8, 2, 4]
[8/10]: Full precision Accuracy: 81.80%
[8/10]: Quantized Accuracy: 78.00%
[9/10]: Relaxed Model, Accuracy: 72.90%
Expected bit operations: 3336821365.3333335
====================================================================================================
Winning Bit Width: [8, 8, 4, 2, 2, 8, 8, 2, 4]
[9/10]: Full precision Accuracy: 81.90%
[9/10]: Quantized Accuracy: 75.80%
[10/10]: Relaxed Model, Accuracy: 55.80%
Expected bit operations: 3336821365.3333335
====================================================================================================
Winning Bit Width: [8, 8, 4, 4, 2, 8, 8, 2, 4]
[10/10]: Full precision Accuracy: 81.90%
[10/10]: Quantized Accuracy: 71.70%
================================================================================
Full precision BOPs: 16110067712.00
Full precision accuracy: 82.20 ± 0.33
Average wining bit configuration: [[8, 8, 4, 2, None, 8], [None], [None, 8, 8, 2, None, 8]]
Standard deviation of wining bit configuration: [[0.0, 0.0, 1.687, 0.966, 0, 2.898], [0], [0, 0.0, 0.0, 2.53, 0, 2.108]]
Bit width: 6.09 ± 0.51
Quantized BOPs: 3480923329.07 ± 267439400.03
Quantized accuracy: 78.26 ± 2.83
