num_runs: 10
dataset_name: Cora
epochs: 50
hidden_channels: 128
lr: 0.01
lr_quant: 0.001
weight_decay: 0.0002
device: cuda
log_dir: experimental_logs
num_bits_list: [2, 4, 8]
bit_width_lambda: 1.0
====================================================================================================
[1/10]: Relaxed Model, Accuracy: 56.90%
Expected bit operations: 1676261322.6666667
====================================================================================================
Winning Bit Width: [2, 4, 4, 2, 2, 8, 4, 2, 4]
[1/10]: Full precision Accuracy: 81.90%
[1/10]: Quantized Accuracy: 69.10%
[2/10]: Relaxed Model, Accuracy: 69.60%
Expected bit operations: 1676261322.6666667
====================================================================================================
Winning Bit Width: [2, 4, 4, 2, 2, 8, 4, 4, 4]
[2/10]: Full precision Accuracy: 82.50%
[2/10]: Quantized Accuracy: 70.20%
[3/10]: Relaxed Model, Accuracy: 73.20%
Expected bit operations: 1676852458.6666667
====================================================================================================
Winning Bit Width: [2, 4, 4, 2, 2, 8, 4, 4, 8]
[3/10]: Full precision Accuracy: 82.20%
[3/10]: Quantized Accuracy: 73.00%
[4/10]: Relaxed Model, Accuracy: 60.50%
Expected bit operations: 1676261322.6666667
====================================================================================================
Winning Bit Width: [2, 4, 4, 2, 2, 8, 4, 8, 4]
[4/10]: Full precision Accuracy: 82.00%
[4/10]: Quantized Accuracy: 71.50%
[5/10]: Relaxed Model, Accuracy: 69.70%
Expected bit operations: 1676261322.6666667
====================================================================================================
Winning Bit Width: [2, 4, 4, 2, 2, 8, 4, 2, 4]
[5/10]: Full precision Accuracy: 81.90%
[5/10]: Quantized Accuracy: 68.90%
[6/10]: Relaxed Model, Accuracy: 67.00%
Expected bit operations: 1676261322.6666667
====================================================================================================
Winning Bit Width: [2, 4, 4, 2, 2, 8, 4, 8, 4]
[6/10]: Full precision Accuracy: 82.50%
[6/10]: Quantized Accuracy: 70.40%
[7/10]: Relaxed Model, Accuracy: 63.60%
Expected bit operations: 1676261322.6666667
====================================================================================================
Winning Bit Width: [2, 4, 4, 2, 2, 8, 4, 2, 4]
[7/10]: Full precision Accuracy: 82.60%
[7/10]: Quantized Accuracy: 67.90%
[8/10]: Relaxed Model, Accuracy: 73.10%
Expected bit operations: 1676261322.6666667
====================================================================================================
Winning Bit Width: [2, 4, 4, 4, 2, 8, 4, 2, 4]
[8/10]: Full precision Accuracy: 82.00%
[8/10]: Quantized Accuracy: 63.40%
[9/10]: Relaxed Model, Accuracy: 60.00%
Expected bit operations: 1676261322.6666667
====================================================================================================
Winning Bit Width: [2, 4, 4, 4, 2, 8, 4, 4, 4]
[9/10]: Full precision Accuracy: 82.60%
[9/10]: Quantized Accuracy: 65.40%
[10/10]: Relaxed Model, Accuracy: 67.80%
Expected bit operations: 1676261322.6666667
====================================================================================================
Winning Bit Width: [2, 4, 4, 2, 2, 8, 4, 2, 4]
[10/10]: Full precision Accuracy: 82.30%
[10/10]: Quantized Accuracy: 67.00%
================================================================================
Full precision BOPs: 16110067712.00
Full precision accuracy: 82.25 ± 0.27
Average wining bit configuration: [[2, 4, 4, 2, None, 2], [None], [None, 8, 4, 4, None, 4]]
Standard deviation of wining bit configuration: [[0.0, 0.0, 0.0, 0.843, 0, 0.0], [0], [0, 0.0, 0.0, 2.394, 0, 1.265]]
Bit width: 3.84 ± 0.28
Quantized BOPs: 1676320436.27 ± 177340.80
Quantized accuracy: 68.68 ± 2.72
