dataset_name: REDDIT-BINARY
num_folds: 10
epochs: 200
hidden_channels: 64
num_layers: 5
batch_size: 128
lr: 0.01
weight_decay: 0
step_size: 25
gamma: 0.5
device: cuda
plot_statistics: False
log_dir: logs
====================================================================================================
Fold 1/10 - Accuracy: 87.50%
____________________________________________________________________________________________________
Fold 2/10 - Accuracy: 90.00%
____________________________________________________________________________________________________
Fold 3/10 - Accuracy: 89.00%
____________________________________________________________________________________________________
Fold 4/10 - Accuracy: 91.00%
____________________________________________________________________________________________________
Fold 5/10 - Accuracy: 91.00%
____________________________________________________________________________________________________
Fold 6/10 - Accuracy: 87.50%
____________________________________________________________________________________________________
Fold 7/10 - Accuracy: 89.50%
____________________________________________________________________________________________________
Fold 8/10 - Accuracy: 92.00%
____________________________________________________________________________________________________
Fold 9/10 - Accuracy: 88.94%
____________________________________________________________________________________________________
Fold 10/10 - Accuracy: 88.94%
____________________________________________________________________________________________________
Results for 10-fold cross-validation:
Accuracies: 89.54% ± 1.41%
Bit operations: 73158665139.20 ± 5842182423.01
====================================================================================================
