dataset_name: DD
num_folds: 10
epochs: 200
hidden_channels: 64
num_layers: 5
batch_size: 128
lr: 0.01
weight_decay: 0.0002
step_size: 25
gamma: 0.5
device: cuda
log_dir: logs
num_bits_list: [4, 8]
bit_width_lambda: -1e-08
====================================================================================================
Average Bit-Width 6.75
Winning bit widths: [[[[None, 8, 8], [None], [None, 8, 8], [None]], [8, 4]], [[[None, 8, 8], [None], [None, 8, 4], [None]], [None, 4]], [[[None, 8, 8], [None], [None, 8, 4], [None]], [None, 8]], [[[None, 8, 8], [None], [None, 8, 4], [None]], [None, 8]], [[[None, 4, 8], [None], [None, 4, 4], [None]], [None, 8]], [8, 4, 8], [None], [8, 8, 4]]
Fold 1/10 - Accuracy: 74.58%
Average Bit-Width 6.88
Winning bit widths: [[[[None, 4, 8], [None], [None, 8, 8], [None]], [4, 8]], [[[None, 8, 8], [None], [None, 8, 8], [None]], [None, 4]], [[[None, 8, 8], [None], [None, 8, 8], [None]], [None, 4]], [[[None, 8, 8], [None], [None, 4, 8], [None]], [None, 8]], [[[None, 8, 8], [None], [None, 4, 8], [None]], [None, 8]], [8, 4, 8], [None], [4, 8, 4]]
Fold 2/10 - Accuracy: 58.47%
Average Bit-Width 7.38
Winning bit widths: [[[[None, 8, 8], [None], [None, 8, 8], [None]], [8, 8]], [[[None, 8, 4], [None], [None, 8, 8], [None]], [None, 8]], [[[None, 4, 8], [None], [None, 8, 8], [None]], [None, 8]], [[[None, 8, 4], [None], [None, 8, 8], [None]], [None, 8]], [[[None, 8, 8], [None], [None, 8, 4], [None]], [None, 8]], [4, 8, 8], [None], [8, 8, 8]]
Fold 3/10 - Accuracy: 74.58%
Average Bit-Width 7.25
Winning bit widths: [[[[None, 8, 8], [None], [None, 8, 8], [None]], [8, 4]], [[[None, 8, 8], [None], [None, 8, 8], [None]], [None, 8]], [[[None, 8, 8], [None], [None, 8, 4], [None]], [None, 8]], [[[None, 8, 8], [None], [None, 8, 8], [None]], [None, 8]], [[[None, 8, 8], [None], [None, 8, 4], [None]], [None, 8]], [4, 8, 4], [None], [4, 8, 8]]
Fold 4/10 - Accuracy: 68.64%
Average Bit-Width 7.50
Winning bit widths: [[[[None, 8, 8], [None], [None, 8, 8], [None]], [8, 8]], [[[None, 8, 8], [None], [None, 8, 8], [None]], [None, 8]], [[[None, 8, 8], [None], [None, 8, 4], [None]], [None, 8]], [[[None, 8, 8], [None], [None, 8, 4], [None]], [None, 8]], [[[None, 4, 8], [None], [None, 8, 8], [None]], [None, 8]], [8, 8, 8], [None], [8, 8, 4]]
Fold 5/10 - Accuracy: 72.88%
Average Bit-Width 7.38
Winning bit widths: [[[[None, 8, 8], [None], [None, 8, 8], [None]], [8, 8]], [[[None, 8, 4], [None], [None, 8, 8], [None]], [None, 8]], [[[None, 8, 8], [None], [None, 8, 8], [None]], [None, 8]], [[[None, 8, 4], [None], [None, 8, 4], [None]], [None, 8]], [[[None, 8, 4], [None], [None, 8, 4], [None]], [None, 8]], [8, 8, 8], [None], [8, 8, 8]]
Fold 6/10 - Accuracy: 75.42%
Average Bit-Width 7.38
Winning bit widths: [[[[None, 8, 8], [None], [None, 8, 8], [None]], [8, 8]], [[[None, 8, 8], [None], [None, 8, 8], [None]], [None, 8]], [[[None, 8, 4], [None], [None, 8, 8], [None]], [None, 8]], [[[None, 8, 8], [None], [None, 8, 8], [None]], [None, 8]], [[[None, 8, 8], [None], [None, 8, 8], [None]], [None, 8]], [4, 4, 8], [None], [4, 4, 8]]
Fold 7/10 - Accuracy: 67.80%
Average Bit-Width 7.25
Winning bit widths: [[[[None, 8, 8], [None], [None, 8, 4], [None]], [4, 8]], [[[None, 8, 8], [None], [None, 8, 8], [None]], [None, 8]], [[[None, 8, 8], [None], [None, 8, 8], [None]], [None, 8]], [[[None, 8, 8], [None], [None, 8, 8], [None]], [None, 4]], [[[None, 8, 8], [None], [None, 4, 4], [None]], [None, 8]], [8, 8, 8], [None], [8, 4, 8]]
Fold 8/10 - Accuracy: 41.53%
Average Bit-Width 7.38
Winning bit widths: [[[[None, 8, 8], [None], [None, 8, 8], [None]], [8, 8]], [[[None, 8, 8], [None], [None, 8, 8], [None]], [None, 8]], [[[None, 8, 8], [None], [None, 8, 4], [None]], [None, 8]], [[[None, 4, 8], [None], [None, 8, 8], [None]], [None, 8]], [[[None, 8, 8], [None], [None, 8, 4], [None]], [None, 8]], [4, 8, 4], [None], [8, 8, 8]]
Fold 9/10 - Accuracy: 64.96%
Average Bit-Width 7.12
Winning bit widths: [[[[None, 8, 8], [None], [None, 8, 8], [None]], [8, 8]], [[[None, 8, 8], [None], [None, 8, 8], [None]], [None, 4]], [[[None, 8, 8], [None], [None, 8, 8], [None]], [None, 8]], [[[None, 8, 8], [None], [None, 8, 4], [None]], [None, 8]], [[[None, 8, 8], [None], [None, 8, 4], [None]], [None, 4]], [4, 8, 8], [None], [4, 4, 8]]
Fold 10/10 - Accuracy: 68.38%
====================================================================================================
Results for 10-fold cross-validation:
winning bit widths: [[[[None, 8, 8], [None], [None, 8, 8], [None]], [8, 8]], [[[None, 8, 8], [None], [None, 8, 8], [None]], [None, 8]], [[[None, 8, 8], [None], [None, 8, 8], [None]], [None, 8]], [[[None, 8, 8], [None], [None, 8, 8], [None]], [None, 8]], [[[None, 8, 8], [None], [None, 8, 4], [None]], [None, 8]], [8, 8, 8], [None], [8, 8, 8]]
winning bit widths std: [[[[0, 1.265, 0.0], [0], [0, 0.0, 1.265], [0]], [1.687, 1.687]], [[[0, 0.0, 1.687], [0], [0, 0.0, 1.265], [0]], [0, 1.932]], [[[0, 1.265, 1.265], [0], [0, 0.0, 2.066], [0]], [0, 1.265]], [[[0, 1.265, 1.687], [0], [0, 1.265, 2.066], [0]], [0, 1.265]], [[[0, 1.687, 1.265], [0], [0, 1.932, 1.932], [0]], [0, 1.265]], [2.108, 1.932, 1.687], [0], [2.066, 1.932, 1.932]]
average bit width: 7.22 ± 0.23
Accuracies: 66.72% ± 9.75%
Bit Operations: 12026897046.67 ± 1458060342.93
