dataset_name: DD
num_folds: 10
epochs: 200
hidden_channels: 64
num_layers: 5
batch_size: 128
lr: 0.01
weight_decay: 0.0002
step_size: 25
gamma: 0.5
device: cuda
log_dir: logs
num_bits_list: [4, 8]
bit_width_lambda: 0.0
====================================================================================================
Average Bit-Width 7.62
Winning bit widths: [[[[None, 8, 8], [None], [None, 8, 8], [None]], [8, 8]], [[[None, 8, 8], [None], [None, 8, 8], [None]], [None, 8]], [[[None, 8, 8], [None], [None, 8, 8], [None]], [None, 8]], [[[None, 8, 8], [None], [None, 8, 8], [None]], [None, 4]], [[[None, 8, 4], [None], [None, 8, 4], [None]], [None, 8]], [8, 8, 8], [None], [8, 8, 8]]
Fold 1/10 - Accuracy: 74.58%
Average Bit-Width 6.88
Winning bit widths: [[[[None, 8, 8], [None], [None, 8, 8], [None]], [8, 8]], [[[None, 8, 8], [None], [None, 8, 8], [None]], [None, 8]], [[[None, 8, 8], [None], [None, 4, 8], [None]], [None, 8]], [[[None, 8, 8], [None], [None, 4, 8], [None]], [None, 8]], [[[None, 4, 8], [None], [None, 4, 8], [None]], [None, 8]], [8, 4, 4], [None], [4, 4, 4]]
Fold 2/10 - Accuracy: 58.47%
Average Bit-Width 7.12
Winning bit widths: [[[[None, 8, 4], [None], [None, 8, 8], [None]], [8, 4]], [[[None, 8, 8], [None], [None, 8, 8], [None]], [None, 8]], [[[None, 8, 4], [None], [None, 8, 8], [None]], [None, 8]], [[[None, 8, 8], [None], [None, 8, 4], [None]], [None, 4]], [[[None, 8, 8], [None], [None, 8, 4], [None]], [None, 8]], [4, 8, 8], [None], [8, 8, 8]]
Fold 3/10 - Accuracy: 76.27%
Average Bit-Width 7.50
Winning bit widths: [[[[None, 4, 4], [None], [None, 8, 8], [None]], [8, 8]], [[[None, 8, 8], [None], [None, 8, 8], [None]], [None, 8]], [[[None, 8, 8], [None], [None, 8, 8], [None]], [None, 4]], [[[None, 8, 8], [None], [None, 8, 8], [None]], [None, 8]], [[[None, 8, 8], [None], [None, 8, 4], [None]], [None, 8]], [8, 8, 8], [None], [8, 8, 8]]
Fold 4/10 - Accuracy: 66.10%
Average Bit-Width 7.25
Winning bit widths: [[[[None, 8, 8], [None], [None, 8, 8], [None]], [8, 4]], [[[None, 8, 4], [None], [None, 8, 8], [None]], [None, 8]], [[[None, 8, 8], [None], [None, 8, 8], [None]], [None, 8]], [[[None, 8, 8], [None], [None, 8, 4], [None]], [None, 8]], [[[None, 8, 8], [None], [None, 4, 8], [None]], [None, 8]], [8, 4, 8], [None], [8, 8, 4]]
Fold 5/10 - Accuracy: 66.95%
Average Bit-Width 7.62
Winning bit widths: [[[[None, 8, 8], [None], [None, 8, 8], [None]], [8, 8]], [[[None, 8, 8], [None], [None, 8, 8], [None]], [None, 8]], [[[None, 8, 8], [None], [None, 8, 8], [None]], [None, 4]], [[[None, 8, 8], [None], [None, 8, 8], [None]], [None, 8]], [[[None, 4, 8], [None], [None, 8, 4], [None]], [None, 8]], [8, 8, 8], [None], [8, 8, 8]]
Fold 6/10 - Accuracy: 73.73%
Average Bit-Width 7.12
Winning bit widths: [[[[None, 8, 8], [None], [None, 8, 8], [None]], [8, 8]], [[[None, 4, 8], [None], [None, 8, 8], [None]], [None, 8]], [[[None, 8, 4], [None], [None, 8, 8], [None]], [None, 8]], [[[None, 8, 4], [None], [None, 8, 8], [None]], [None, 8]], [[[None, 8, 8], [None], [None, 8, 4], [None]], [None, 8]], [8, 4, 8], [None], [8, 4, 4]]
Fold 7/10 - Accuracy: 64.41%
Average Bit-Width 7.62
Winning bit widths: [[[[None, 8, 8], [None], [None, 8, 8], [None]], [8, 8]], [[[None, 8, 8], [None], [None, 8, 8], [None]], [None, 4]], [[[None, 8, 8], [None], [None, 8, 8], [None]], [None, 8]], [[[None, 8, 8], [None], [None, 8, 8], [None]], [None, 8]], [[[None, 8, 8], [None], [None, 8, 4], [None]], [None, 8]], [4, 8, 8], [None], [8, 8, 8]]
Fold 8/10 - Accuracy: 71.19%
Average Bit-Width 6.88
Winning bit widths: [[[[None, 4, 4], [None], [None, 8, 4], [None]], [8, 8]], [[[None, 8, 8], [None], [None, 8, 8], [None]], [None, 8]], [[[None, 8, 4], [None], [None, 8, 4], [None]], [None, 8]], [[[None, 8, 8], [None], [None, 8, 8], [None]], [None, 4]], [[[None, 8, 8], [None], [None, 8, 4], [None]], [None, 4]], [8, 8, 4], [None], [8, 8, 8]]
Fold 9/10 - Accuracy: 72.65%
Average Bit-Width 7.38
Winning bit widths: [[[[None, 8, 8], [None], [None, 8, 8], [None]], [8, 8]], [[[None, 8, 8], [None], [None, 8, 8], [None]], [None, 8]], [[[None, 8, 8], [None], [None, 8, 8], [None]], [None, 4]], [[[None, 4, 8], [None], [None, 8, 8], [None]], [None, 8]], [[[None, 8, 8], [None], [None, 8, 4], [None]], [None, 8]], [8, 8, 8], [None], [4, 4, 8]]
Fold 10/10 - Accuracy: 75.21%
====================================================================================================
Results for 10-fold cross-validation:
winning bit widths: [[[[None, 8, 8], [None], [None, 8, 8], [None]], [8, 8]], [[[None, 8, 8], [None], [None, 8, 8], [None]], [None, 8]], [[[None, 8, 8], [None], [None, 8, 8], [None]], [None, 8]], [[[None, 8, 8], [None], [None, 8, 8], [None]], [None, 8]], [[[None, 8, 8], [None], [None, 8, 4], [None]], [None, 8]], [8, 8, 8], [None], [8, 8, 8]]
winning bit widths std: [[[[0, 1.687, 1.932], [0], [0, 0.0, 1.265], [0]], [0.0, 1.687]], [[[0, 1.265, 1.265], [0], [0, 0.0, 0.0], [0]], [0, 1.265]], [[[0, 0.0, 1.932], [0], [0, 1.265, 1.265], [0]], [0, 1.932]], [[[0, 1.265, 1.265], [0], [0, 1.265, 1.687], [0]], [0, 1.932]], [[[0, 1.687, 1.265], [0], [0, 1.687, 1.687], [0]], [0, 1.265]], [1.687, 1.932, 1.687], [0], [1.687, 1.932, 1.932]]
average bit width: 7.30 ± 0.28
Accuracies: 69.96% ± 5.46%
Bit Operations: 12089744053.33 ± 1362249404.54
