num_runs: 10
dataset_name: PubMed
epochs: 50
hidden_channels: 128
lr: 0.01
lr_quant: 0.001
weight_decay: 0.0002
device: cuda
log_dir: ablation_study
num_bits_list: [2, 4, 8]
bit_width_lambda: 0.055
====================================================================================================
[1/10]: Relaxed Model, Accuracy: 72.80%
Expected bit operations: 6885670613.333333
====================================================================================================
Winning Bit Width: [4, 8, 4, 2, 4, 8, 8, 2, 8]
[1/10]: Full precision Accuracy: 78.10%
[1/10]: Quantized Accuracy: 77.00%
[2/10]: Relaxed Model, Accuracy: 74.80%
Expected bit operations: 6885670613.333333
====================================================================================================
Winning Bit Width: [4, 8, 4, 4, 4, 8, 8, 2, 8]
[2/10]: Full precision Accuracy: 77.40%
[2/10]: Quantized Accuracy: 78.20%
[3/10]: Relaxed Model, Accuracy: 76.40%
Expected bit operations: 6885670613.333333
====================================================================================================
Winning Bit Width: [4, 8, 4, 4, 4, 8, 8, 2, 8]
[3/10]: Full precision Accuracy: 78.40%
[3/10]: Quantized Accuracy: 77.10%
[4/10]: Relaxed Model, Accuracy: 77.60%
Expected bit operations: 6885670613.333333
====================================================================================================
Winning Bit Width: [4, 8, 4, 8, 4, 8, 8, 4, 8]
[4/10]: Full precision Accuracy: 78.60%
[4/10]: Quantized Accuracy: 78.50%
[5/10]: Relaxed Model, Accuracy: 72.10%
Expected bit operations: 6885670613.333333
====================================================================================================
Winning Bit Width: [4, 8, 4, 2, 4, 8, 8, 8, 8]
[5/10]: Full precision Accuracy: 78.50%
[5/10]: Quantized Accuracy: 77.40%
[6/10]: Relaxed Model, Accuracy: 76.10%
Expected bit operations: 6885670613.333333
====================================================================================================
Winning Bit Width: [4, 8, 4, 2, 4, 8, 8, 2, 8]
[6/10]: Full precision Accuracy: 78.70%
[6/10]: Quantized Accuracy: 76.90%
[7/10]: Relaxed Model, Accuracy: 75.40%
Expected bit operations: 6885670613.333333
====================================================================================================
Winning Bit Width: [4, 8, 4, 4, 4, 8, 8, 2, 8]
[7/10]: Full precision Accuracy: 78.70%
[7/10]: Quantized Accuracy: 76.90%
[8/10]: Relaxed Model, Accuracy: 75.80%
Expected bit operations: 6885670613.333333
====================================================================================================
Winning Bit Width: [4, 8, 4, 8, 4, 8, 8, 2, 8]
[8/10]: Full precision Accuracy: 78.40%
[8/10]: Quantized Accuracy: 77.90%
[9/10]: Relaxed Model, Accuracy: 76.60%
Expected bit operations: 6885670613.333333
====================================================================================================
Winning Bit Width: [4, 8, 4, 2, 4, 8, 8, 4, 8]
[9/10]: Full precision Accuracy: 77.60%
[9/10]: Quantized Accuracy: 77.50%
[10/10]: Relaxed Model, Accuracy: 78.40%
Expected bit operations: 6885670613.333333
====================================================================================================
Winning Bit Width: [4, 8, 4, 2, 4, 8, 8, 2, 8]
[10/10]: Full precision Accuracy: 77.90%
[10/10]: Quantized Accuracy: 76.30%
================================================================================
Full precision BOPs: 41699687680.00
Full precision accuracy: 78.23 ± 0.44
Average wining bit configuration: [[4, 8, 4, 4, None, 4], [None], [None, 8, 8, 2, None, 8]]
Standard deviation of wining bit configuration: [[0.0, 0.0, 0.0, 2.394, 0, 0.0], [0], [0, 0.0, 0.0, 1.944, 0, 0.0]]
Bit width: 5.64 ± 0.30
Quantized BOPs: 6885670613.33 ± 0.00
Quantized accuracy: 77.37 ± 0.64
