num_runs: 10
dataset_name: PubMed
epochs: 50
hidden_channels: 128
lr: 0.01
lr_quant: 0.001
weight_decay: 0.0002
device: cuda
log_dir: ablation_study
num_bits_list: [2, 4, 8]
bit_width_lambda: 0.025
====================================================================================================
[1/10]: Relaxed Model, Accuracy: 77.10%
Expected bit operations: 8568187946.666667
====================================================================================================
Winning Bit Width: [8, 8, 4, 2, 4, 8, 8, 2, 8]
[1/10]: Full precision Accuracy: 78.80%
[1/10]: Quantized Accuracy: 77.60%
[2/10]: Relaxed Model, Accuracy: 76.60%
Expected bit operations: 8568187946.666667
====================================================================================================
Winning Bit Width: [8, 8, 4, 2, 4, 8, 8, 2, 8]
[2/10]: Full precision Accuracy: 78.50%
[2/10]: Quantized Accuracy: 78.00%
[3/10]: Relaxed Model, Accuracy: 75.30%
Expected bit operations: 6885670613.333333
====================================================================================================
Winning Bit Width: [4, 8, 4, 2, 4, 8, 8, 2, 8]
[3/10]: Full precision Accuracy: 77.50%
[3/10]: Quantized Accuracy: 76.80%
[4/10]: Relaxed Model, Accuracy: 75.30%
Expected bit operations: 8568187946.666667
====================================================================================================
Winning Bit Width: [8, 8, 4, 2, 4, 8, 8, 2, 8]
[4/10]: Full precision Accuracy: 78.70%
[4/10]: Quantized Accuracy: 78.80%
[5/10]: Relaxed Model, Accuracy: 75.40%
Expected bit operations: 8568187946.666667
====================================================================================================
Winning Bit Width: [8, 8, 4, 2, 4, 8, 8, 2, 8]
[5/10]: Full precision Accuracy: 77.80%
[5/10]: Quantized Accuracy: 76.90%
[6/10]: Relaxed Model, Accuracy: 74.00%
Expected bit operations: 8568187946.666667
====================================================================================================
Winning Bit Width: [8, 8, 4, 2, 4, 8, 8, 2, 8]
[6/10]: Full precision Accuracy: 78.20%
[6/10]: Quantized Accuracy: 78.20%
[7/10]: Relaxed Model, Accuracy: 78.00%
Expected bit operations: 6885670613.333333
====================================================================================================
Winning Bit Width: [4, 8, 4, 2, 4, 8, 8, 2, 8]
[7/10]: Full precision Accuracy: 78.70%
[7/10]: Quantized Accuracy: 76.60%
[8/10]: Relaxed Model, Accuracy: 76.90%
Expected bit operations: 8568187946.666667
====================================================================================================
Winning Bit Width: [8, 8, 4, 2, 4, 8, 8, 2, 8]
[8/10]: Full precision Accuracy: 77.80%
[8/10]: Quantized Accuracy: 77.50%
[9/10]: Relaxed Model, Accuracy: 75.40%
Expected bit operations: 6885670613.333333
====================================================================================================
Winning Bit Width: [4, 8, 4, 2, 4, 8, 8, 2, 8]
[9/10]: Full precision Accuracy: 78.70%
[9/10]: Quantized Accuracy: 76.80%
[10/10]: Relaxed Model, Accuracy: 77.40%
Expected bit operations: 8568187946.666667
====================================================================================================
Winning Bit Width: [8, 8, 4, 2, 4, 8, 8, 2, 8]
[10/10]: Full precision Accuracy: 77.60%
[10/10]: Quantized Accuracy: 78.00%
================================================================================
Full precision BOPs: 41699687680.00
Full precision accuracy: 78.23 ± 0.49
Average wining bit configuration: [[8, 8, 4, 2, None, 4], [None], [None, 8, 8, 2, None, 8]]
Standard deviation of wining bit configuration: [[1.932, 0.0, 0.0, 0.0, 0, 0.0], [0], [0, 0.0, 0.0, 0.0, 0, 0.0]]
Bit width: 5.64 ± 0.20
Quantized BOPs: 8063432746.67 ± 771026303.81
Quantized accuracy: 77.52 ± 0.70
