num_runs: 10
dataset_name: PubMed
epochs: 50
hidden_channels: 128
lr: 0.01
lr_quant: 0.001
weight_decay: 0.0002
device: cuda
log_dir: ablation_study
num_bits_list: [2, 4, 8]
bit_width_lambda: 0.09
====================================================================================================
[1/10]: Relaxed Model, Accuracy: 75.20%
Expected bit operations: 6885670613.333333
====================================================================================================
Winning Bit Width: [4, 8, 4, 2, 4, 8, 8, 4, 8]
[1/10]: Full precision Accuracy: 78.60%
[1/10]: Quantized Accuracy: 77.50%
[2/10]: Relaxed Model, Accuracy: 75.10%
Expected bit operations: 6885670613.333333
====================================================================================================
Winning Bit Width: [4, 8, 4, 2, 4, 8, 8, 2, 8]
[2/10]: Full precision Accuracy: 78.90%
[2/10]: Quantized Accuracy: 77.10%
[3/10]: Relaxed Model, Accuracy: 76.60%
Expected bit operations: 6885670613.333333
====================================================================================================
Winning Bit Width: [4, 8, 4, 2, 4, 8, 8, 2, 8]
[3/10]: Full precision Accuracy: 77.60%
[3/10]: Quantized Accuracy: 76.10%
[4/10]: Relaxed Model, Accuracy: 76.20%
Expected bit operations: 6885670613.333333
====================================================================================================
Winning Bit Width: [4, 8, 4, 2, 4, 8, 8, 2, 8]
[4/10]: Full precision Accuracy: 77.70%
[4/10]: Quantized Accuracy: 76.80%
[5/10]: Relaxed Model, Accuracy: 74.90%
Expected bit operations: 6885670613.333333
====================================================================================================
Winning Bit Width: [4, 8, 4, 2, 4, 8, 8, 4, 8]
[5/10]: Full precision Accuracy: 78.50%
[5/10]: Quantized Accuracy: 77.00%
[6/10]: Relaxed Model, Accuracy: 73.80%
Expected bit operations: 6885670613.333333
====================================================================================================
Winning Bit Width: [4, 8, 4, 2, 4, 8, 8, 2, 8]
[6/10]: Full precision Accuracy: 77.60%
[6/10]: Quantized Accuracy: 76.80%
[7/10]: Relaxed Model, Accuracy: 74.20%
Expected bit operations: 6885670613.333333
====================================================================================================
Winning Bit Width: [4, 8, 4, 4, 4, 8, 8, 2, 8]
[7/10]: Full precision Accuracy: 78.00%
[7/10]: Quantized Accuracy: 78.20%
[8/10]: Relaxed Model, Accuracy: 76.00%
Expected bit operations: 6885670613.333333
====================================================================================================
Winning Bit Width: [4, 8, 4, 2, 4, 8, 8, 2, 8]
[8/10]: Full precision Accuracy: 78.20%
[8/10]: Quantized Accuracy: 77.00%
[9/10]: Relaxed Model, Accuracy: 75.10%
Expected bit operations: 6885670613.333333
====================================================================================================
Winning Bit Width: [4, 8, 4, 2, 4, 8, 8, 2, 8]
[9/10]: Full precision Accuracy: 78.70%
[9/10]: Quantized Accuracy: 77.40%
[10/10]: Relaxed Model, Accuracy: 74.80%
Expected bit operations: 6885670613.333333
====================================================================================================
Winning Bit Width: [4, 8, 4, 2, 4, 8, 8, 2, 8]
[10/10]: Full precision Accuracy: 77.60%
[10/10]: Quantized Accuracy: 76.60%
================================================================================
Full precision BOPs: 41699687680.00
Full precision accuracy: 78.14 ± 0.48
Average wining bit configuration: [[4, 8, 4, 2, None, 4], [None], [None, 8, 8, 2, None, 8]]
Standard deviation of wining bit configuration: [[0.0, 0.0, 0.0, 0.632, 0, 0.0], [0], [0, 0.0, 0.0, 0.843, 0, 0.0]]
Bit width: 5.40 ± 0.10
Quantized BOPs: 6885670613.33 ± 0.00
Quantized accuracy: 77.05 ± 0.54
