num_runs: 10
dataset_name: PubMed
epochs: 50
hidden_channels: 128
lr: 0.01
lr_quant: 0.001
weight_decay: 0.0002
device: cuda
log_dir: ablation_study
num_bits_list: [2, 4, 8]
bit_width_lambda: 0.06
====================================================================================================
[1/10]: Relaxed Model, Accuracy: 74.00%
Expected bit operations: 6885670613.333333
====================================================================================================
Winning Bit Width: [4, 8, 4, 2, 4, 8, 8, 2, 8]
[1/10]: Full precision Accuracy: 78.70%
[1/10]: Quantized Accuracy: 76.80%
[2/10]: Relaxed Model, Accuracy: 76.50%
Expected bit operations: 6885670613.333333
====================================================================================================
Winning Bit Width: [4, 8, 4, 2, 4, 8, 8, 2, 8]
[2/10]: Full precision Accuracy: 78.70%
[2/10]: Quantized Accuracy: 76.70%
[3/10]: Relaxed Model, Accuracy: 74.50%
Expected bit operations: 6885670613.333333
====================================================================================================
Winning Bit Width: [4, 8, 4, 2, 4, 8, 8, 2, 8]
[3/10]: Full precision Accuracy: 77.70%
[3/10]: Quantized Accuracy: 76.70%
[4/10]: Relaxed Model, Accuracy: 74.60%
Expected bit operations: 6885670613.333333
====================================================================================================
Winning Bit Width: [4, 8, 4, 2, 4, 8, 8, 2, 8]
[4/10]: Full precision Accuracy: 78.90%
[4/10]: Quantized Accuracy: 77.30%
[5/10]: Relaxed Model, Accuracy: 74.90%
Expected bit operations: 6885670613.333333
====================================================================================================
Winning Bit Width: [4, 8, 4, 2, 4, 8, 8, 2, 8]
[5/10]: Full precision Accuracy: 78.10%
[5/10]: Quantized Accuracy: 76.60%
[6/10]: Relaxed Model, Accuracy: 74.50%
Expected bit operations: 6885670613.333333
====================================================================================================
Winning Bit Width: [4, 8, 4, 2, 4, 8, 8, 2, 8]
[6/10]: Full precision Accuracy: 77.40%
[6/10]: Quantized Accuracy: 77.00%
[7/10]: Relaxed Model, Accuracy: 76.10%
Expected bit operations: 6885670613.333333
====================================================================================================
Winning Bit Width: [4, 8, 4, 2, 4, 8, 8, 2, 8]
[7/10]: Full precision Accuracy: 77.40%
[7/10]: Quantized Accuracy: 76.60%
[8/10]: Relaxed Model, Accuracy: 78.00%
Expected bit operations: 6885670613.333333
====================================================================================================
Winning Bit Width: [4, 8, 4, 2, 4, 8, 8, 2, 8]
[8/10]: Full precision Accuracy: 78.60%
[8/10]: Quantized Accuracy: 77.00%
[9/10]: Relaxed Model, Accuracy: 76.50%
Expected bit operations: 6885670613.333333
====================================================================================================
Winning Bit Width: [4, 8, 4, 2, 4, 8, 8, 2, 8]
[9/10]: Full precision Accuracy: 78.90%
[9/10]: Quantized Accuracy: 76.80%
[10/10]: Relaxed Model, Accuracy: 75.50%
Expected bit operations: 6885670613.333333
====================================================================================================
Winning Bit Width: [4, 8, 4, 2, 4, 8, 8, 2, 8]
[10/10]: Full precision Accuracy: 79.20%
[10/10]: Quantized Accuracy: 76.80%
================================================================================
Full precision BOPs: 41699687680.00
Full precision accuracy: 78.36 ± 0.63
Average wining bit configuration: [[4, 8, 4, 2, None, 4], [None], [None, 8, 8, 2, None, 8]]
Standard deviation of wining bit configuration: [[0.0, 0.0, 0.0, 0.0, 0, 0.0], [0], [0, 0.0, 0.0, 0.0, 0, 0.0]]
Bit width: 5.33 ± 0.00
Quantized BOPs: 6885670613.33 ± 0.00
Quantized accuracy: 76.83 ± 0.21
