num_runs: 10
dataset_name: PubMed
epochs: 50
hidden_channels: 128
lr: 0.01
lr_quant: 0.001
weight_decay: 0.0002
device: cuda
log_dir: ablation_study
num_bits_list: [2, 4, 8]
bit_width_lambda: 0.015
====================================================================================================
[1/10]: Relaxed Model, Accuracy: 75.50%
Expected bit operations: 10341480832.0
====================================================================================================
Winning Bit Width: [8, 8, 8, 2, 8, 8, 8, 2, 8]
[1/10]: Full precision Accuracy: 78.60%
[1/10]: Quantized Accuracy: 79.20%
[2/10]: Relaxed Model, Accuracy: 75.60%
Expected bit operations: 10250705280.0
====================================================================================================
Winning Bit Width: [8, 8, 8, 2, 4, 8, 8, 2, 8]
[2/10]: Full precision Accuracy: 77.30%
[2/10]: Quantized Accuracy: 77.90%
[3/10]: Relaxed Model, Accuracy: 75.80%
Expected bit operations: 10341480832.0
====================================================================================================
Winning Bit Width: [8, 8, 8, 2, 8, 8, 8, 2, 8]
[3/10]: Full precision Accuracy: 77.40%
[3/10]: Quantized Accuracy: 77.80%
[4/10]: Relaxed Model, Accuracy: 75.70%
Expected bit operations: 8568187946.666667
====================================================================================================
Winning Bit Width: [8, 8, 4, 2, 4, 8, 8, 2, 8]
[4/10]: Full precision Accuracy: 76.80%
[4/10]: Quantized Accuracy: 78.40%
[5/10]: Relaxed Model, Accuracy: 74.30%
Expected bit operations: 10250705280.0
====================================================================================================
Winning Bit Width: [8, 8, 8, 2, 4, 8, 8, 2, 8]
[5/10]: Full precision Accuracy: 78.70%
[5/10]: Quantized Accuracy: 77.40%
[6/10]: Relaxed Model, Accuracy: 75.10%
Expected bit operations: 8658963498.666668
====================================================================================================
Winning Bit Width: [8, 8, 4, 2, 8, 8, 8, 8, 8]
[6/10]: Full precision Accuracy: 77.30%
[6/10]: Quantized Accuracy: 78.70%
[7/10]: Relaxed Model, Accuracy: 76.80%
Expected bit operations: 8568187946.666667
====================================================================================================
Winning Bit Width: [8, 8, 4, 2, 4, 8, 8, 8, 8]
[7/10]: Full precision Accuracy: 78.30%
[7/10]: Quantized Accuracy: 77.50%
[8/10]: Relaxed Model, Accuracy: 77.30%
Expected bit operations: 10341480832.0
====================================================================================================
Winning Bit Width: [8, 8, 8, 2, 8, 8, 8, 2, 8]
[8/10]: Full precision Accuracy: 77.10%
[8/10]: Quantized Accuracy: 76.40%
[9/10]: Relaxed Model, Accuracy: 76.80%
Expected bit operations: 8568187946.666667
====================================================================================================
Winning Bit Width: [8, 8, 4, 2, 4, 8, 8, 2, 8]
[9/10]: Full precision Accuracy: 77.30%
[9/10]: Quantized Accuracy: 78.20%
[10/10]: Relaxed Model, Accuracy: 77.20%
Expected bit operations: 10341480832.0
====================================================================================================
Winning Bit Width: [8, 8, 8, 2, 8, 8, 8, 2, 8]
[10/10]: Full precision Accuracy: 78.20%
[10/10]: Quantized Accuracy: 79.20%
================================================================================
Full precision BOPs: 41699687680.00
Full precision accuracy: 77.70 ± 0.64
Average wining bit configuration: [[8, 8, 8, 2, None, 8], [None], [None, 8, 8, 2, None, 8]]
Standard deviation of wining bit configuration: [[0.0, 0.0, 2.066, 0.0, 0, 2.108], [0], [0, 0.0, 0.0, 2.53, 0, 0.0]]
Bit width: 6.40 ± 0.37
Quantized BOPs: 9623086122.67 ± 843809123.33
Quantized accuracy: 78.07 ± 0.82
