num_runs: 10
dataset_name: CiteSeer
epochs: 50
hidden_channels: 128
lr: 0.01
lr_quant: 0.001
weight_decay: 0.0002
device: cuda
log_dir: ablation_study
num_bits_list: [2, 4, 8]
bit_width_lambda: -0.1
====================================================================================================
[1/10]: Relaxed Model, Accuracy: 61.90%
Expected bit operations: 12655518208.0
====================================================================================================
Winning Bit Width: [8, 8, 8, 8, 8, 8, 8, 8, 8]
[1/10]: Full precision Accuracy: 69.10%
[1/10]: Quantized Accuracy: 70.00%
[2/10]: Relaxed Model, Accuracy: 49.90%
Expected bit operations: 12655518208.0
====================================================================================================
Winning Bit Width: [8, 8, 8, 8, 8, 8, 8, 8, 8]
[2/10]: Full precision Accuracy: 70.10%
[2/10]: Quantized Accuracy: 70.30%
[3/10]: Relaxed Model, Accuracy: 64.20%
Expected bit operations: 12655081216.0
====================================================================================================
Winning Bit Width: [8, 8, 8, 8, 8, 8, 8, 8, 4]
[3/10]: Full precision Accuracy: 70.10%
[3/10]: Quantized Accuracy: 69.60%
[4/10]: Relaxed Model, Accuracy: 56.20%
Expected bit operations: 12655518208.0
====================================================================================================
Winning Bit Width: [8, 8, 8, 8, 8, 8, 8, 8, 8]
[4/10]: Full precision Accuracy: 71.00%
[4/10]: Quantized Accuracy: 69.60%
[5/10]: Relaxed Model, Accuracy: 51.80%
Expected bit operations: 12655518208.0
====================================================================================================
Winning Bit Width: [8, 8, 8, 8, 8, 8, 8, 8, 8]
[5/10]: Full precision Accuracy: 70.30%
[5/10]: Quantized Accuracy: 70.20%
[6/10]: Relaxed Model, Accuracy: 52.00%
Expected bit operations: 12655518208.0
====================================================================================================
Winning Bit Width: [8, 8, 8, 8, 8, 8, 8, 8, 8]
[6/10]: Full precision Accuracy: 71.30%
[6/10]: Quantized Accuracy: 70.30%
[7/10]: Relaxed Model, Accuracy: 54.70%
Expected bit operations: 12655518208.0
====================================================================================================
Winning Bit Width: [8, 8, 8, 8, 8, 8, 8, 8, 8]
[7/10]: Full precision Accuracy: 69.70%
[7/10]: Quantized Accuracy: 70.30%
[8/10]: Relaxed Model, Accuracy: 56.20%
Expected bit operations: 12655518208.0
====================================================================================================
Winning Bit Width: [8, 8, 8, 8, 8, 8, 8, 8, 8]
[8/10]: Full precision Accuracy: 69.90%
[8/10]: Quantized Accuracy: 71.20%
[9/10]: Relaxed Model, Accuracy: 50.90%
Expected bit operations: 12655518208.0
====================================================================================================
Winning Bit Width: [8, 8, 8, 8, 8, 8, 8, 8, 8]
[9/10]: Full precision Accuracy: 69.30%
[9/10]: Quantized Accuracy: 70.10%
[10/10]: Relaxed Model, Accuracy: 58.40%
Expected bit operations: 12655518208.0
====================================================================================================
Winning Bit Width: [8, 8, 8, 8, 8, 8, 8, 8, 8]
[10/10]: Full precision Accuracy: 70.70%
[10/10]: Quantized Accuracy: 71.10%
================================================================================
Full precision BOPs: 50678655552.00
Full precision accuracy: 70.15 ± 0.67
Average wining bit configuration: [[8, 8, 8, 8, None, 8], [None], [None, 8, 8, 8, None, 8]]
Standard deviation of wining bit configuration: [[0.0, 0.0, 0.0, 0.0, 0, 0.0], [0], [0, 0.0, 0.0, 0.0, 0, 1.265]]
Bit width: 7.96 ± 0.13
Quantized BOPs: 12655474508.80 ± 131097.60
Quantized accuracy: 70.27 ± 0.51
