num_runs: 10
dataset_name: CiteSeer
epochs: 50
hidden_channels: 128
lr: 0.01
lr_quant: 0.001
weight_decay: 0.0002
device: cuda
log_dir: ablation_study
num_bits_list: [2, 4, 8]
bit_width_lambda: -0.05
====================================================================================================
[1/10]: Relaxed Model, Accuracy: 55.70%
Expected bit operations: 12655518208.0
====================================================================================================
Winning Bit Width: [8, 8, 8, 4, 8, 8, 8, 8, 8]
[1/10]: Full precision Accuracy: 70.50%
[1/10]: Quantized Accuracy: 70.60%
[2/10]: Relaxed Model, Accuracy: 48.80%
Expected bit operations: 12655518208.0
====================================================================================================
Winning Bit Width: [8, 8, 8, 8, 8, 8, 8, 8, 8]
[2/10]: Full precision Accuracy: 71.30%
[2/10]: Quantized Accuracy: 70.20%
[3/10]: Relaxed Model, Accuracy: 61.00%
Expected bit operations: 12655081216.0
====================================================================================================
Winning Bit Width: [8, 8, 8, 8, 8, 8, 8, 8, 4]
[3/10]: Full precision Accuracy: 69.80%
[3/10]: Quantized Accuracy: 69.90%
[4/10]: Relaxed Model, Accuracy: 51.90%
Expected bit operations: 12655518208.0
====================================================================================================
Winning Bit Width: [8, 8, 8, 8, 8, 8, 8, 8, 8]
[4/10]: Full precision Accuracy: 70.60%
[4/10]: Quantized Accuracy: 70.50%
[5/10]: Relaxed Model, Accuracy: 55.10%
Expected bit operations: 12655518208.0
====================================================================================================
Winning Bit Width: [8, 8, 8, 8, 8, 8, 8, 8, 8]
[5/10]: Full precision Accuracy: 70.60%
[5/10]: Quantized Accuracy: 70.70%
[6/10]: Relaxed Model, Accuracy: 54.00%
Expected bit operations: 12655518208.0
====================================================================================================
Winning Bit Width: [8, 8, 8, 8, 8, 8, 8, 8, 8]
[6/10]: Full precision Accuracy: 70.00%
[6/10]: Quantized Accuracy: 71.10%
[7/10]: Relaxed Model, Accuracy: 52.90%
Expected bit operations: 12655518208.0
====================================================================================================
Winning Bit Width: [8, 8, 8, 8, 8, 8, 8, 8, 8]
[7/10]: Full precision Accuracy: 70.00%
[7/10]: Quantized Accuracy: 69.40%
[8/10]: Relaxed Model, Accuracy: 55.50%
Expected bit operations: 12655518208.0
====================================================================================================
Winning Bit Width: [8, 8, 8, 8, 8, 8, 8, 8, 8]
[8/10]: Full precision Accuracy: 70.00%
[8/10]: Quantized Accuracy: 69.20%
[9/10]: Relaxed Model, Accuracy: 51.00%
Expected bit operations: 12655518208.0
====================================================================================================
Winning Bit Width: [8, 8, 8, 8, 8, 8, 8, 8, 8]
[9/10]: Full precision Accuracy: 69.60%
[9/10]: Quantized Accuracy: 70.80%
[10/10]: Relaxed Model, Accuracy: 49.30%
Expected bit operations: 12655518208.0
====================================================================================================
Winning Bit Width: [8, 8, 8, 8, 8, 8, 8, 8, 8]
[10/10]: Full precision Accuracy: 69.40%
[10/10]: Quantized Accuracy: 69.40%
================================================================================
Full precision BOPs: 50678655552.00
Full precision accuracy: 70.18 ± 0.54
Average wining bit configuration: [[8, 8, 8, 8, None, 8], [None], [None, 8, 8, 8, None, 8]]
Standard deviation of wining bit configuration: [[0.0, 0.0, 0.0, 1.265, 0, 0.0], [0], [0, 0.0, 0.0, 0.0, 0, 1.265]]
Bit width: 7.91 ± 0.18
Quantized BOPs: 12655474508.80 ± 131097.60
Quantized accuracy: 70.18 ± 0.64
