num_runs: 10
dataset_name: CiteSeer
epochs: 50
hidden_channels: 128
lr: 0.01
lr_quant: 0.001
weight_decay: 0.0002
device: cuda
log_dir: ablation_study
num_bits_list: [2, 4, 8]
bit_width_lambda: 0.07
====================================================================================================
[1/10]: Relaxed Model, Accuracy: 43.00%
Expected bit operations: 6333755392.0
====================================================================================================
Winning Bit Width: [4, 4, 4, 2, 2, 8, 8, 2, 8]
[1/10]: Full precision Accuracy: 70.80%
[1/10]: Quantized Accuracy: 67.30%
[2/10]: Relaxed Model, Accuracy: 41.90%
Expected bit operations: 6333755392.0
====================================================================================================
Winning Bit Width: [4, 4, 4, 2, 2, 8, 8, 2, 8]
[2/10]: Full precision Accuracy: 70.20%
[2/10]: Quantized Accuracy: 66.20%
[3/10]: Relaxed Model, Accuracy: 40.70%
Expected bit operations: 5287120128.0
====================================================================================================
Winning Bit Width: [2, 4, 4, 2, 4, 8, 8, 2, 8]
[3/10]: Full precision Accuracy: 70.50%
[3/10]: Quantized Accuracy: 66.00%
[4/10]: Relaxed Model, Accuracy: 42.30%
Expected bit operations: 6338416640.0
====================================================================================================
Winning Bit Width: [4, 4, 4, 2, 4, 8, 8, 2, 8]
[4/10]: Full precision Accuracy: 69.40%
[4/10]: Quantized Accuracy: 67.30%
[5/10]: Relaxed Model, Accuracy: 43.10%
Expected bit operations: 5287120128.0
====================================================================================================
Winning Bit Width: [4, 4, 2, 2, 4, 8, 8, 2, 8]
[5/10]: Full precision Accuracy: 71.30%
[5/10]: Quantized Accuracy: 67.40%
[6/10]: Relaxed Model, Accuracy: 49.00%
Expected bit operations: 5287120128.0
====================================================================================================
Winning Bit Width: [2, 4, 4, 2, 4, 8, 8, 2, 8]
[6/10]: Full precision Accuracy: 70.10%
[6/10]: Quantized Accuracy: 66.40%
[7/10]: Relaxed Model, Accuracy: 42.40%
Expected bit operations: 6347739136.0
====================================================================================================
Winning Bit Width: [4, 4, 4, 2, 8, 8, 8, 2, 8]
[7/10]: Full precision Accuracy: 70.50%
[7/10]: Quantized Accuracy: 67.60%
[8/10]: Relaxed Model, Accuracy: 47.50%
Expected bit operations: 6338416640.0
====================================================================================================
Winning Bit Width: [4, 4, 4, 2, 4, 8, 8, 8, 8]
[8/10]: Full precision Accuracy: 69.30%
[8/10]: Quantized Accuracy: 69.60%
[9/10]: Relaxed Model, Accuracy: 44.00%
Expected bit operations: 5296442624.0
====================================================================================================
Winning Bit Width: [2, 4, 4, 2, 8, 8, 8, 2, 8]
[9/10]: Full precision Accuracy: 70.10%
[9/10]: Quantized Accuracy: 66.10%
[10/10]: Relaxed Model, Accuracy: 49.80%
Expected bit operations: 6333755392.0
====================================================================================================
Winning Bit Width: [4, 4, 4, 2, 2, 8, 8, 8, 8]
[10/10]: Full precision Accuracy: 68.90%
[10/10]: Quantized Accuracy: 69.10%
================================================================================
Full precision BOPs: 50678655552.00
Full precision accuracy: 70.11 ± 0.69
Average wining bit configuration: [[4, 4, 4, 2, None, 4], [None], [None, 8, 8, 2, None, 8]]
Standard deviation of wining bit configuration: [[0.966, 0.0, 0.632, 0.0, 0, 2.201], [0], [0, 0.0, 0.0, 2.53, 0, 0.0]]
Bit width: 4.96 ± 0.33
Quantized BOPs: 5918364160.00 ± 513526450.10
Quantized accuracy: 67.30 ± 1.17
