num_runs: 10
dataset_name: CiteSeer
epochs: 50
hidden_channels: 128
lr: 0.01
lr_quant: 0.001
weight_decay: 0.0002
device: cuda
log_dir: ablation_study
num_bits_list: [2, 4, 8]
bit_width_lambda: 0.08
====================================================================================================
[1/10]: Relaxed Model, Accuracy: 49.10%
Expected bit operations: 5282458880.0
====================================================================================================
Winning Bit Width: [2, 4, 4, 2, 2, 8, 8, 2, 8]
[1/10]: Full precision Accuracy: 70.30%
[1/10]: Quantized Accuracy: 67.20%
[2/10]: Relaxed Model, Accuracy: 41.50%
Expected bit operations: 4235386624.0
====================================================================================================
Winning Bit Width: [2, 4, 2, 2, 4, 8, 8, 2, 4]
[2/10]: Full precision Accuracy: 70.50%
[2/10]: Quantized Accuracy: 61.80%
[3/10]: Relaxed Model, Accuracy: 31.40%
Expected bit operations: 6333755392.0
====================================================================================================
Winning Bit Width: [4, 4, 4, 2, 2, 8, 8, 2, 8]
[3/10]: Full precision Accuracy: 70.90%
[3/10]: Quantized Accuracy: 65.70%
[4/10]: Relaxed Model, Accuracy: 46.20%
Expected bit operations: 5287120128.0
====================================================================================================
Winning Bit Width: [4, 4, 2, 2, 4, 8, 8, 2, 8]
[4/10]: Full precision Accuracy: 71.50%
[4/10]: Quantized Accuracy: 65.20%
[5/10]: Relaxed Model, Accuracy: 43.10%
Expected bit operations: 6338416640.0
====================================================================================================
Winning Bit Width: [4, 4, 4, 2, 4, 8, 8, 2, 8]
[5/10]: Full precision Accuracy: 70.20%
[5/10]: Quantized Accuracy: 67.60%
[6/10]: Relaxed Model, Accuracy: 42.90%
Expected bit operations: 5287120128.0
====================================================================================================
Winning Bit Width: [2, 4, 4, 2, 4, 8, 8, 2, 8]
[6/10]: Full precision Accuracy: 68.90%
[6/10]: Quantized Accuracy: 66.30%
[7/10]: Relaxed Model, Accuracy: 51.70%
Expected bit operations: 5296005632.0
====================================================================================================
Winning Bit Width: [2, 4, 4, 2, 8, 8, 8, 2, 4]
[7/10]: Full precision Accuracy: 70.10%
[7/10]: Quantized Accuracy: 63.70%
[8/10]: Relaxed Model, Accuracy: 36.80%
Expected bit operations: 5287120128.0
====================================================================================================
Winning Bit Width: [4, 4, 2, 2, 4, 8, 8, 2, 8]
[8/10]: Full precision Accuracy: 70.00%
[8/10]: Quantized Accuracy: 66.10%
[9/10]: Relaxed Model, Accuracy: 40.00%
Expected bit operations: 5287120128.0
====================================================================================================
Winning Bit Width: [2, 4, 4, 2, 4, 8, 8, 2, 8]
[9/10]: Full precision Accuracy: 69.20%
[9/10]: Quantized Accuracy: 65.80%
[10/10]: Relaxed Model, Accuracy: 38.50%
Expected bit operations: 6347739136.0
====================================================================================================
Winning Bit Width: [4, 4, 4, 2, 8, 8, 8, 2, 8]
[10/10]: Full precision Accuracy: 69.30%
[10/10]: Quantized Accuracy: 66.70%
================================================================================
Full precision BOPs: 50678655552.00
Full precision accuracy: 70.09 ± 0.76
Average wining bit configuration: [[4, 4, 4, 2, None, 4], [None], [None, 8, 8, 2, None, 8]]
Standard deviation of wining bit configuration: [[1.054, 0.0, 0.966, 0.0, 0, 2.066], [0], [0, 0.0, 0.0, 0.0, 0, 1.687]]
Bit width: 4.67 ± 0.31
Quantized BOPs: 5498224281.60 ± 631361767.79
Quantized accuracy: 65.61 ± 1.64
