num_runs: 10
dataset_name: CiteSeer
epochs: 50
hidden_channels: 128
lr: 0.01
lr_quant: 0.001
weight_decay: 0.0002
device: cuda
log_dir: ablation_study
num_bits_list: [2, 4, 8]
bit_width_lambda: -0.03
====================================================================================================
[1/10]: Relaxed Model, Accuracy: 49.60%
Expected bit operations: 12646195712.0
====================================================================================================
Winning Bit Width: [8, 8, 8, 2, 4, 8, 8, 8, 8]
[1/10]: Full precision Accuracy: 70.80%
[1/10]: Quantized Accuracy: 69.30%
[2/10]: Relaxed Model, Accuracy: 60.50%
Expected bit operations: 12655518208.0
====================================================================================================
Winning Bit Width: [8, 8, 8, 8, 8, 8, 8, 8, 8]
[2/10]: Full precision Accuracy: 71.00%
[2/10]: Quantized Accuracy: 70.40%
[3/10]: Relaxed Model, Accuracy: 58.00%
Expected bit operations: 12655518208.0
====================================================================================================
Winning Bit Width: [8, 8, 8, 8, 8, 8, 8, 8, 8]
[3/10]: Full precision Accuracy: 70.40%
[3/10]: Quantized Accuracy: 70.70%
[4/10]: Relaxed Model, Accuracy: 56.70%
Expected bit operations: 12655518208.0
====================================================================================================
Winning Bit Width: [8, 8, 8, 2, 8, 8, 8, 8, 8]
[4/10]: Full precision Accuracy: 70.10%
[4/10]: Quantized Accuracy: 69.10%
[5/10]: Relaxed Model, Accuracy: 57.00%
Expected bit operations: 12655518208.0
====================================================================================================
Winning Bit Width: [8, 8, 8, 2, 8, 8, 8, 8, 8]
[5/10]: Full precision Accuracy: 70.60%
[5/10]: Quantized Accuracy: 69.80%
[6/10]: Relaxed Model, Accuracy: 52.10%
Expected bit operations: 12655518208.0
====================================================================================================
Winning Bit Width: [8, 8, 8, 8, 8, 8, 8, 8, 8]
[6/10]: Full precision Accuracy: 69.90%
[6/10]: Quantized Accuracy: 68.70%
[7/10]: Relaxed Model, Accuracy: 54.30%
Expected bit operations: 12655518208.0
====================================================================================================
Winning Bit Width: [8, 8, 8, 8, 8, 8, 8, 8, 8]
[7/10]: Full precision Accuracy: 71.50%
[7/10]: Quantized Accuracy: 70.40%
[8/10]: Relaxed Model, Accuracy: 58.20%
Expected bit operations: 12655518208.0
====================================================================================================
Winning Bit Width: [8, 8, 8, 2, 8, 8, 8, 8, 8]
[8/10]: Full precision Accuracy: 70.00%
[8/10]: Quantized Accuracy: 68.80%
[9/10]: Relaxed Model, Accuracy: 50.10%
Expected bit operations: 12655518208.0
====================================================================================================
Winning Bit Width: [8, 8, 8, 8, 8, 8, 8, 8, 8]
[9/10]: Full precision Accuracy: 70.30%
[9/10]: Quantized Accuracy: 70.80%
[10/10]: Relaxed Model, Accuracy: 52.70%
Expected bit operations: 12655518208.0
====================================================================================================
Winning Bit Width: [8, 8, 8, 8, 8, 8, 8, 8, 8]
[10/10]: Full precision Accuracy: 70.80%
[10/10]: Quantized Accuracy: 70.60%
================================================================================
Full precision BOPs: 50678655552.00
Full precision accuracy: 70.54 ± 0.47
Average wining bit configuration: [[8, 8, 8, 8, None, 8], [None], [None, 8, 8, 8, None, 8]]
Standard deviation of wining bit configuration: [[0.0, 0.0, 0.0, 3.098, 0, 1.265], [0], [0, 0.0, 0.0, 0.0, 0, 0.0]]
Bit width: 7.69 ± 0.40
Quantized BOPs: 12654585958.40 ± 2796748.80
Quantized accuracy: 69.86 ± 0.78
