num_runs: 10
dataset_name: CiteSeer
epochs: 50
hidden_channels: 128
lr: 0.01
lr_quant: 0.001
weight_decay: 0.0002
device: cuda
log_dir: ablation_study
num_bits_list: [2, 4, 8]
bit_width_lambda: 0.04
====================================================================================================
[1/10]: Relaxed Model, Accuracy: 44.70%
Expected bit operations: 5296442624.0
====================================================================================================
Winning Bit Width: [4, 4, 2, 2, 8, 8, 8, 2, 8]
[1/10]: Full precision Accuracy: 70.70%
[1/10]: Quantized Accuracy: 66.80%
[2/10]: Relaxed Model, Accuracy: 48.90%
Expected bit operations: 5287120128.0
====================================================================================================
Winning Bit Width: [2, 4, 4, 2, 4, 8, 8, 2, 8]
[2/10]: Full precision Accuracy: 69.80%
[2/10]: Quantized Accuracy: 65.80%
[3/10]: Relaxed Model, Accuracy: 48.20%
Expected bit operations: 6338416640.0
====================================================================================================
Winning Bit Width: [4, 4, 4, 2, 4, 8, 8, 2, 8]
[3/10]: Full precision Accuracy: 70.80%
[3/10]: Quantized Accuracy: 65.80%
[4/10]: Relaxed Model, Accuracy: 33.90%
Expected bit operations: 6347739136.0
====================================================================================================
Winning Bit Width: [4, 4, 4, 2, 8, 8, 8, 2, 8]
[4/10]: Full precision Accuracy: 71.20%
[4/10]: Quantized Accuracy: 68.10%
[5/10]: Relaxed Model, Accuracy: 38.70%
Expected bit operations: 8450332160.0
====================================================================================================
Winning Bit Width: [4, 4, 8, 2, 8, 8, 8, 2, 8]
[5/10]: Full precision Accuracy: 70.30%
[5/10]: Quantized Accuracy: 66.90%
[6/10]: Relaxed Model, Accuracy: 43.30%
Expected bit operations: 6338416640.0
====================================================================================================
Winning Bit Width: [4, 4, 4, 2, 4, 8, 8, 2, 8]
[6/10]: Full precision Accuracy: 71.10%
[6/10]: Quantized Accuracy: 67.50%
[7/10]: Relaxed Model, Accuracy: 43.40%
Expected bit operations: 5296442624.0
====================================================================================================
Winning Bit Width: [2, 4, 4, 2, 8, 8, 8, 8, 8]
[7/10]: Full precision Accuracy: 70.10%
[7/10]: Quantized Accuracy: 68.00%
[8/10]: Relaxed Model, Accuracy: 41.50%
Expected bit operations: 8435899392.0
====================================================================================================
Winning Bit Width: [4, 4, 8, 2, 4, 8, 4, 2, 8]
[8/10]: Full precision Accuracy: 70.30%
[8/10]: Quantized Accuracy: 66.00%
[9/10]: Relaxed Model, Accuracy: 52.40%
Expected bit operations: 6333755392.0
====================================================================================================
Winning Bit Width: [4, 4, 4, 4, 2, 8, 8, 2, 8]
[9/10]: Full precision Accuracy: 70.50%
[9/10]: Quantized Accuracy: 64.80%
[10/10]: Relaxed Model, Accuracy: 39.30%
Expected bit operations: 8449895168.0
====================================================================================================
Winning Bit Width: [4, 4, 8, 2, 8, 8, 8, 2, 4]
[10/10]: Full precision Accuracy: 70.30%
[10/10]: Quantized Accuracy: 64.30%
================================================================================
Full precision BOPs: 50678655552.00
Full precision accuracy: 70.51 ± 0.42
Average wining bit configuration: [[4, 4, 4, 2, None, 8], [None], [None, 8, 8, 2, None, 8]]
Standard deviation of wining bit configuration: [[0.843, 0.0, 2.16, 0.632, 0, 2.394], [0], [0, 0.0, 1.265, 1.897, 0, 1.265]]
Bit width: 5.16 ± 0.37
Quantized BOPs: 6657445990.40 ± 1248075240.56
Quantized accuracy: 66.40 ± 1.22
