num_runs: 10
dataset_name: CiteSeer
epochs: 50
hidden_channels: 128
lr: 0.01
lr_quant: 0.001
weight_decay: 0.0002
device: cuda
log_dir: ablation_study
num_bits_list: [2, 4, 8]
bit_width_lambda: -0.04
====================================================================================================
[1/10]: Relaxed Model, Accuracy: 53.40%
Expected bit operations: 12655081216.0
====================================================================================================
Winning Bit Width: [8, 8, 8, 8, 8, 8, 8, 4, 4]
[1/10]: Full precision Accuracy: 69.50%
[1/10]: Quantized Accuracy: 71.10%
[2/10]: Relaxed Model, Accuracy: 56.00%
Expected bit operations: 12655518208.0
====================================================================================================
Winning Bit Width: [8, 8, 8, 8, 8, 8, 8, 8, 8]
[2/10]: Full precision Accuracy: 70.50%
[2/10]: Quantized Accuracy: 70.30%
[3/10]: Relaxed Model, Accuracy: 59.70%
Expected bit operations: 12655518208.0
====================================================================================================
Winning Bit Width: [8, 8, 8, 8, 8, 8, 8, 8, 8]
[3/10]: Full precision Accuracy: 70.80%
[3/10]: Quantized Accuracy: 70.40%
[4/10]: Relaxed Model, Accuracy: 54.50%
Expected bit operations: 12655518208.0
====================================================================================================
Winning Bit Width: [8, 8, 8, 8, 8, 8, 8, 8, 8]
[4/10]: Full precision Accuracy: 68.40%
[4/10]: Quantized Accuracy: 70.90%
[5/10]: Relaxed Model, Accuracy: 52.70%
Expected bit operations: 12655518208.0
====================================================================================================
Winning Bit Width: [8, 8, 8, 8, 8, 8, 8, 8, 8]
[5/10]: Full precision Accuracy: 70.70%
[5/10]: Quantized Accuracy: 70.90%
[6/10]: Relaxed Model, Accuracy: 56.40%
Expected bit operations: 12655518208.0
====================================================================================================
Winning Bit Width: [8, 8, 8, 8, 8, 8, 8, 8, 8]
[6/10]: Full precision Accuracy: 70.10%
[6/10]: Quantized Accuracy: 70.10%
[7/10]: Relaxed Model, Accuracy: 58.20%
Expected bit operations: 12655518208.0
====================================================================================================
Winning Bit Width: [8, 8, 8, 8, 8, 8, 8, 8, 8]
[7/10]: Full precision Accuracy: 70.40%
[7/10]: Quantized Accuracy: 69.20%
[8/10]: Relaxed Model, Accuracy: 59.80%
Expected bit operations: 12650407936.0
====================================================================================================
Winning Bit Width: [8, 8, 8, 8, 8, 8, 4, 8, 8]
[8/10]: Full precision Accuracy: 70.90%
[8/10]: Quantized Accuracy: 70.50%
[9/10]: Relaxed Model, Accuracy: 55.40%
Expected bit operations: 12655518208.0
====================================================================================================
Winning Bit Width: [8, 8, 8, 8, 8, 8, 8, 8, 8]
[9/10]: Full precision Accuracy: 69.80%
[9/10]: Quantized Accuracy: 69.40%
[10/10]: Relaxed Model, Accuracy: 49.80%
Expected bit operations: 12655081216.0
====================================================================================================
Winning Bit Width: [8, 8, 8, 8, 8, 8, 8, 8, 4]
[10/10]: Full precision Accuracy: 70.80%
[10/10]: Quantized Accuracy: 70.80%
================================================================================
Full precision BOPs: 50678655552.00
Full precision accuracy: 70.19 ± 0.74
Average wining bit configuration: [[8, 8, 8, 8, None, 8], [None], [None, 8, 8, 8, None, 8]]
Standard deviation of wining bit configuration: [[0.0, 0.0, 0.0, 0.0, 0, 0.0], [0], [0, 0.0, 1.265, 1.265, 0, 1.687]]
Bit width: 7.82 ± 0.29
Quantized BOPs: 12654919782.40 ± 1513792.32
Quantized accuracy: 70.36 ± 0.61
