num_runs: 10
dataset_name: CiteSeer
epochs: 50
hidden_channels: 128
lr: 0.01
lr_quant: 0.001
weight_decay: 0.0002
device: cuda
log_dir: ablation_study
num_bits_list: [2, 4, 8]
bit_width_lambda: 0.01
====================================================================================================
[1/10]: Relaxed Model, Accuracy: 34.10%
Expected bit operations: 10552925184.0
====================================================================================================
Winning Bit Width: [4, 8, 8, 2, 8, 8, 8, 2, 8]
[1/10]: Full precision Accuracy: 70.00%
[1/10]: Quantized Accuracy: 66.00%
[2/10]: Relaxed Model, Accuracy: 45.80%
Expected bit operations: 10552925184.0
====================================================================================================
Winning Bit Width: [4, 8, 8, 2, 8, 8, 8, 2, 8]
[2/10]: Full precision Accuracy: 69.70%
[2/10]: Quantized Accuracy: 66.50%
[3/10]: Relaxed Model, Accuracy: 48.70%
Expected bit operations: 10552925184.0
====================================================================================================
Winning Bit Width: [4, 8, 8, 8, 8, 8, 8, 2, 8]
[3/10]: Full precision Accuracy: 70.30%
[3/10]: Quantized Accuracy: 66.90%
[4/10]: Relaxed Model, Accuracy: 49.50%
Expected bit operations: 10552925184.0
====================================================================================================
Winning Bit Width: [4, 8, 8, 8, 8, 8, 8, 2, 8]
[4/10]: Full precision Accuracy: 71.00%
[4/10]: Quantized Accuracy: 67.10%
[5/10]: Relaxed Model, Accuracy: 54.90%
Expected bit operations: 10552925184.0
====================================================================================================
Winning Bit Width: [4, 8, 8, 2, 8, 8, 8, 2, 8]
[5/10]: Full precision Accuracy: 70.20%
[5/10]: Quantized Accuracy: 64.60%
[6/10]: Relaxed Model, Accuracy: 34.60%
Expected bit operations: 8450332160.0
====================================================================================================
Winning Bit Width: [4, 8, 4, 2, 8, 8, 8, 2, 8]
[6/10]: Full precision Accuracy: 70.90%
[6/10]: Quantized Accuracy: 66.90%
[7/10]: Relaxed Model, Accuracy: 36.40%
Expected bit operations: 10552925184.0
====================================================================================================
Winning Bit Width: [4, 8, 8, 2, 8, 8, 8, 2, 8]
[7/10]: Full precision Accuracy: 70.70%
[7/10]: Quantized Accuracy: 66.10%
[8/10]: Relaxed Model, Accuracy: 42.70%
Expected bit operations: 10552925184.0
====================================================================================================
Winning Bit Width: [4, 8, 8, 2, 8, 8, 8, 4, 8]
[8/10]: Full precision Accuracy: 70.90%
[8/10]: Quantized Accuracy: 69.70%
[9/10]: Relaxed Model, Accuracy: 49.50%
Expected bit operations: 10552925184.0
====================================================================================================
Winning Bit Width: [4, 8, 8, 2, 8, 8, 8, 2, 8]
[9/10]: Full precision Accuracy: 70.40%
[9/10]: Quantized Accuracy: 66.40%
[10/10]: Relaxed Model, Accuracy: 45.00%
Expected bit operations: 10552925184.0
====================================================================================================
Winning Bit Width: [4, 8, 8, 2, 8, 8, 8, 2, 8]
[10/10]: Full precision Accuracy: 70.60%
[10/10]: Quantized Accuracy: 67.30%
================================================================================
Full precision BOPs: 50678655552.00
Full precision accuracy: 70.47 ± 0.41
Average wining bit configuration: [[4, 8, 8, 2, None, 8], [None], [None, 8, 8, 2, None, 8]]
Standard deviation of wining bit configuration: [[0.0, 0.0, 1.265, 2.53, 0, 0.0], [0], [0, 0.0, 0.0, 0.632, 0, 0.0]]
Bit width: 6.33 ± 0.32
Quantized BOPs: 10342665881.60 ± 630777907.20
Quantized accuracy: 66.75 ± 1.22
