num_runs: 10
dataset_name: CiteSeer
epochs: 50
hidden_channels: 128
lr: 0.01
lr_quant: 0.001
weight_decay: 0.0002
device: cuda
log_dir: ablation_study
num_bits_list: [2, 4, 8]
bit_width_lambda: 0.075
====================================================================================================
[1/10]: Relaxed Model, Accuracy: 50.60%
Expected bit operations: 5296442624.0
====================================================================================================
Winning Bit Width: [2, 4, 4, 2, 8, 8, 8, 4, 8]
[1/10]: Full precision Accuracy: 69.00%
[1/10]: Quantized Accuracy: 69.40%
[2/10]: Relaxed Model, Accuracy: 39.40%
Expected bit operations: 5287120128.0
====================================================================================================
Winning Bit Width: [2, 4, 4, 2, 4, 8, 8, 2, 8]
[2/10]: Full precision Accuracy: 70.30%
[2/10]: Quantized Accuracy: 65.90%
[3/10]: Relaxed Model, Accuracy: 48.10%
Expected bit operations: 5296442624.0
====================================================================================================
Winning Bit Width: [2, 4, 4, 2, 8, 8, 8, 8, 8]
[3/10]: Full precision Accuracy: 71.10%
[3/10]: Quantized Accuracy: 68.50%
[4/10]: Relaxed Model, Accuracy: 39.20%
Expected bit operations: 5287120128.0
====================================================================================================
Winning Bit Width: [4, 4, 2, 4, 4, 8, 8, 2, 8]
[4/10]: Full precision Accuracy: 70.40%
[4/10]: Quantized Accuracy: 66.40%
[5/10]: Relaxed Model, Accuracy: 43.00%
Expected bit operations: 6347739136.0
====================================================================================================
Winning Bit Width: [4, 4, 4, 2, 8, 8, 8, 4, 8]
[5/10]: Full precision Accuracy: 69.80%
[5/10]: Quantized Accuracy: 69.90%
[6/10]: Relaxed Model, Accuracy: 48.20%
Expected bit operations: 5282458880.0
====================================================================================================
Winning Bit Width: [2, 4, 4, 2, 2, 8, 8, 4, 8]
[6/10]: Full precision Accuracy: 70.90%
[6/10]: Quantized Accuracy: 68.70%
[7/10]: Relaxed Model, Accuracy: 41.60%
Expected bit operations: 5296442624.0
====================================================================================================
Winning Bit Width: [2, 4, 4, 2, 8, 8, 8, 2, 8]
[7/10]: Full precision Accuracy: 70.80%
[7/10]: Quantized Accuracy: 66.30%
[8/10]: Relaxed Model, Accuracy: 48.60%
Expected bit operations: 6333755392.0
====================================================================================================
Winning Bit Width: [4, 4, 4, 4, 2, 8, 8, 2, 8]
[8/10]: Full precision Accuracy: 69.10%
[8/10]: Quantized Accuracy: 65.50%
[9/10]: Relaxed Model, Accuracy: 47.10%
Expected bit operations: 6333755392.0
====================================================================================================
Winning Bit Width: [4, 4, 4, 2, 2, 8, 8, 4, 8]
[9/10]: Full precision Accuracy: 68.60%
[9/10]: Quantized Accuracy: 68.30%
[10/10]: Relaxed Model, Accuracy: 46.90%
Expected bit operations: 4231162368.0
====================================================================================================
Winning Bit Width: [2, 4, 2, 2, 2, 8, 8, 4, 8]
[10/10]: Full precision Accuracy: 70.50%
[10/10]: Quantized Accuracy: 67.20%
================================================================================
Full precision BOPs: 50678655552.00
Full precision accuracy: 70.05 ± 0.83
Average wining bit configuration: [[2, 4, 4, 2, None, 4], [None], [None, 8, 8, 4, None, 8]]
Standard deviation of wining bit configuration: [[1.033, 0.0, 0.843, 0.843, 0, 2.86], [0], [0, 0.0, 0.0, 1.838, 0, 0.0]]
Bit width: 5.02 ± 0.40
Quantized BOPs: 5499243929.60 ± 630964943.93
Quantized accuracy: 67.61 ± 1.47
