num_runs: 10
dataset_name: CiteSeer
epochs: 50
hidden_channels: 128
lr: 0.01
lr_quant: 0.001
weight_decay: 0.0002
device: cuda
log_dir: ablation_study
num_bits_list: [2, 4, 8]
bit_width_lambda: 0.05
====================================================================================================
[1/10]: Relaxed Model, Accuracy: 46.20%
Expected bit operations: 6347739136.0
====================================================================================================
Winning Bit Width: [4, 4, 4, 2, 8, 8, 8, 2, 8]
[1/10]: Full precision Accuracy: 70.30%
[1/10]: Quantized Accuracy: 67.50%
[2/10]: Relaxed Model, Accuracy: 39.60%
Expected bit operations: 6347739136.0
====================================================================================================
Winning Bit Width: [4, 4, 4, 2, 8, 8, 8, 2, 8]
[2/10]: Full precision Accuracy: 70.50%
[2/10]: Quantized Accuracy: 67.40%
[3/10]: Relaxed Model, Accuracy: 50.90%
Expected bit operations: 5282458880.0
====================================================================================================
Winning Bit Width: [2, 4, 4, 4, 2, 8, 8, 8, 8]
[3/10]: Full precision Accuracy: 70.80%
[3/10]: Quantized Accuracy: 71.40%
[4/10]: Relaxed Model, Accuracy: 39.00%
Expected bit operations: 7399035648.0
====================================================================================================
Winning Bit Width: [2, 4, 8, 2, 8, 8, 8, 2, 8]
[4/10]: Full precision Accuracy: 68.70%
[4/10]: Quantized Accuracy: 66.20%
[5/10]: Relaxed Model, Accuracy: 42.90%
Expected bit operations: 8450332160.0
====================================================================================================
Winning Bit Width: [4, 4, 8, 2, 8, 8, 8, 4, 8]
[5/10]: Full precision Accuracy: 69.80%
[5/10]: Quantized Accuracy: 69.40%
[6/10]: Relaxed Model, Accuracy: 48.30%
Expected bit operations: 8445221888.0
====================================================================================================
Winning Bit Width: [4, 4, 8, 4, 8, 8, 4, 2, 8]
[6/10]: Full precision Accuracy: 70.20%
[6/10]: Quantized Accuracy: 66.30%
[7/10]: Relaxed Model, Accuracy: 47.40%
Expected bit operations: 6347739136.0
====================================================================================================
Winning Bit Width: [4, 4, 4, 4, 8, 8, 8, 2, 8]
[7/10]: Full precision Accuracy: 69.80%
[7/10]: Quantized Accuracy: 66.10%
[8/10]: Relaxed Model, Accuracy: 35.00%
Expected bit operations: 8449895168.0
====================================================================================================
Winning Bit Width: [4, 4, 8, 2, 8, 8, 8, 2, 4]
[8/10]: Full precision Accuracy: 71.50%
[8/10]: Quantized Accuracy: 62.80%
[9/10]: Relaxed Model, Accuracy: 39.90%
Expected bit operations: 6338416640.0
====================================================================================================
Winning Bit Width: [4, 4, 4, 2, 4, 8, 8, 2, 8]
[9/10]: Full precision Accuracy: 69.90%
[9/10]: Quantized Accuracy: 67.40%
[10/10]: Relaxed Model, Accuracy: 36.80%
Expected bit operations: 6347739136.0
====================================================================================================
Winning Bit Width: [4, 4, 4, 2, 8, 8, 8, 2, 8]
[10/10]: Full precision Accuracy: 70.20%
[10/10]: Quantized Accuracy: 66.60%
================================================================================
Full precision BOPs: 50678655552.00
Full precision accuracy: 70.17 ± 0.69
Average wining bit configuration: [[4, 4, 4, 2, None, 8], [None], [None, 8, 8, 2, None, 8]]
Standard deviation of wining bit configuration: [[0.843, 0.0, 2.066, 0.966, 0, 2.16], [0], [0, 0.0, 1.265, 1.932, 0, 1.265]]
Bit width: 5.42 ± 0.27
Quantized BOPs: 6975631692.80 ± 1074105858.96
Quantized accuracy: 67.11 ± 2.13
