num_runs: 10
dataset_name: CiteSeer
epochs: 50
hidden_channels: 128
lr: 0.01
lr_quant: 0.001
weight_decay: 0.0002
device: cuda
log_dir: ablation_study
num_bits_list: [2, 4, 8]
bit_width_lambda: 0.06
====================================================================================================
[1/10]: Relaxed Model, Accuracy: 48.60%
Expected bit operations: 5296442624.0
====================================================================================================
Winning Bit Width: [2, 4, 4, 2, 8, 8, 8, 2, 8]
[1/10]: Full precision Accuracy: 70.80%
[1/10]: Quantized Accuracy: 65.60%
[2/10]: Relaxed Model, Accuracy: 40.20%
Expected bit operations: 8449895168.0
====================================================================================================
Winning Bit Width: [4, 4, 8, 2, 8, 8, 8, 2, 4]
[2/10]: Full precision Accuracy: 70.20%
[2/10]: Quantized Accuracy: 63.30%
[3/10]: Relaxed Model, Accuracy: 45.60%
Expected bit operations: 6333755392.0
====================================================================================================
Winning Bit Width: [4, 4, 4, 2, 2, 8, 8, 2, 8]
[3/10]: Full precision Accuracy: 69.20%
[3/10]: Quantized Accuracy: 66.70%
[4/10]: Relaxed Model, Accuracy: 36.10%
Expected bit operations: 8450332160.0
====================================================================================================
Winning Bit Width: [4, 4, 8, 2, 8, 8, 8, 2, 8]
[4/10]: Full precision Accuracy: 71.20%
[4/10]: Quantized Accuracy: 67.10%
[5/10]: Relaxed Model, Accuracy: 36.30%
Expected bit operations: 6333755392.0
====================================================================================================
Winning Bit Width: [4, 4, 4, 2, 2, 8, 8, 2, 8]
[5/10]: Full precision Accuracy: 70.50%
[5/10]: Quantized Accuracy: 67.00%
[6/10]: Relaxed Model, Accuracy: 40.60%
Expected bit operations: 5282458880.0
====================================================================================================
Winning Bit Width: [2, 4, 4, 2, 2, 8, 8, 2, 8]
[6/10]: Full precision Accuracy: 70.70%
[6/10]: Quantized Accuracy: 67.20%
[7/10]: Relaxed Model, Accuracy: 46.60%
Expected bit operations: 6342628864.0
====================================================================================================
Winning Bit Width: [4, 4, 4, 2, 8, 8, 4, 8, 8]
[7/10]: Full precision Accuracy: 70.10%
[7/10]: Quantized Accuracy: 69.10%
[8/10]: Relaxed Model, Accuracy: 44.00%
Expected bit operations: 6347739136.0
====================================================================================================
Winning Bit Width: [4, 4, 4, 2, 8, 8, 8, 2, 8]
[8/10]: Full precision Accuracy: 70.70%
[8/10]: Quantized Accuracy: 67.30%
[9/10]: Relaxed Model, Accuracy: 45.30%
Expected bit operations: 6347739136.0
====================================================================================================
Winning Bit Width: [4, 4, 4, 2, 8, 8, 8, 2, 8]
[9/10]: Full precision Accuracy: 70.70%
[9/10]: Quantized Accuracy: 67.30%
[10/10]: Relaxed Model, Accuracy: 45.00%
Expected bit operations: 6347739136.0
====================================================================================================
Winning Bit Width: [4, 4, 4, 2, 8, 8, 8, 8, 8]
[10/10]: Full precision Accuracy: 71.40%
[10/10]: Quantized Accuracy: 70.30%
================================================================================
Full precision BOPs: 50678655552.00
Full precision accuracy: 70.55 ± 0.59
Average wining bit configuration: [[4, 4, 4, 2, None, 8], [None], [None, 8, 8, 2, None, 8]]
Standard deviation of wining bit configuration: [[0.843, 0.0, 1.687, 0.0, 0, 2.898], [0], [0, 0.0, 1.265, 2.53, 0, 1.265]]
Bit width: 5.22 ± 0.48
Quantized BOPs: 6553248588.80 ± 1032379757.68
Quantized accuracy: 67.09 ± 1.77
