num_runs: 10
dataset_name: CiteSeer
epochs: 50
hidden_channels: 128
lr: 0.01
lr_quant: 0.001
weight_decay: 0.0002
device: cuda
log_dir: ablation_study
num_bits_list: [2, 4, 8]
bit_width_lambda: 0.0
====================================================================================================
[1/10]: Relaxed Model, Accuracy: 57.80%
Expected bit operations: 12645758720.0
====================================================================================================
Winning Bit Width: [8, 8, 8, 2, 4, 8, 8, 2, 4]
[1/10]: Full precision Accuracy: 68.70%
[1/10]: Quantized Accuracy: 62.90%
[2/10]: Relaxed Model, Accuracy: 50.30%
Expected bit operations: 12655518208.0
====================================================================================================
Winning Bit Width: [8, 8, 8, 2, 8, 8, 8, 4, 8]
[2/10]: Full precision Accuracy: 70.90%
[2/10]: Quantized Accuracy: 69.00%
[3/10]: Relaxed Model, Accuracy: 49.40%
Expected bit operations: 12646195712.0
====================================================================================================
Winning Bit Width: [8, 8, 8, 8, 4, 8, 8, 8, 8]
[3/10]: Full precision Accuracy: 68.40%
[3/10]: Quantized Accuracy: 69.80%
[4/10]: Relaxed Model, Accuracy: 44.60%
Expected bit operations: 12655518208.0
====================================================================================================
Winning Bit Width: [8, 8, 8, 2, 8, 8, 8, 2, 8]
[4/10]: Full precision Accuracy: 70.30%
[4/10]: Quantized Accuracy: 67.60%
[5/10]: Relaxed Model, Accuracy: 59.30%
Expected bit operations: 12655518208.0
====================================================================================================
Winning Bit Width: [8, 8, 8, 2, 8, 8, 8, 2, 8]
[5/10]: Full precision Accuracy: 69.50%
[5/10]: Quantized Accuracy: 66.70%
[6/10]: Relaxed Model, Accuracy: 46.30%
Expected bit operations: 12646195712.0
====================================================================================================
Winning Bit Width: [8, 8, 8, 2, 4, 8, 8, 8, 8]
[6/10]: Full precision Accuracy: 70.30%
[6/10]: Quantized Accuracy: 69.20%
[7/10]: Relaxed Model, Accuracy: 50.80%
Expected bit operations: 12655518208.0
====================================================================================================
Winning Bit Width: [8, 8, 8, 8, 8, 8, 8, 2, 8]
[7/10]: Full precision Accuracy: 70.10%
[7/10]: Quantized Accuracy: 66.60%
[8/10]: Relaxed Model, Accuracy: 44.30%
Expected bit operations: 12646195712.0
====================================================================================================
Winning Bit Width: [8, 8, 8, 2, 4, 8, 8, 2, 8]
[8/10]: Full precision Accuracy: 70.50%
[8/10]: Quantized Accuracy: 66.70%
[9/10]: Relaxed Model, Accuracy: 48.20%
Expected bit operations: 12650407936.0
====================================================================================================
Winning Bit Width: [8, 8, 8, 2, 8, 8, 4, 8, 8]
[9/10]: Full precision Accuracy: 69.80%
[9/10]: Quantized Accuracy: 68.90%
[10/10]: Relaxed Model, Accuracy: 46.00%
Expected bit operations: 12655518208.0
====================================================================================================
Winning Bit Width: [8, 8, 8, 2, 8, 8, 8, 2, 8]
[10/10]: Full precision Accuracy: 70.20%
[10/10]: Quantized Accuracy: 66.60%
================================================================================
Full precision BOPs: 50678655552.00
Full precision accuracy: 69.87 ± 0.75
Average wining bit configuration: [[8, 8, 8, 2, None, 8], [None], [None, 8, 8, 2, None, 8]]
Standard deviation of wining bit configuration: [[0.0, 0.0, 0.0, 2.53, 0, 2.066], [0], [0, 0.0, 1.265, 2.828, 0, 1.265]]
Bit width: 6.76 ± 0.48
Quantized BOPs: 12651234483.20 ± 4456302.27
Quantized accuracy: 67.40 ± 1.91
