dataset_name: REDDIT-MULTI-5K
num_folds: 10
epochs: 200
hidden_channels: 64
num_layers: 5
batch_size: 128
lr: 0.01
weight_decay: 0.0002
step_size: 25
gamma: 0.5
device: cuda
log_dir: logs
num_bits_list: [8, 16]
bit_width_lambda: -1e-08
====================================================================================================
Average Bit-Width 14.75
Winning bit widths: [[[[None, 16, 16], [None], [None, 16, 16], [None]], [16, 16]], [[[None, 16, 16], [None], [None, 16, 8], [None]], [None, 16]], [[[None, 16, 16], [None], [None, 16, 8], [None]], [None, 16]], [[[None, 16, 8], [None], [None, 16, 8], [None]], [None, 16]], [[[None, 16, 8], [None], [None, 16, 16], [None]], [None, 16]], [16, 16, 16], [None], [16, 16, 16]]
Fold 1/10 - Accuracy: 54.00%
Average Bit-Width 15.50
Winning bit widths: [[[[None, 16, 16], [None], [None, 16, 8], [None]], [16, 16]], [[[None, 16, 16], [None], [None, 16, 16], [None]], [None, 16]], [[[None, 16, 16], [None], [None, 16, 8], [None]], [None, 16]], [[[None, 16, 16], [None], [None, 16, 16], [None]], [None, 16]], [[[None, 16, 16], [None], [None, 16, 16], [None]], [None, 16]], [16, 16, 16], [None], [16, 16, 16]]
Fold 2/10 - Accuracy: 55.40%
Average Bit-Width 14.25
Winning bit widths: [[[[None, 8, 16], [None], [None, 16, 16], [None]], [16, 16]], [[[None, 16, 8], [None], [None, 16, 8], [None]], [None, 8]], [[[None, 16, 8], [None], [None, 16, 8], [None]], [None, 16]], [[[None, 16, 16], [None], [None, 16, 16], [None]], [None, 16]], [[[None, 16, 8], [None], [None, 16, 16], [None]], [None, 16]], [16, 16, 16], [None], [16, 16, 16]]
Fold 3/10 - Accuracy: 52.80%
Average Bit-Width 15.00
Winning bit widths: [[[[None, 16, 16], [None], [None, 16, 16], [None]], [16, 16]], [[[None, 16, 16], [None], [None, 16, 16], [None]], [None, 16]], [[[None, 16, 8], [None], [None, 16, 8], [None]], [None, 16]], [[[None, 16, 8], [None], [None, 16, 16], [None]], [None, 16]], [[[None, 16, 8], [None], [None, 16, 16], [None]], [None, 16]], [16, 16, 16], [None], [16, 16, 16]]
Fold 4/10 - Accuracy: 55.80%
Average Bit-Width 14.75
Winning bit widths: [[[[None, 16, 16], [None], [None, 16, 16], [None]], [16, 16]], [[[None, 16, 16], [None], [None, 16, 8], [None]], [None, 16]], [[[None, 16, 8], [None], [None, 8, 8], [None]], [None, 16]], [[[None, 16, 16], [None], [None, 16, 16], [None]], [None, 16]], [[[None, 16, 8], [None], [None, 16, 16], [None]], [None, 16]], [16, 16, 16], [None], [16, 16, 16]]
Fold 5/10 - Accuracy: 58.00%
Average Bit-Width 14.50
Winning bit widths: [[[[None, 16, 16], [None], [None, 16, 16], [None]], [16, 16]], [[[None, 16, 16], [None], [None, 16, 8], [None]], [None, 16]], [[[None, 16, 8], [None], [None, 16, 8], [None]], [None, 16]], [[[None, 16, 8], [None], [None, 16, 8], [None]], [None, 16]], [[[None, 16, 8], [None], [None, 16, 16], [None]], [None, 16]], [16, 16, 16], [None], [16, 16, 16]]
Fold 6/10 - Accuracy: 52.00%
Average Bit-Width 14.25
Winning bit widths: [[[[None, 16, 16], [None], [None, 16, 16], [None]], [16, 16]], [[[None, 8, 16], [None], [None, 16, 8], [None]], [None, 16]], [[[None, 16, 8], [None], [None, 16, 8], [None]], [None, 16]], [[[None, 16, 8], [None], [None, 16, 8], [None]], [None, 16]], [[[None, 16, 8], [None], [None, 16, 16], [None]], [None, 16]], [16, 16, 16], [None], [16, 16, 16]]
Fold 7/10 - Accuracy: 54.80%
Average Bit-Width 15.00
Winning bit widths: [[[[None, 16, 16], [None], [None, 16, 16], [None]], [16, 16]], [[[None, 16, 16], [None], [None, 16, 16], [None]], [None, 16]], [[[None, 16, 8], [None], [None, 16, 8], [None]], [None, 16]], [[[None, 16, 8], [None], [None, 16, 16], [None]], [None, 16]], [[[None, 16, 8], [None], [None, 16, 16], [None]], [None, 16]], [16, 16, 16], [None], [16, 16, 16]]
Fold 8/10 - Accuracy: 49.60%
Average Bit-Width 15.00
Winning bit widths: [[[[None, 16, 16], [None], [None, 16, 8], [None]], [16, 16]], [[[None, 16, 16], [None], [None, 16, 16], [None]], [None, 16]], [[[None, 16, 8], [None], [None, 16, 8], [None]], [None, 16]], [[[None, 16, 16], [None], [None, 16, 16], [None]], [None, 16]], [[[None, 16, 8], [None], [None, 16, 16], [None]], [None, 16]], [16, 16, 16], [None], [16, 16, 16]]
Fold 9/10 - Accuracy: 52.80%
Average Bit-Width 15.25
Winning bit widths: [[[[None, 16, 16], [None], [None, 16, 16], [None]], [16, 16]], [[[None, 16, 16], [None], [None, 16, 16], [None]], [None, 16]], [[[None, 16, 16], [None], [None, 16, 8], [None]], [None, 16]], [[[None, 16, 16], [None], [None, 16, 16], [None]], [None, 16]], [[[None, 16, 8], [None], [None, 16, 16], [None]], [None, 16]], [16, 16, 16], [None], [16, 8, 16]]
Fold 10/10 - Accuracy: 51.30%
====================================================================================================
Results for 10-fold cross-validation:
winning bit widths: [[[[None, 16, 16], [None], [None, 16, 16], [None]], [16, 16]], [[[None, 16, 16], [None], [None, 16, 16], [None]], [None, 16]], [[[None, 16, 8], [None], [None, 16, 8], [None]], [None, 16]], [[[None, 16, 16], [None], [None, 16, 16], [None]], [None, 16]], [[[None, 16, 8], [None], [None, 16, 16], [None]], [None, 16]], [16, 16, 16], [None], [16, 16, 16]]
winning bit widths std: [[[[0, 2.53, 0.0], [0], [0, 0.0, 3.373], [0]], [0.0, 0.0]], [[[0, 2.53, 2.53], [0], [0, 0.0, 4.216], [0]], [0, 2.53]], [[[0, 0.0, 3.864], [0], [0, 2.53, 0.0], [0]], [0, 0.0]], [[[0, 0.0, 4.216], [0], [0, 0.0, 3.864], [0]], [0, 0.0]], [[[0, 0.0, 2.53], [0], [0, 0.0, 0.0], [0]], [0, 0.0]], [0.0, 0.0, 0.0], [0], [0.0, 2.53, 0.0]]
average bit width: 14.82 ± 0.39
Accuracies: 53.65% ± 2.33%
Bit Operations: 35883233472.00 ± 3663004471.26
