dataset_name: REDDIT-MULTI-5K
num_folds: 10
epochs: 200
hidden_channels: 64
num_layers: 5
batch_size: 128
lr: 0.01
weight_decay: 0.0002
step_size: 25
gamma: 0.5
device: cuda
log_dir: logs
num_bits_list: [8, 16]
bit_width_lambda: 0.5
====================================================================================================
Average Bit-Width 10.00
Winning bit widths: [[[[None, 16, 8], [None], [None, 8, 8], [None]], [16, 16]], [[[None, 16, 8], [None], [None, 16, 8], [None]], [None, 8]], [[[None, 16, 8], [None], [None, 8, 8], [None]], [None, 8]], [[[None, 16, 8], [None], [None, 8, 8], [None]], [None, 8]], [[[None, 16, 8], [None], [None, 8, 8], [None]], [None, 8]], [8, 8, 8], [None], [8, 8, 8]]
Fold 1/10 - Accuracy: 51.20%
Average Bit-Width 11.00
Winning bit widths: [[[[None, 16, 8], [None], [None, 16, 8], [None]], [16, 16]], [[[None, 16, 8], [None], [None, 16, 8], [None]], [None, 8]], [[[None, 16, 8], [None], [None, 16, 8], [None]], [None, 8]], [[[None, 16, 8], [None], [None, 16, 8], [None]], [None, 8]], [[[None, 16, 8], [None], [None, 16, 8], [None]], [None, 8]], [8, 8, 8], [None], [8, 8, 8]]
Fold 2/10 - Accuracy: 52.60%
Average Bit-Width 10.50
Winning bit widths: [[[[None, 16, 8], [None], [None, 16, 8], [None]], [16, 8]], [[[None, 16, 8], [None], [None, 8, 8], [None]], [None, 8]], [[[None, 16, 8], [None], [None, 16, 8], [None]], [None, 8]], [[[None, 16, 8], [None], [None, 16, 8], [None]], [None, 8]], [[[None, 16, 8], [None], [None, 16, 8], [None]], [None, 8]], [8, 8, 8], [None], [8, 8, 8]]
Fold 3/10 - Accuracy: 47.60%
Average Bit-Width 9.50
Winning bit widths: [[[[None, 16, 8], [None], [None, 8, 8], [None]], [16, 8]], [[[None, 16, 8], [None], [None, 16, 8], [None]], [None, 8]], [[[None, 8, 8], [None], [None, 16, 8], [None]], [None, 8]], [[[None, 8, 8], [None], [None, 8, 8], [None]], [None, 8]], [[[None, 8, 8], [None], [None, 16, 8], [None]], [None, 8]], [8, 8, 8], [None], [8, 8, 8]]
Fold 4/10 - Accuracy: 54.00%
Average Bit-Width 9.75
Winning bit widths: [[[[None, 16, 8], [None], [None, 8, 8], [None]], [8, 8]], [[[None, 16, 8], [None], [None, 16, 8], [None]], [None, 8]], [[[None, 8, 8], [None], [None, 8, 8], [None]], [None, 8]], [[[None, 16, 8], [None], [None, 16, 8], [None]], [None, 8]], [[[None, 16, 8], [None], [None, 16, 8], [None]], [None, 8]], [8, 8, 8], [None], [8, 8, 8]]
Fold 5/10 - Accuracy: 54.00%
Average Bit-Width 10.25
Winning bit widths: [[[[None, 8, 8], [None], [None, 8, 8], [None]], [16, 16]], [[[None, 16, 8], [None], [None, 16, 8], [None]], [None, 8]], [[[None, 16, 8], [None], [None, 16, 8], [None]], [None, 8]], [[[None, 8, 8], [None], [None, 16, 8], [None]], [None, 8]], [[[None, 16, 8], [None], [None, 16, 8], [None]], [None, 8]], [8, 8, 8], [None], [8, 8, 8]]
Fold 6/10 - Accuracy: 49.20%
Average Bit-Width 10.00
Winning bit widths: [[[[None, 16, 8], [None], [None, 8, 8], [None]], [16, 8]], [[[None, 8, 8], [None], [None, 16, 8], [None]], [None, 8]], [[[None, 16, 8], [None], [None, 16, 8], [None]], [None, 8]], [[[None, 8, 8], [None], [None, 16, 8], [None]], [None, 8]], [[[None, 16, 8], [None], [None, 16, 8], [None]], [None, 8]], [8, 8, 8], [None], [8, 8, 8]]
Fold 7/10 - Accuracy: 55.40%
Average Bit-Width 10.50
Winning bit widths: [[[[None, 16, 8], [None], [None, 16, 8], [None]], [16, 16]], [[[None, 16, 8], [None], [None, 16, 8], [None]], [None, 8]], [[[None, 16, 8], [None], [None, 8, 8], [None]], [None, 8]], [[[None, 16, 8], [None], [None, 16, 8], [None]], [None, 8]], [[[None, 16, 8], [None], [None, 8, 8], [None]], [None, 8]], [8, 8, 8], [None], [8, 8, 8]]
Fold 8/10 - Accuracy: 52.40%
Average Bit-Width 10.00
Winning bit widths: [[[[None, 16, 8], [None], [None, 16, 8], [None]], [16, 8]], [[[None, 8, 8], [None], [None, 16, 8], [None]], [None, 8]], [[[None, 16, 8], [None], [None, 16, 8], [None]], [None, 8]], [[[None, 16, 8], [None], [None, 8, 8], [None]], [None, 8]], [[[None, 8, 8], [None], [None, 16, 8], [None]], [None, 8]], [8, 8, 8], [None], [8, 8, 8]]
Fold 9/10 - Accuracy: 50.20%
Average Bit-Width 10.75
Winning bit widths: [[[[None, 16, 8], [None], [None, 16, 8], [None]], [16, 16]], [[[None, 16, 8], [None], [None, 16, 8], [None]], [None, 8]], [[[None, 16, 8], [None], [None, 8, 8], [None]], [None, 8]], [[[None, 16, 8], [None], [None, 16, 8], [None]], [None, 8]], [[[None, 16, 8], [None], [None, 16, 8], [None]], [None, 8]], [8, 8, 8], [None], [8, 8, 8]]
Fold 10/10 - Accuracy: 49.50%
====================================================================================================
Results for 10-fold cross-validation:
winning bit widths: [[[[None, 16, 8], [None], [None, 16, 8], [None]], [16, 16]], [[[None, 16, 8], [None], [None, 16, 8], [None]], [None, 8]], [[[None, 16, 8], [None], [None, 16, 8], [None]], [None, 8]], [[[None, 16, 8], [None], [None, 16, 8], [None]], [None, 8]], [[[None, 16, 8], [None], [None, 16, 8], [None]], [None, 8]], [8, 8, 8], [None], [8, 8, 8]]
winning bit widths std: [[[[0, 2.53, 0.0], [0], [0, 4.216, 0.0], [0]], [2.53, 4.216]], [[[0, 3.373, 0.0], [0], [0, 2.53, 0.0], [0]], [0, 0.0]], [[[0, 3.373, 0.0], [0], [0, 4.131, 0.0], [0]], [0, 0.0]], [[[0, 3.864, 0.0], [0], [0, 3.864, 0.0], [0]], [0, 0.0]], [[[0, 3.373, 0.0], [0], [0, 3.373, 0.0], [0]], [0, 0.0]], [0.0, 0.0, 0.0], [0], [0.0, 0.0, 0.0]]
average bit width: 10.22 ± 0.44
Accuracies: 51.61% ± 2.36%
Bit Operations: 27360466792.00 ± 2976555234.75
