num_runs: 10
dataset_name: Cora
epochs: 50
hidden_channels: 128
number_of_layers: 2
lr: 0.01
lr_quant: 0.001
weight_decay: 0.0002
device: cuda
log_dir: experimental_plus_DQ_logs
num_bits_list: [2, 4, 8]
bit_width_lambda: -1e-08
mask_low_probability: 0.0
mask_high_probability: 0.1
quant_percentile: 0.01
quant_use_momentum: True
quant_momentum: 0.01
[1/10]: Relaxed Model, Accuracy: 74.10%
Expected bit operations: 4015909440.0
Average bit width: 7.555555555555555
Winning Bit Width: [8, 8, 8, 8, 8, 8, 8, 4, 8]
[1/10]: Full precision Accuracy: 81.70%
[1/10]: Quantized Accuracy: 81.40%
====================================================================================================
[2/10]: Relaxed Model, Accuracy: 76.00%
Expected bit operations: 4015909440.0
Average bit width: 8.0
Winning Bit Width: [8, 8, 8, 8, 8, 8, 8, 8, 8]
[2/10]: Full precision Accuracy: 81.50%
[2/10]: Quantized Accuracy: 81.40%
====================================================================================================
[3/10]: Relaxed Model, Accuracy: 68.40%
Expected bit operations: 4015318304.0
Average bit width: 7.555555555555555
Winning Bit Width: [8, 8, 8, 8, 8, 8, 8, 8, 4]
[3/10]: Full precision Accuracy: 81.80%
[3/10]: Quantized Accuracy: 82.00%
====================================================================================================
[4/10]: Relaxed Model, Accuracy: 74.10%
Expected bit operations: 4015318304.0
Average bit width: 7.555555555555555
Winning Bit Width: [8, 8, 8, 8, 8, 8, 8, 8, 4]
[4/10]: Full precision Accuracy: 82.00%
[4/10]: Quantized Accuracy: 81.60%
====================================================================================================
[5/10]: Relaxed Model, Accuracy: 72.20%
Expected bit operations: 4015318304.0
Average bit width: 7.555555555555555
Winning Bit Width: [8, 8, 8, 8, 8, 8, 8, 8, 4]
[5/10]: Full precision Accuracy: 81.80%
[5/10]: Quantized Accuracy: 82.10%
====================================================================================================
[6/10]: Relaxed Model, Accuracy: 76.30%
Expected bit operations: 4015909440.0
Average bit width: 8.0
Winning Bit Width: [8, 8, 8, 8, 8, 8, 8, 8, 8]
[6/10]: Full precision Accuracy: 81.60%
[6/10]: Quantized Accuracy: 81.70%
====================================================================================================
[7/10]: Relaxed Model, Accuracy: 76.00%
Expected bit operations: 4015318304.0
Average bit width: 7.555555555555555
Winning Bit Width: [8, 8, 8, 8, 8, 8, 8, 8, 4]
[7/10]: Full precision Accuracy: 81.80%
[7/10]: Quantized Accuracy: 81.80%
====================================================================================================
[8/10]: Relaxed Model, Accuracy: 76.90%
Expected bit operations: 4015318304.0
Average bit width: 7.555555555555555
Winning Bit Width: [8, 8, 8, 8, 8, 8, 8, 8, 4]
[8/10]: Full precision Accuracy: 82.30%
[8/10]: Quantized Accuracy: 81.50%
====================================================================================================
[9/10]: Relaxed Model, Accuracy: 75.70%
Expected bit operations: 4015318304.0
Average bit width: 7.555555555555555
Winning Bit Width: [8, 8, 8, 8, 8, 8, 8, 8, 4]
[9/10]: Full precision Accuracy: 82.30%
[9/10]: Quantized Accuracy: 82.00%
====================================================================================================
[10/10]: Relaxed Model, Accuracy: 78.30%
Expected bit operations: 4015909440.0
Average bit width: 8.0
Winning Bit Width: [8, 8, 8, 8, 8, 8, 8, 8, 8]
[10/10]: Full precision Accuracy: 82.40%
[10/10]: Quantized Accuracy: 82.40%
====================================================================================================
Full precision BOPs: 16121159680.00
Full precision accuracy: 81.92 ± 0.30
Average wining bit configuration: [[[8, 8, 8, 8, None, 8], [None]], [[None, 8, 8, 8, None, 4], []]]
Standard deviation of wining bit configuration: [[[0.0, 0.0, 0.0, 0.0, 0, 0.0], [0]], [[0, 0.0, 0.0, 1.265, 0, 2.066], []]]
Bit width: 7.69 ± 0.20
Quantized BOPs: 4015554758.40 ± 289596.31
Quantized accuracy: 81.79 ± 0.31
