runs: 10
epochs: 500
num_layers: 4
dim_embedding: 150
batch_size: 8
lr: 0.0005
device: cuda
log_dir: logs
num_bits_list: [1, 2, 4]
bit_width_lambda: 0.001
====================================================================================================
Run 1/10
Split 1/5
Train Acc 97.78 Val Acc 80.00 Test Acc 76.67 Average Bit Width 3.21
Split 2/5
Train Acc 54.44 Val Acc 63.33 Test Acc 33.33 Average Bit Width 3.10
Split 3/5
Train Acc 93.33 Val Acc 53.33 Test Acc 80.00 Average Bit Width 3.28
Split 4/5
Train Acc 75.56 Val Acc 43.33 Test Acc 40.00 Average Bit Width 3.17
Split 5/5
Train Acc 100.00 Val Acc 73.33 Test Acc 60.00 Average Bit Width 3.21
Run 2/10
Split 1/5
Train Acc 56.67 Val Acc 33.33 Test Acc 43.33 Average Bit Width 3.21
Split 2/5
Train Acc 96.67 Val Acc 83.33 Test Acc 93.33 Average Bit Width 3.31
Split 3/5
Train Acc 82.22 Val Acc 60.00 Test Acc 63.33 Average Bit Width 3.24
Split 4/5
Train Acc 45.56 Val Acc 46.67 Test Acc 36.67 Average Bit Width 3.10
Split 5/5
Train Acc 100.00 Val Acc 80.00 Test Acc 80.00 Average Bit Width 3.38
Run 3/10
Split 1/5
Train Acc 43.33 Val Acc 53.33 Test Acc 43.33 Average Bit Width 3.21
Split 2/5
Train Acc 75.56 Val Acc 50.00 Test Acc 66.67 Average Bit Width 3.24
Split 3/5
Train Acc 83.33 Val Acc 73.33 Test Acc 66.67 Average Bit Width 3.38
Split 4/5
Train Acc 52.22 Val Acc 43.33 Test Acc 23.33 Average Bit Width 3.07
Split 5/5
Train Acc 100.00 Val Acc 83.33 Test Acc 80.00 Average Bit Width 3.31
Run 4/10
Split 1/5
Train Acc 77.78 Val Acc 46.67 Test Acc 66.67 Average Bit Width 3.38
Split 2/5
Train Acc 97.78 Val Acc 86.67 Test Acc 73.33 Average Bit Width 3.31
Split 3/5
Train Acc 97.78 Val Acc 86.67 Test Acc 83.33 Average Bit Width 3.31
Split 4/5
Train Acc 100.00 Val Acc 70.00 Test Acc 70.00 Average Bit Width 3.21
Split 5/5
Train Acc 97.78 Val Acc 93.33 Test Acc 83.33 Average Bit Width 3.21
Run 5/10
Split 1/5
Train Acc 94.44 Val Acc 86.67 Test Acc 80.00 Average Bit Width 3.17
Split 2/5
Train Acc 56.67 Val Acc 46.67 Test Acc 40.00 Average Bit Width 3.10
Split 3/5
Train Acc 100.00 Val Acc 93.33 Test Acc 93.33 Average Bit Width 3.59
Split 4/5
Train Acc 100.00 Val Acc 83.33 Test Acc 90.00 Average Bit Width 3.28
Split 5/5
Train Acc 74.44 Val Acc 46.67 Test Acc 50.00 Average Bit Width 3.03
Run 6/10
Split 1/5
Train Acc 94.44 Val Acc 76.67 Test Acc 83.33 Average Bit Width 3.38
Split 2/5
Train Acc 98.89 Val Acc 70.00 Test Acc 83.33 Average Bit Width 3.31
Split 3/5
Train Acc 74.44 Val Acc 46.67 Test Acc 46.67 Average Bit Width 3.38
Split 4/5
Train Acc 97.78 Val Acc 86.67 Test Acc 90.00 Average Bit Width 3.38
Split 5/5
Train Acc 98.89 Val Acc 86.67 Test Acc 86.67 Average Bit Width 3.31
Run 7/10
Split 1/5
Train Acc 96.67 Val Acc 70.00 Test Acc 80.00 Average Bit Width 3.31
Split 2/5
Train Acc 85.56 Val Acc 76.67 Test Acc 53.33 Average Bit Width 3.38
Split 3/5
Train Acc 58.89 Val Acc 40.00 Test Acc 23.33 Average Bit Width 3.21
Split 4/5
Train Acc 75.56 Val Acc 63.33 Test Acc 46.67 Average Bit Width 3.17
Split 5/5
Train Acc 48.89 Val Acc 26.67 Test Acc 46.67 Average Bit Width 3.21
Run 8/10
Split 1/5
Train Acc 80.00 Val Acc 66.67 Test Acc 56.67 Average Bit Width 3.24
Split 2/5
Train Acc 74.44 Val Acc 46.67 Test Acc 83.33 Average Bit Width 3.28
Split 3/5
Train Acc 34.44 Val Acc 26.67 Test Acc 33.33 Average Bit Width 3.07
Split 4/5
Train Acc 87.78 Val Acc 63.33 Test Acc 86.67 Average Bit Width 3.21
Split 5/5
Train Acc 78.89 Val Acc 60.00 Test Acc 56.67 Average Bit Width 3.03
Run 9/10
Split 1/5
Train Acc 100.00 Val Acc 100.00 Test Acc 96.67 Average Bit Width 3.48
Split 2/5
Train Acc 95.56 Val Acc 83.33 Test Acc 80.00 Average Bit Width 3.07
Split 3/5
Train Acc 94.44 Val Acc 80.00 Test Acc 73.33 Average Bit Width 3.31
Split 4/5
Train Acc 97.78 Val Acc 90.00 Test Acc 86.67 Average Bit Width 3.41
Split 5/5
Train Acc 96.67 Val Acc 90.00 Test Acc 76.67 Average Bit Width 3.38
Run 10/10
Split 1/5
Train Acc 42.22 Val Acc 23.33 Test Acc 30.00 Average Bit Width 3.07
Split 2/5
Train Acc 76.67 Val Acc 53.33 Test Acc 60.00 Average Bit Width 3.28
Split 3/5
Train Acc 54.44 Val Acc 26.67 Test Acc 26.67 Average Bit Width 3.17
Split 4/5
Train Acc 100.00 Val Acc 83.33 Test Acc 86.67 Average Bit Width 3.31
Split 5/5
Train Acc 76.67 Val Acc 56.67 Test Acc 56.67 Average Bit Width 3.38
+------------------------------------------------------------------------------------------------------+
|             CSL Results with 4 layers, [1, 2, 4] bit-widths, and 0.001 bit-width lambda              |
+------------------+-----------+-----------+-----------------+----------+----------+-------------------+
| Train Mean ± Std | Train Min | Train Max | Test Mean ± Std | Test Min | Test Max | Average Bit Width |
+------------------+-----------+-----------+-----------------+----------+----------+-------------------+
|  81.47 ± 19.23   |   34.44   |   100.00  |  64.93 ± 20.98  |  23.33   |  96.67   |    3.25 ± 0.12    |
+------------------+-----------+-----------+-----------------+----------+----------+-------------------+
