dataset_name: REDDIT-BINARY
num_folds: 10
epochs: 200
hidden_channels: 64
num_layers: 5
batch_size: 128
lr: 0.01
weight_decay: 0.0002
step_size: 25
gamma: 0.5
device: cuda
log_dir: logs
num_bits_list: [8, 16]
bit_width_lambda: 0.375
====================================================================================================
Average Bit-Width 10.50
Winning bit widths: [[[[None, 16, 8], [None], [None, 16, 8], [None]], [16, 16]], [[[None, 16, 8], [None], [None, 16, 8], [None]], [None, 8]], [[[None, 8, 8], [None], [None, 8, 8], [None]], [None, 8]], [[[None, 16, 8], [None], [None, 16, 8], [None]], [None, 8]], [[[None, 16, 8], [None], [None, 16, 8], [None]], [None, 8]], [8, 8, 8], [None], [8, 8, 8]]
Fold 1/10 - Accuracy: 88.00%
Average Bit-Width 10.50
Winning bit widths: [[[[None, 16, 8], [None], [None, 16, 8], [None]], [16, 16]], [[[None, 16, 8], [None], [None, 16, 8], [None]], [None, 8]], [[[None, 16, 8], [None], [None, 16, 8], [None]], [None, 8]], [[[None, 8, 8], [None], [None, 8, 8], [None]], [None, 8]], [[[None, 16, 8], [None], [None, 16, 8], [None]], [None, 8]], [8, 8, 8], [None], [8, 8, 8]]
Fold 2/10 - Accuracy: 90.00%
Average Bit-Width 10.75
Winning bit widths: [[[[None, 16, 8], [None], [None, 16, 8], [None]], [16, 16]], [[[None, 16, 8], [None], [None, 16, 8], [None]], [None, 8]], [[[None, 16, 8], [None], [None, 16, 8], [None]], [None, 8]], [[[None, 16, 8], [None], [None, 8, 8], [None]], [None, 8]], [[[None, 16, 8], [None], [None, 16, 8], [None]], [None, 8]], [8, 8, 8], [None], [8, 8, 8]]
Fold 3/10 - Accuracy: 87.00%
Average Bit-Width 11.00
Winning bit widths: [[[[None, 16, 8], [None], [None, 16, 8], [None]], [16, 16]], [[[None, 16, 8], [None], [None, 8, 8], [None]], [None, 16]], [[[None, 16, 8], [None], [None, 16, 8], [None]], [None, 8]], [[[None, 16, 8], [None], [None, 16, 8], [None]], [None, 8]], [[[None, 16, 8], [None], [None, 16, 8], [None]], [None, 8]], [8, 8, 8], [None], [8, 8, 8]]
Fold 4/10 - Accuracy: 88.00%
Average Bit-Width 10.00
Winning bit widths: [[[[None, 16, 8], [None], [None, 16, 8], [None]], [16, 16]], [[[None, 8, 8], [None], [None, 8, 8], [None]], [None, 8]], [[[None, 16, 8], [None], [None, 8, 8], [None]], [None, 8]], [[[None, 16, 8], [None], [None, 8, 8], [None]], [None, 8]], [[[None, 16, 8], [None], [None, 16, 8], [None]], [None, 8]], [8, 8, 8], [None], [8, 8, 8]]
Fold 5/10 - Accuracy: 91.50%
Average Bit-Width 10.75
Winning bit widths: [[[[None, 16, 8], [None], [None, 16, 8], [None]], [16, 16]], [[[None, 16, 8], [None], [None, 16, 8], [None]], [None, 8]], [[[None, 16, 8], [None], [None, 16, 8], [None]], [None, 8]], [[[None, 16, 8], [None], [None, 8, 8], [None]], [None, 8]], [[[None, 16, 8], [None], [None, 16, 8], [None]], [None, 8]], [8, 8, 8], [None], [8, 8, 8]]
Fold 6/10 - Accuracy: 86.50%
Average Bit-Width 10.75
Winning bit widths: [[[[None, 16, 8], [None], [None, 16, 8], [None]], [16, 16]], [[[None, 8, 8], [None], [None, 16, 8], [None]], [None, 8]], [[[None, 16, 8], [None], [None, 16, 8], [None]], [None, 8]], [[[None, 16, 8], [None], [None, 16, 8], [None]], [None, 8]], [[[None, 16, 8], [None], [None, 16, 8], [None]], [None, 8]], [8, 8, 8], [None], [8, 8, 8]]
Fold 7/10 - Accuracy: 88.50%
Average Bit-Width 11.00
Winning bit widths: [[[[None, 16, 8], [None], [None, 16, 8], [None]], [16, 16]], [[[None, 16, 8], [None], [None, 16, 8], [None]], [None, 8]], [[[None, 16, 8], [None], [None, 16, 8], [None]], [None, 8]], [[[None, 16, 8], [None], [None, 16, 8], [None]], [None, 8]], [[[None, 16, 8], [None], [None, 16, 8], [None]], [None, 8]], [8, 8, 8], [None], [8, 8, 8]]
Fold 8/10 - Accuracy: 91.00%
Average Bit-Width 10.00
Winning bit widths: [[[[None, 16, 8], [None], [None, 16, 8], [None]], [8, 8]], [[[None, 8, 8], [None], [None, 16, 8], [None]], [None, 8]], [[[None, 16, 8], [None], [None, 16, 8], [None]], [None, 8]], [[[None, 16, 8], [None], [None, 8, 8], [None]], [None, 8]], [[[None, 16, 8], [None], [None, 16, 8], [None]], [None, 8]], [8, 8, 8], [None], [8, 8, 8]]
Fold 9/10 - Accuracy: 87.44%
Average Bit-Width 10.50
Winning bit widths: [[[[None, 16, 8], [None], [None, 16, 8], [None]], [16, 16]], [[[None, 16, 8], [None], [None, 16, 8], [None]], [None, 8]], [[[None, 16, 8], [None], [None, 8, 8], [None]], [None, 8]], [[[None, 8, 8], [None], [None, 16, 8], [None]], [None, 8]], [[[None, 16, 8], [None], [None, 16, 8], [None]], [None, 8]], [8, 8, 8], [None], [8, 8, 8]]
Fold 10/10 - Accuracy: 90.45%
====================================================================================================
Results for 10-fold cross-validation:
winning bit widths: [[[[None, 16, 8], [None], [None, 16, 8], [None]], [16, 16]], [[[None, 16, 8], [None], [None, 16, 8], [None]], [None, 8]], [[[None, 16, 8], [None], [None, 16, 8], [None]], [None, 8]], [[[None, 16, 8], [None], [None, 16, 8], [None]], [None, 8]], [[[None, 16, 8], [None], [None, 16, 8], [None]], [None, 8]], [8, 8, 8], [None], [8, 8, 8]]
winning bit widths std: [[[[0, 0.0, 0.0], [0], [0, 0.0, 0.0], [0]], [2.53, 2.53]], [[[0, 3.864, 0.0], [0], [0, 3.373, 0.0], [0]], [0, 2.53]], [[[0, 2.53, 0.0], [0], [0, 3.864, 0.0], [0]], [0, 0.0]], [[[0, 3.373, 0.0], [0], [0, 4.216, 0.0], [0]], [0, 0.0]], [[[0, 0.0, 0.0], [0], [0, 0.0, 0.0], [0]], [0, 0.0]], [0.0, 0.0, 0.0], [0], [0.0, 0.0, 0.0]]
average bit width: 10.57 ± 0.34
Accuracies: 88.84% ± 1.67%
Bit Operations: 24829774336.00 ± 3776380945.80
