dataset_name: REDDIT-BINARY
num_folds: 10
epochs: 200
hidden_channels: 64
num_layers: 5
batch_size: 128
lr: 0.01
weight_decay: 0.0002
step_size: 25
gamma: 0.5
device: cuda
log_dir: logs
num_bits_list: [8, 16]
bit_width_lambda: 0.0
====================================================================================================
Average Bit-Width 13.75
Winning bit widths: [[[[None, 16, 8], [None], [None, 16, 8], [None]], [16, 8]], [[[None, 16, 16], [None], [None, 16, 8], [None]], [None, 16]], [[[None, 16, 8], [None], [None, 16, 8], [None]], [None, 16]], [[[None, 16, 16], [None], [None, 16, 8], [None]], [None, 16]], [[[None, 16, 16], [None], [None, 16, 8], [None]], [None, 16]], [16, 16, 16], [None], [16, 8, 16]]
Fold 1/10 - Accuracy: 89.50%
Average Bit-Width 15.25
Winning bit widths: [[[[None, 16, 16], [None], [None, 16, 16], [None]], [16, 16]], [[[None, 16, 16], [None], [None, 16, 16], [None]], [None, 16]], [[[None, 16, 16], [None], [None, 16, 8], [None]], [None, 16]], [[[None, 16, 16], [None], [None, 16, 8], [None]], [None, 16]], [[[None, 16, 16], [None], [None, 16, 16], [None]], [None, 16]], [16, 16, 8], [None], [16, 16, 16]]
Fold 2/10 - Accuracy: 90.50%
Average Bit-Width 14.25
Winning bit widths: [[[[None, 16, 16], [None], [None, 16, 16], [None]], [16, 16]], [[[None, 16, 8], [None], [None, 16, 16], [None]], [None, 16]], [[[None, 16, 8], [None], [None, 16, 8], [None]], [None, 16]], [[[None, 16, 16], [None], [None, 16, 8], [None]], [None, 16]], [[[None, 16, 8], [None], [None, 16, 16], [None]], [None, 16]], [16, 8, 8], [None], [16, 16, 16]]
Fold 3/10 - Accuracy: 89.00%
Average Bit-Width 15.25
Winning bit widths: [[[[None, 16, 16], [None], [None, 16, 16], [None]], [16, 16]], [[[None, 16, 16], [None], [None, 16, 16], [None]], [None, 16]], [[[None, 16, 16], [None], [None, 16, 16], [None]], [None, 16]], [[[None, 16, 16], [None], [None, 16, 8], [None]], [None, 16]], [[[None, 16, 16], [None], [None, 16, 16], [None]], [None, 16]], [16, 8, 16], [None], [8, 16, 16]]
Fold 4/10 - Accuracy: 90.50%
Average Bit-Width 15.50
Winning bit widths: [[[[None, 16, 16], [None], [None, 16, 16], [None]], [16, 16]], [[[None, 16, 16], [None], [None, 16, 16], [None]], [None, 16]], [[[None, 16, 16], [None], [None, 16, 16], [None]], [None, 16]], [[[None, 16, 16], [None], [None, 16, 8], [None]], [None, 16]], [[[None, 16, 16], [None], [None, 16, 16], [None]], [None, 16]], [16, 16, 8], [None], [16, 16, 16]]
Fold 5/10 - Accuracy: 90.00%
Average Bit-Width 15.75
Winning bit widths: [[[[None, 16, 16], [None], [None, 16, 16], [None]], [16, 16]], [[[None, 16, 16], [None], [None, 16, 16], [None]], [None, 16]], [[[None, 16, 16], [None], [None, 16, 16], [None]], [None, 16]], [[[None, 16, 16], [None], [None, 16, 16], [None]], [None, 16]], [[[None, 16, 16], [None], [None, 16, 16], [None]], [None, 16]], [16, 16, 8], [None], [16, 16, 16]]
Fold 6/10 - Accuracy: 91.50%
Average Bit-Width 15.00
Winning bit widths: [[[[None, 16, 16], [None], [None, 16, 16], [None]], [16, 16]], [[[None, 16, 16], [None], [None, 16, 16], [None]], [None, 16]], [[[None, 16, 16], [None], [None, 16, 8], [None]], [None, 16]], [[[None, 16, 16], [None], [None, 16, 8], [None]], [None, 16]], [[[None, 16, 16], [None], [None, 16, 8], [None]], [None, 16]], [16, 16, 16], [None], [16, 16, 8]]
Fold 7/10 - Accuracy: 92.00%
Average Bit-Width 15.25
Winning bit widths: [[[[None, 16, 16], [None], [None, 16, 16], [None]], [16, 16]], [[[None, 16, 16], [None], [None, 16, 16], [None]], [None, 16]], [[[None, 16, 8], [None], [None, 16, 8], [None]], [None, 16]], [[[None, 16, 16], [None], [None, 16, 16], [None]], [None, 16]], [[[None, 16, 16], [None], [None, 16, 16], [None]], [None, 16]], [16, 16, 8], [None], [16, 16, 16]]
Fold 8/10 - Accuracy: 93.00%
Average Bit-Width 15.25
Winning bit widths: [[[[None, 16, 16], [None], [None, 16, 16], [None]], [16, 16]], [[[None, 16, 16], [None], [None, 16, 16], [None]], [None, 16]], [[[None, 16, 16], [None], [None, 16, 8], [None]], [None, 16]], [[[None, 16, 16], [None], [None, 16, 16], [None]], [None, 16]], [[[None, 16, 16], [None], [None, 16, 16], [None]], [None, 16]], [16, 16, 8], [None], [16, 16, 8]]
Fold 9/10 - Accuracy: 90.45%
Average Bit-Width 15.25
Winning bit widths: [[[[None, 16, 16], [None], [None, 16, 16], [None]], [16, 16]], [[[None, 16, 16], [None], [None, 16, 16], [None]], [None, 16]], [[[None, 16, 16], [None], [None, 16, 16], [None]], [None, 16]], [[[None, 16, 16], [None], [None, 16, 8], [None]], [None, 16]], [[[None, 16, 16], [None], [None, 16, 16], [None]], [None, 16]], [16, 16, 8], [None], [16, 8, 16]]
Fold 10/10 - Accuracy: 88.44%
====================================================================================================
Results for 10-fold cross-validation:
winning bit widths: [[[[None, 16, 16], [None], [None, 16, 16], [None]], [16, 16]], [[[None, 16, 16], [None], [None, 16, 16], [None]], [None, 16]], [[[None, 16, 16], [None], [None, 16, 8], [None]], [None, 16]], [[[None, 16, 16], [None], [None, 16, 8], [None]], [None, 16]], [[[None, 16, 16], [None], [None, 16, 16], [None]], [None, 16]], [16, 16, 8], [None], [16, 16, 16]]
winning bit widths std: [[[[0, 0.0, 2.53], [0], [0, 0.0, 2.53], [0]], [0.0, 2.53]], [[[0, 0.0, 2.53], [0], [0, 0.0, 2.53], [0]], [0, 0.0]], [[[0, 0.0, 3.864], [0], [0, 0.0, 4.131], [0]], [0, 0.0]], [[[0, 0.0, 0.0], [0], [0, 0.0, 3.864], [0]], [0, 0.0]], [[[0, 0.0, 2.53], [0], [0, 0.0, 3.373], [0]], [0, 0.0]], [0.0, 3.373, 3.864], [0], [2.53, 3.373, 3.373]]
average bit width: 15.05 ± 0.57
Accuracies: 90.49% ± 1.31%
Bit Operations: 33596452277.33 ± 3939985728.39
