dataset_name: REDDIT-BINARY
num_folds: 10
epochs: 200
hidden_channels: 64
num_layers: 5
batch_size: 128
lr: 0.01
weight_decay: 0.0002
step_size: 25
gamma: 0.5
device: cuda
log_dir: logs
num_bits_list: [8, 16]
bit_width_lambda: -1e-08
====================================================================================================
Average Bit-Width 14.75
Winning bit widths: [[[[None, 16, 16], [None], [None, 16, 16], [None]], [16, 16]], [[[None, 16, 16], [None], [None, 16, 16], [None]], [None, 16]], [[[None, 16, 16], [None], [None, 16, 8], [None]], [None, 16]], [[[None, 16, 16], [None], [None, 16, 8], [None]], [None, 16]], [[[None, 16, 16], [None], [None, 16, 16], [None]], [None, 16]], [16, 8, 16], [None], [8, 8, 16]]
Fold 1/10 - Accuracy: 92.00%
Average Bit-Width 15.00
Winning bit widths: [[[[None, 16, 16], [None], [None, 16, 16], [None]], [16, 16]], [[[None, 16, 16], [None], [None, 16, 16], [None]], [None, 16]], [[[None, 16, 8], [None], [None, 16, 8], [None]], [None, 16]], [[[None, 16, 16], [None], [None, 16, 8], [None]], [None, 16]], [[[None, 16, 16], [None], [None, 16, 16], [None]], [None, 16]], [16, 16, 8], [None], [16, 16, 16]]
Fold 2/10 - Accuracy: 92.00%
Average Bit-Width 15.00
Winning bit widths: [[[[None, 16, 16], [None], [None, 16, 16], [None]], [16, 16]], [[[None, 16, 8], [None], [None, 16, 16], [None]], [None, 16]], [[[None, 16, 16], [None], [None, 16, 8], [None]], [None, 16]], [[[None, 16, 16], [None], [None, 16, 8], [None]], [None, 16]], [[[None, 16, 8], [None], [None, 16, 16], [None]], [None, 16]], [16, 16, 16], [None], [16, 16, 16]]
Fold 3/10 - Accuracy: 90.50%
Average Bit-Width 15.25
Winning bit widths: [[[[None, 16, 16], [None], [None, 16, 16], [None]], [16, 16]], [[[None, 16, 16], [None], [None, 16, 16], [None]], [None, 16]], [[[None, 16, 8], [None], [None, 16, 16], [None]], [None, 16]], [[[None, 16, 16], [None], [None, 16, 8], [None]], [None, 16]], [[[None, 16, 16], [None], [None, 16, 16], [None]], [None, 16]], [16, 16, 16], [None], [16, 16, 8]]
Fold 4/10 - Accuracy: 91.00%
Average Bit-Width 15.25
Winning bit widths: [[[[None, 16, 16], [None], [None, 16, 16], [None]], [16, 16]], [[[None, 16, 16], [None], [None, 16, 16], [None]], [None, 16]], [[[None, 16, 16], [None], [None, 16, 8], [None]], [None, 16]], [[[None, 16, 16], [None], [None, 16, 8], [None]], [None, 16]], [[[None, 16, 16], [None], [None, 16, 16], [None]], [None, 16]], [16, 16, 8], [None], [16, 16, 16]]
Fold 5/10 - Accuracy: 89.50%
Average Bit-Width 15.25
Winning bit widths: [[[[None, 16, 16], [None], [None, 16, 16], [None]], [16, 16]], [[[None, 16, 16], [None], [None, 16, 16], [None]], [None, 16]], [[[None, 16, 8], [None], [None, 16, 8], [None]], [None, 16]], [[[None, 16, 16], [None], [None, 16, 16], [None]], [None, 16]], [[[None, 16, 16], [None], [None, 16, 16], [None]], [None, 16]], [16, 16, 8], [None], [16, 16, 16]]
Fold 6/10 - Accuracy: 87.50%
Average Bit-Width 14.75
Winning bit widths: [[[[None, 16, 16], [None], [None, 16, 16], [None]], [16, 16]], [[[None, 16, 16], [None], [None, 16, 16], [None]], [None, 16]], [[[None, 16, 8], [None], [None, 16, 8], [None]], [None, 16]], [[[None, 16, 16], [None], [None, 16, 8], [None]], [None, 16]], [[[None, 16, 16], [None], [None, 16, 8], [None]], [None, 16]], [16, 16, 16], [None], [16, 16, 8]]
Fold 7/10 - Accuracy: 89.50%
Average Bit-Width 14.75
Winning bit widths: [[[[None, 16, 16], [None], [None, 16, 16], [None]], [16, 16]], [[[None, 16, 16], [None], [None, 16, 16], [None]], [None, 16]], [[[None, 16, 8], [None], [None, 16, 16], [None]], [None, 16]], [[[None, 16, 8], [None], [None, 16, 8], [None]], [None, 16]], [[[None, 16, 16], [None], [None, 16, 16], [None]], [None, 16]], [16, 16, 8], [None], [16, 8, 16]]
Fold 8/10 - Accuracy: 92.50%
Average Bit-Width 15.00
Winning bit widths: [[[[None, 16, 16], [None], [None, 16, 16], [None]], [16, 16]], [[[None, 16, 16], [None], [None, 16, 16], [None]], [None, 16]], [[[None, 16, 16], [None], [None, 16, 8], [None]], [None, 16]], [[[None, 16, 16], [None], [None, 16, 8], [None]], [None, 16]], [[[None, 16, 16], [None], [None, 16, 16], [None]], [None, 16]], [16, 16, 8], [None], [16, 16, 8]]
Fold 9/10 - Accuracy: 90.95%
Average Bit-Width 14.75
Winning bit widths: [[[[None, 16, 16], [None], [None, 16, 16], [None]], [16, 16]], [[[None, 16, 16], [None], [None, 16, 16], [None]], [None, 16]], [[[None, 16, 16], [None], [None, 16, 8], [None]], [None, 16]], [[[None, 16, 16], [None], [None, 16, 8], [None]], [None, 16]], [[[None, 16, 16], [None], [None, 16, 16], [None]], [None, 16]], [16, 8, 8], [None], [16, 16, 8]]
Fold 10/10 - Accuracy: 92.46%
====================================================================================================
Results for 10-fold cross-validation:
winning bit widths: [[[[None, 16, 16], [None], [None, 16, 16], [None]], [16, 16]], [[[None, 16, 16], [None], [None, 16, 16], [None]], [None, 16]], [[[None, 16, 16], [None], [None, 16, 8], [None]], [None, 16]], [[[None, 16, 16], [None], [None, 16, 8], [None]], [None, 16]], [[[None, 16, 16], [None], [None, 16, 16], [None]], [None, 16]], [16, 16, 8], [None], [16, 16, 16]]
winning bit widths std: [[[[0, 0.0, 0.0], [0], [0, 0.0, 0.0], [0]], [0.0, 0.0]], [[[0, 0.0, 2.53], [0], [0, 0.0, 0.0], [0]], [0, 0.0]], [[[0, 0.0, 4.216], [0], [0, 0.0, 3.373], [0]], [0, 0.0]], [[[0, 0.0, 2.53], [0], [0, 0.0, 2.53], [0]], [0, 0.0]], [[[0, 0.0, 2.53], [0], [0, 0.0, 2.53], [0]], [0, 0.0]], [0.0, 3.373, 4.131], [0], [2.53, 3.373, 4.131]]
average bit width: 14.97 ± 0.21
Accuracies: 90.79% ± 1.52%
Bit Operations: 33637990912.00 ± 4083257260.73
