runs: 10
epochs: 500
num_layers: 4
dim_embedding: 150
batch_size: 8
lr: 0.0005
device: cuda
log_dir: logs
====================================================================================================
Run 1/10
Split 1/5
Train Acc 100.00 Val Acc 100.00 Test Acc 100.00
Split 2/5
Train Acc 100.00 Val Acc 96.67 Test Acc 96.67
Split 3/5
Train Acc 100.00 Val Acc 100.00 Test Acc 100.00
Split 4/5
Train Acc 100.00 Val Acc 100.00 Test Acc 100.00
Split 5/5
Train Acc 100.00 Val Acc 100.00 Test Acc 100.00
Run 2/10
Split 1/5
Train Acc 100.00 Val Acc 100.00 Test Acc 100.00
Split 2/5
Train Acc 100.00 Val Acc 100.00 Test Acc 100.00
Split 3/5
Train Acc 100.00 Val Acc 100.00 Test Acc 100.00
Split 4/5
Train Acc 100.00 Val Acc 100.00 Test Acc 100.00
Split 5/5
Train Acc 100.00 Val Acc 100.00 Test Acc 100.00
Run 3/10
Split 1/5
Train Acc 100.00 Val Acc 100.00 Test Acc 100.00
Split 2/5
Train Acc 100.00 Val Acc 86.67 Test Acc 96.67
Split 3/5
Train Acc 100.00 Val Acc 100.00 Test Acc 100.00
Split 4/5
Train Acc 100.00 Val Acc 100.00 Test Acc 100.00
Split 5/5
Train Acc 100.00 Val Acc 100.00 Test Acc 100.00
Run 4/10
Split 1/5
Train Acc 100.00 Val Acc 100.00 Test Acc 100.00
Split 2/5
Train Acc 100.00 Val Acc 100.00 Test Acc 100.00
Split 3/5
Train Acc 100.00 Val Acc 100.00 Test Acc 100.00
Split 4/5
Train Acc 100.00 Val Acc 100.00 Test Acc 100.00
Split 5/5
Train Acc 100.00 Val Acc 100.00 Test Acc 100.00
Run 5/10
Split 1/5
Train Acc 100.00 Val Acc 100.00 Test Acc 100.00
Split 2/5
Train Acc 100.00 Val Acc 100.00 Test Acc 100.00
Split 3/5
Train Acc 100.00 Val Acc 100.00 Test Acc 100.00
Split 4/5
Train Acc 100.00 Val Acc 100.00 Test Acc 100.00
Split 5/5
Train Acc 100.00 Val Acc 100.00 Test Acc 96.67
Run 6/10
Split 1/5
Train Acc 100.00 Val Acc 100.00 Test Acc 100.00
Split 2/5
Train Acc 100.00 Val Acc 100.00 Test Acc 96.67
Split 3/5
Train Acc 100.00 Val Acc 100.00 Test Acc 100.00
Split 4/5
Train Acc 100.00 Val Acc 100.00 Test Acc 100.00
Split 5/5
Train Acc 100.00 Val Acc 100.00 Test Acc 100.00
Run 7/10
Split 1/5
Train Acc 100.00 Val Acc 100.00 Test Acc 100.00
Split 2/5
Train Acc 100.00 Val Acc 100.00 Test Acc 96.67
Split 3/5
Train Acc 100.00 Val Acc 100.00 Test Acc 100.00
Split 4/5
Train Acc 100.00 Val Acc 100.00 Test Acc 100.00
Split 5/5
Train Acc 100.00 Val Acc 100.00 Test Acc 100.00
Run 8/10
Split 1/5
Train Acc 100.00 Val Acc 100.00 Test Acc 100.00
Split 2/5
Train Acc 100.00 Val Acc 86.67 Test Acc 96.67
Split 3/5
Train Acc 100.00 Val Acc 100.00 Test Acc 100.00
Split 4/5
Train Acc 100.00 Val Acc 100.00 Test Acc 100.00
Split 5/5
Train Acc 100.00 Val Acc 100.00 Test Acc 100.00
Run 9/10
Split 1/5
Train Acc 100.00 Val Acc 100.00 Test Acc 100.00
Split 2/5
Train Acc 100.00 Val Acc 96.67 Test Acc 100.00
Split 3/5
Train Acc 100.00 Val Acc 100.00 Test Acc 100.00
Split 4/5
Train Acc 100.00 Val Acc 100.00 Test Acc 100.00
Split 5/5
Train Acc 100.00 Val Acc 100.00 Test Acc 100.00
Run 10/10
Split 1/5
Train Acc 100.00 Val Acc 100.00 Test Acc 100.00
Split 2/5
Train Acc 100.00 Val Acc 100.00 Test Acc 96.67
Split 3/5
Train Acc 100.00 Val Acc 100.00 Test Acc 96.67
Split 4/5
Train Acc 100.00 Val Acc 100.00 Test Acc 100.00
Split 5/5
Train Acc 100.00 Val Acc 96.67 Test Acc 96.67
+----------------------------------------------------------------------------------+
|                   CSL Results with 4 layers and FP32 bit width                   |
+------------------+-----------+-----------+-----------------+----------+----------+
| Train Mean ± Std | Train Min | Train Max | Test Mean ± Std | Test Min | Test Max |
+------------------+-----------+-----------+-----------------+----------+----------+
|  100.00 ± 0.00   |   100.00  |   100.00  |   99.40 ± 1.28  |  96.67   |  100.00  |
+------------------+-----------+-----------+-----------------+----------+----------+
