num_runs: 3
dataset_name: ogbn-arxiv
epochs: 300
hidden_channels: 256
number_of_layers: 3
lr: 0.01
lr_quant: 0.0001
weight_decay: 0.0002
device: cuda
log_dir: experimental_logs
bit_width_lambda: 1.0
bit_width_search_space: [4, 8]
====================================================================================================
Best bit configuration: [[[4, 8, 4, 4, None, 4], [None]], [[None, 8, 4, 4, None, 4], [None]], [[None, 8, 4, 4, None, 4], []]]
Bit operations (BOPs): 116813326037.33
Average bit width: 4.92
Full precision accuracy: 71.68%
Average bit width: 4.92
Quantized accuracy: 61.32%
====================================================================================================
Best bit configuration: [[[4, 8, 4, 4, None, 4], [None]], [[None, 8, 4, 4, None, 4], [None]], [[None, 8, 4, 4, None, 4], []]]
Bit operations (BOPs): 116813326037.33
Average bit width: 4.92
Full precision accuracy: 71.63%
Average bit width: 4.92
Quantized accuracy: 63.49%
====================================================================================================
Best bit configuration: [[[4, 8, 4, 4, None, 4], [None]], [[None, 8, 4, 4, None, 4], [None]], [[None, 8, 4, 4, None, 4], []]]
Bit operations (BOPs): 116813326037.33
Average bit width: 4.92
Full precision accuracy: 71.82%
Average bit width: 4.92
Quantized accuracy: 61.56%
====================================================================================================
Full precision BOPs: 695645490912.00
Full precision accuracy: 71.71 ± 0.08
Average wining bit configuration: [[[4, 8, 4, 4, None, 4], [None]], [[None, 8, 4, 4, None, 4], [None]], [[None, 8, 4, 4, None, 4], []]]
Standard deviation of wining bit configuration: [[[0.0, 0.0, 0.0, 0.0, 0, 0.0], [0]], [[0, 0.0, 0.0, 0.0, 0, 0.0], [0]], [[0, 0.0, 0.0, 0.0, 0, 0.0], []]]
Bit width: 4.92 ± 0.00
Quantized BOPs: 116813326037.33 ± 0.00
Quantized accuracy: 62.12 ± 0.97
