dataset_name: DD
num_folds: 10
epochs: 200
hidden_channels: 64
num_layers: 5
batch_size: 128
lr: 0.01
weight_decay: 0
step_size: 25
gamma: 0.5
device: cuda
plot_statistics: False
log_dir: logs
====================================================================================================
Fold 1/10 - Accuracy: 71.19%
____________________________________________________________________________________________________
Fold 2/10 - Accuracy: 71.19%
____________________________________________________________________________________________________
Fold 3/10 - Accuracy: 81.36%
____________________________________________________________________________________________________
Fold 4/10 - Accuracy: 71.19%
____________________________________________________________________________________________________
Fold 5/10 - Accuracy: 77.12%
____________________________________________________________________________________________________
Fold 6/10 - Accuracy: 76.27%
____________________________________________________________________________________________________
Fold 7/10 - Accuracy: 71.19%
____________________________________________________________________________________________________
Fold 8/10 - Accuracy: 72.03%
____________________________________________________________________________________________________
Fold 9/10 - Accuracy: 72.65%
____________________________________________________________________________________________________
Fold 10/10 - Accuracy: 74.36%
____________________________________________________________________________________________________
Results for 10-fold cross-validation:
Accuracies: 73.85% ± 3.26%
Bit operations: 55414061587.20 ± 3569755377.17
====================================================================================================
